[INFO] main.py:40 > Namespace(batchsize=16, batchwise_prompt=False, checkpoint_every_steps=5000, data_dir=None, dataset='cifar100', dist_backend='nccl', dist_url='tcp://127.0.0.1:7009', distributed=True, e_prompt_layer_idx=[0], embedding_key='cls', eval_every_steps=-1, eval_last_only=False, eval_pad_last_batch=False, eval_period=100, eval_task_inc=False, freeze_bn_stats=False, freeze_part=['encoder', 'embedding', 'cls'], gaussian_mode='', gaussian_schedule=False, gpu_transform=True, grad_clip_max_norm=1.0, imp_update_period=1, init_checkpoint=<ml_collections.config_dict.config_dict.FieldReference object at 0x7f35adba5a50>, initializer='uniform', input_size=224, learning_rate_schedule='constant', length=10, log_loss_every_steps=3, log_path='results', lr=0.01, m=10, mask_first_epoch=False, memory_epoch=256, memory_size=2000, mode='l2p', model_config=None, model_name='resnet34', multiprocessing_distributed=False, n=50, n_worker=2, norm_01=True, norm_pre_logits=False, note='l2p', num_classes_per_task=10, num_epochs=5, num_eval_steps=-1, num_tasks=5, num_train_steps_per_task=-1, offline_eval=False, online_iter=3.0, optim='adam', per_device_batch_size=16, pool_size=10, predefined_key_path='', prompt_histogram=True, prompt_key=True, prompt_key_init='uniform', prompt_mask_mode=None, prompt_pool=True, pull_constraint=True, pull_constraint_coeff=1.0, recreate_eval=False, reinit_optimizer=True, resize_size=256, reverse_task=False, save_last_ckpt_only=True, save_prompts=False, sched_name='default', seed=1, sgd_momentum=0.9, shared_prompt_key=False, shared_prompt_pool=True, shuffle_buffer_size=10000, stream_batchsize=32, stream_eval_period=10000, subsample_rate=-1, task_specific_cls_token=False, temp_batchsize=None, temperature=1, top_k=4, topk=1, total_class=100, train_mask=True, transforms=['cutmix', 'autoaug'], trial=0, use_amp=False, use_cls_token=True, use_e_prompt=True, use_g_prompt=False, use_prefix_tune_for_e_prompt=False, use_prompt_mask=False, vit_classifier='prompt', warmup_epochs=0, weight_decay=0, weight_norm=False, world_size=4)
[INFO] main.py:49 > Set the device (cuda)
[INFO] main.py:101 > Using train-transforms Compose(
    RandomCrop(size=(224, 224), padding=4)
    RandomHorizontalFlip(p=0.5)
    AutoAugment(policy=AutoAugmentPolicy.CIFAR10, fill=None)
    ConvertImageDtype()
    Normalize(mean=(0.5071, 0.4867, 0.4408), std=(0.2675, 0.2565, 0.2761))
)
[INFO] main.py:111 > [1] Select a CIL method (l2p)
[INFO] main.py:117 > [2] Incrementally training 5 tasks
[INFO] main.py:130 > [2-1] Prepare a datalist for the current task
[INFO] l2p.py:374 > Train | Sample # 16 | train_loss 2.2879 | train_acc 0.1250 | lr 0.009999 | running_time 0:00:11 | ETA 10:22:20
[INFO] l2p.py:374 > Train | Sample # 32 | train_loss 9.4035 | train_acc 0.0625 | lr 0.009999 | running_time 0:00:12 | ETA 5:37:43
[INFO] l2p.py:374 > Train | Sample # 48 | train_loss 6.3118 | train_acc 0.0000 | lr 0.009999 | running_time 0:00:14 | ETA 4:05:24
[INFO] l2p.py:374 > Train | Sample # 64 | train_loss 5.1069 | train_acc 0.0625 | lr 0.009999 | running_time 0:00:15 | ETA 3:21:29
[INFO] l2p.py:374 > Train | Sample # 80 | train_loss 6.0595 | train_acc 0.0625 | lr 0.009999 | running_time 0:00:16 | ETA 2:55:05
[INFO] l2p.py:374 > Train | Sample # 96 | train_loss 8.2197 | train_acc 0.0000 | lr 0.009999 | running_time 0:00:18 | ETA 2:37:29
[INFO] l2p.py:374 > Train | Sample # 112 | train_loss 8.3818 | train_acc 0.0000 | lr 0.009999 | running_time 0:00:19 | ETA 2:24:57
[INFO] l2p.py:374 > Train | Sample # 128 | train_loss 10.4206 | train_acc 0.0000 | lr 0.009998 | running_time 0:00:20 | ETA 2:15:31
[INFO] l2p.py:374 > Train | Sample # 144 | train_loss 8.4857 | train_acc 0.0625 | lr 0.009999 | running_time 0:00:22 | ETA 2:08:15
[INFO] l2p.py:374 > Train | Sample # 160 | train_loss 10.1652 | train_acc 0.0625 | lr 0.009998 | running_time 0:00:23 | ETA 2:02:20
[INFO] l2p.py:374 > Train | Sample # 176 | train_loss 8.2315 | train_acc 0.0000 | lr 0.009997 | running_time 0:00:24 | ETA 1:57:29
[INFO] l2p.py:374 > Train | Sample # 192 | train_loss 5.8789 | train_acc 0.0000 | lr 0.009999 | running_time 0:00:26 | ETA 1:53:29
[INFO] l2p.py:374 > Train | Sample # 208 | train_loss 8.7246 | train_acc 0.0000 | lr 0.009998 | running_time 0:00:27 | ETA 1:50:03
[INFO] l2p.py:374 > Train | Sample # 224 | train_loss 7.5123 | train_acc 0.0000 | lr 0.009997 | running_time 0:00:28 | ETA 1:47:10
[INFO] l2p.py:374 > Train | Sample # 240 | train_loss 6.3617 | train_acc 0.1250 | lr 0.009999 | running_time 0:00:30 | ETA 1:44:41
[INFO] l2p.py:374 > Train | Sample # 256 | train_loss 7.8743 | train_acc 0.1875 | lr 0.009998 | running_time 0:00:31 | ETA 1:42:25
[INFO] l2p.py:374 > Train | Sample # 272 | train_loss 6.9908 | train_acc 0.0000 | lr 0.009997 | running_time 0:00:32 | ETA 1:40:32
[INFO] l2p.py:374 > Train | Sample # 288 | train_loss 8.9555 | train_acc 0.0625 | lr 0.009996 | running_time 0:00:34 | ETA 1:38:46
[INFO] l2p.py:374 > Train | Sample # 304 | train_loss 6.1181 | train_acc 0.1250 | lr 0.009995 | running_time 0:00:35 | ETA 1:37:11
[INFO] l2p.py:374 > Train | Sample # 320 | train_loss 5.2890 | train_acc 0.0625 | lr 0.009999 | running_time 0:00:37 | ETA 1:35:48
[INFO] l2p.py:374 > Train | Sample # 336 | train_loss 5.3402 | train_acc 0.1250 | lr 0.009998 | running_time 0:00:38 | ETA 1:34:33
[INFO] l2p.py:374 > Train | Sample # 352 | train_loss 5.1003 | train_acc 0.0000 | lr 0.009999 | running_time 0:00:39 | ETA 1:33:22
[INFO] l2p.py:374 > Train | Sample # 368 | train_loss 6.8152 | train_acc 0.0000 | lr 0.009999 | running_time 0:00:41 | ETA 1:32:19
[INFO] l2p.py:374 > Train | Sample # 384 | train_loss 5.2202 | train_acc 0.0000 | lr 0.009998 | running_time 0:00:42 | ETA 1:31:27
[INFO] l2p.py:374 > Train | Sample # 400 | train_loss 5.3205 | train_acc 0.0000 | lr 0.009997 | running_time 0:00:43 | ETA 1:30:34
[INFO] l2p.py:374 > Train | Sample # 416 | train_loss 3.6423 | train_acc 0.0625 | lr 0.009996 | running_time 0:00:45 | ETA 1:29:46
[INFO] l2p.py:374 > Train | Sample # 432 | train_loss 5.8725 | train_acc 0.0625 | lr 0.009995 | running_time 0:00:46 | ETA 1:28:23
[INFO] l2p.py:374 > Train | Sample # 448 | train_loss 5.7125 | train_acc 0.0625 | lr 0.009994 | running_time 0:00:47 | ETA 1:28:17
[INFO] l2p.py:374 > Train | Sample # 464 | train_loss 5.1863 | train_acc 0.0000 | lr 0.009993 | running_time 0:00:49 | ETA 1:27:35
[INFO] l2p.py:374 > Train | Sample # 480 | train_loss 3.6354 | train_acc 0.0000 | lr 0.009992 | running_time 0:00:50 | ETA 1:26:57
[INFO] l2p.py:374 > Train | Sample # 496 | train_loss 5.1524 | train_acc 0.0625 | lr 0.009999 | running_time 0:00:51 | ETA 1:26:22
[INFO] l2p.py:374 > Train | Sample # 512 | train_loss 4.6186 | train_acc 0.0000 | lr 0.009998 | running_time 0:00:53 | ETA 1:25:48
[INFO] l2p.py:374 > Train | Sample # 528 | train_loss 4.2369 | train_acc 0.0000 | lr 0.009997 | running_time 0:00:54 | ETA 1:25:17
[INFO] l2p.py:374 > Train | Sample # 544 | train_loss 4.0659 | train_acc 0.0625 | lr 0.009999 | running_time 0:00:55 | ETA 1:24:47
[INFO] l2p.py:374 > Train | Sample # 560 | train_loss 4.5747 | train_acc 0.1250 | lr 0.009999 | running_time 0:00:57 | ETA 1:24:19
[INFO] l2p.py:374 > Train | Sample # 576 | train_loss 4.2843 | train_acc 0.0625 | lr 0.009998 | running_time 0:00:58 | ETA 1:23:53
[INFO] l2p.py:374 > Train | Sample # 592 | train_loss 3.5918 | train_acc 0.0625 | lr 0.009997 | running_time 0:01:00 | ETA 1:23:27
[INFO] l2p.py:374 > Train | Sample # 608 | train_loss 3.6504 | train_acc 0.1250 | lr 0.009999 | running_time 0:01:01 | ETA 1:23:04
[INFO] l2p.py:374 > Train | Sample # 624 | train_loss 3.3883 | train_acc 0.0625 | lr 0.009998 | running_time 0:01:02 | ETA 1:22:41
[INFO] l2p.py:374 > Train | Sample # 640 | train_loss 4.1370 | train_acc 0.0625 | lr 0.009997 | running_time 0:01:04 | ETA 1:22:20
[INFO] l2p.py:374 > Train | Sample # 656 | train_loss 3.8444 | train_acc 0.1250 | lr 0.009996 | running_time 0:01:05 | ETA 1:21:59
[INFO] l2p.py:374 > Train | Sample # 672 | train_loss 3.6559 | train_acc 0.1250 | lr 0.009995 | running_time 0:01:06 | ETA 1:21:39
[INFO] l2p.py:374 > Train | Sample # 688 | train_loss 3.7026 | train_acc 0.1250 | lr 0.009994 | running_time 0:01:08 | ETA 1:21:20
[INFO] l2p.py:374 > Train | Sample # 704 | train_loss 4.2496 | train_acc 0.0000 | lr 0.009999 | running_time 0:01:09 | ETA 1:21:03
[INFO] l2p.py:374 > Train | Sample # 720 | train_loss 3.6121 | train_acc 0.0625 | lr 0.009998 | running_time 0:01:10 | ETA 1:20:44
[INFO] l2p.py:374 > Train | Sample # 736 | train_loss 3.1763 | train_acc 0.0625 | lr 0.009997 | running_time 0:01:12 | ETA 1:20:28
[INFO] l2p.py:374 > Train | Sample # 752 | train_loss 3.4996 | train_acc 0.0625 | lr 0.009996 | running_time 0:01:13 | ETA 1:20:13
[INFO] l2p.py:374 > Train | Sample # 768 | train_loss 4.2208 | train_acc 0.0000 | lr 0.009999 | running_time 0:01:14 | ETA 1:19:57
[INFO] l2p.py:374 > Train | Sample # 784 | train_loss 3.9918 | train_acc 0.0625 | lr 0.009998 | running_time 0:01:16 | ETA 1:19:42
[INFO] l2p.py:374 > Train | Sample # 800 | train_loss 3.7389 | train_acc 0.0000 | lr 0.009997 | running_time 0:01:17 | ETA 1:19:28
[INFO] l2p.py:374 > Train | Sample # 816 | train_loss 4.2460 | train_acc 0.0000 | lr 0.009996 | running_time 0:01:18 | ETA 1:19:14
[INFO] l2p.py:374 > Train | Sample # 832 | train_loss 4.0599 | train_acc 0.0000 | lr 0.009995 | running_time 0:01:19 | ETA 1:18:42
[INFO] l2p.py:374 > Train | Sample # 848 | train_loss 3.9955 | train_acc 0.0625 | lr 0.009994 | running_time 0:01:21 | ETA 1:18:48
[INFO] l2p.py:374 > Train | Sample # 864 | train_loss 3.4473 | train_acc 0.0625 | lr 0.009993 | running_time 0:01:22 | ETA 1:18:36
[INFO] l2p.py:374 > Train | Sample # 880 | train_loss 3.1302 | train_acc 0.0000 | lr 0.009992 | running_time 0:01:24 | ETA 1:18:24
[INFO] l2p.py:374 > Train | Sample # 896 | train_loss 3.1396 | train_acc 0.0000 | lr 0.009991 | running_time 0:01:25 | ETA 1:18:13
[INFO] l2p.py:374 > Train | Sample # 912 | train_loss 3.0867 | train_acc 0.0000 | lr 0.009990 | running_time 0:01:26 | ETA 1:17:44
[INFO] l2p.py:374 > Train | Sample # 928 | train_loss 4.7674 | train_acc 0.0000 | lr 0.009999 | running_time 0:01:28 | ETA 1:17:35
[INFO] l2p.py:374 > Train | Sample # 944 | train_loss 3.3935 | train_acc 0.1250 | lr 0.009998 | running_time 0:01:29 | ETA 1:17:41
[INFO] l2p.py:374 > Train | Sample # 960 | train_loss 3.8455 | train_acc 0.1250 | lr 0.009997 | running_time 0:01:31 | ETA 1:17:30
[INFO] l2p.py:374 > Train | Sample # 976 | train_loss 4.3230 | train_acc 0.0000 | lr 0.009996 | running_time 0:01:32 | ETA 1:17:21
[INFO] l2p.py:374 > Train | Sample # 992 | train_loss 4.2008 | train_acc 0.0000 | lr 0.009999 | running_time 0:01:33 | ETA 1:17:11
[INFO] l2p.py:374 > Train | Sample # 1008 | train_loss 4.1364 | train_acc 0.0625 | lr 0.009998 | running_time 0:01:35 | ETA 1:17:02
[INFO] l2p.py:374 > Train | Sample # 1024 | train_loss 3.5928 | train_acc 0.0000 | lr 0.009997 | running_time 0:01:36 | ETA 1:16:52
[INFO] l2p.py:374 > Train | Sample # 1040 | train_loss 3.3173 | train_acc 0.0000 | lr 0.009996 | running_time 0:01:37 | ETA 1:16:44
[INFO] l2p.py:374 > Train | Sample # 1056 | train_loss 3.3675 | train_acc 0.0000 | lr 0.009995 | running_time 0:01:38 | ETA 1:16:20
[INFO] l2p.py:374 > Train | Sample # 1072 | train_loss 3.4871 | train_acc 0.0000 | lr 0.009994 | running_time 0:01:40 | ETA 1:16:12
[INFO] l2p.py:374 > Train | Sample # 1088 | train_loss 4.0540 | train_acc 0.0000 | lr 0.009999 | running_time 0:01:41 | ETA 1:16:18
[INFO] l2p.py:374 > Train | Sample # 1104 | train_loss 3.3332 | train_acc 0.0000 | lr 0.009998 | running_time 0:01:43 | ETA 1:16:10
[INFO] l2p.py:374 > Train | Sample # 1120 | train_loss 3.9381 | train_acc 0.0625 | lr 0.009997 | running_time 0:01:44 | ETA 1:15:49
[INFO] l2p.py:374 > Train | Sample # 1136 | train_loss 3.7108 | train_acc 0.0625 | lr 0.009996 | running_time 0:01:45 | ETA 1:15:55
[INFO] l2p.py:374 > Train | Sample # 1152 | train_loss 3.4440 | train_acc 0.0625 | lr 0.009995 | running_time 0:01:47 | ETA 1:15:48
[INFO] l2p.py:374 > Train | Sample # 1168 | train_loss 3.8923 | train_acc 0.0625 | lr 0.009994 | running_time 0:01:48 | ETA 1:15:41
[INFO] l2p.py:374 > Train | Sample # 1184 | train_loss 3.1640 | train_acc 0.0000 | lr 0.009993 | running_time 0:01:49 | ETA 1:15:33
[INFO] l2p.py:374 > Train | Sample # 1200 | train_loss 3.3365 | train_acc 0.0000 | lr 0.009992 | running_time 0:01:51 | ETA 1:15:27
[INFO] l2p.py:374 > Train | Sample # 1216 | train_loss 3.1956 | train_acc 0.0625 | lr 0.009991 | running_time 0:01:52 | ETA 1:15:20
[INFO] l2p.py:374 > Train | Sample # 1232 | train_loss 3.3569 | train_acc 0.0625 | lr 0.009990 | running_time 0:01:54 | ETA 1:15:14
[INFO] l2p.py:374 > Train | Sample # 1248 | train_loss 3.5989 | train_acc 0.0000 | lr 0.009989 | running_time 0:01:55 | ETA 1:15:07
[INFO] l2p.py:374 > Train | Sample # 1264 | train_loss 3.8492 | train_acc 0.0625 | lr 0.009999 | running_time 0:01:56 | ETA 1:15:01
[INFO] l2p.py:374 > Train | Sample # 1280 | train_loss 3.2682 | train_acc 0.1250 | lr 0.009998 | running_time 0:01:58 | ETA 1:14:54
[INFO] l2p.py:374 > Train | Sample # 1296 | train_loss 3.8634 | train_acc 0.1250 | lr 0.009997 | running_time 0:01:59 | ETA 1:14:48
[INFO] l2p.py:374 > Train | Sample # 1312 | train_loss 4.2518 | train_acc 0.0625 | lr 0.009996 | running_time 0:02:00 | ETA 1:14:42
[INFO] l2p.py:374 > Train | Sample # 1328 | train_loss 3.4868 | train_acc 0.0625 | lr 0.009995 | running_time 0:02:02 | ETA 1:14:35
[INFO] l2p.py:374 > Train | Sample # 1344 | train_loss 3.9017 | train_acc 0.0000 | lr 0.009994 | running_time 0:02:03 | ETA 1:14:30
[INFO] l2p.py:374 > Train | Sample # 1360 | train_loss 3.1448 | train_acc 0.0625 | lr 0.009993 | running_time 0:02:04 | ETA 1:14:24
[INFO] l2p.py:374 > Train | Sample # 1376 | train_loss 3.7876 | train_acc 0.0625 | lr 0.009992 | running_time 0:02:06 | ETA 1:14:18
[INFO] l2p.py:374 > Train | Sample # 1392 | train_loss 3.3694 | train_acc 0.0625 | lr 0.009991 | running_time 0:02:07 | ETA 1:14:12
[INFO] l2p.py:374 > Train | Sample # 1408 | train_loss 3.6408 | train_acc 0.0000 | lr 0.009999 | running_time 0:02:08 | ETA 1:14:07
[INFO] l2p.py:374 > Train | Sample # 1424 | train_loss 4.0433 | train_acc 0.1250 | lr 0.009998 | running_time 0:02:10 | ETA 1:14:01
[INFO] l2p.py:374 > Train | Sample # 1440 | train_loss 3.6830 | train_acc 0.1250 | lr 0.009997 | running_time 0:02:11 | ETA 1:13:56
[INFO] l2p.py:374 > Train | Sample # 1456 | train_loss 3.3209 | train_acc 0.0000 | lr 0.009996 | running_time 0:02:12 | ETA 1:13:51
[INFO] l2p.py:374 > Train | Sample # 1472 | train_loss 3.6191 | train_acc 0.0625 | lr 0.009995 | running_time 0:02:14 | ETA 1:13:46
[INFO] l2p.py:374 > Train | Sample # 1488 | train_loss 3.6870 | train_acc 0.1250 | lr 0.009994 | running_time 0:02:15 | ETA 1:13:41
[INFO] l2p.py:374 > Train | Sample # 1504 | train_loss 3.5326 | train_acc 0.0625 | lr 0.009993 | running_time 0:02:16 | ETA 1:13:36
[INFO] l2p.py:374 > Train | Sample # 1520 | train_loss 3.4343 | train_acc 0.1250 | lr 0.009992 | running_time 0:02:18 | ETA 1:13:31
[INFO] l2p.py:374 > Train | Sample # 1536 | train_loss 3.4641 | train_acc 0.0625 | lr 0.009991 | running_time 0:02:19 | ETA 1:13:26
[INFO] l2p.py:374 > Train | Sample # 1552 | train_loss 3.4301 | train_acc 0.0625 | lr 0.009990 | running_time 0:02:21 | ETA 1:13:22
[INFO] l2p.py:374 > Train | Sample # 1568 | train_loss 3.8390 | train_acc 0.0625 | lr 0.009989 | running_time 0:02:22 | ETA 1:13:17
[INFO] l2p.py:374 > Train | Sample # 1584 | train_loss 4.1897 | train_acc 0.0000 | lr 0.009988 | running_time 0:02:23 | ETA 1:13:12
[INFO] l2p.py:374 > Train | Sample # 1600 | train_loss 9.0568 | train_acc 0.0000 | lr 0.009999 | running_time 0:02:25 | ETA 1:13:08
[INFO] l2p.py:374 > Train | Sample # 1616 | train_loss 3.3383 | train_acc 0.0625 | lr 0.009998 | running_time 0:02:26 | ETA 1:13:03
[INFO] l2p.py:374 > Train | Sample # 1632 | train_loss 3.0830 | train_acc 0.1250 | lr 0.009997 | running_time 0:02:27 | ETA 1:12:59
[INFO] l2p.py:374 > Train | Sample # 1648 | train_loss 3.2281 | train_acc 0.0000 | lr 0.009996 | running_time 0:02:29 | ETA 1:12:55
[INFO] l2p.py:374 > Train | Sample # 1664 | train_loss 3.2885 | train_acc 0.0000 | lr 0.009995 | running_time 0:02:30 | ETA 1:12:50
[INFO] l2p.py:374 > Train | Sample # 1680 | train_loss 3.2174 | train_acc 0.0625 | lr 0.009994 | running_time 0:02:31 | ETA 1:12:46
[INFO] l2p.py:374 > Train | Sample # 1696 | train_loss 3.4629 | train_acc 0.0625 | lr 0.009999 | running_time 0:02:33 | ETA 1:12:42
[INFO] l2p.py:374 > Train | Sample # 1712 | train_loss 3.6128 | train_acc 0.0625 | lr 0.009998 | running_time 0:02:34 | ETA 1:12:38
[INFO] l2p.py:374 > Train | Sample # 1728 | train_loss 3.2090 | train_acc 0.0000 | lr 0.009997 | running_time 0:02:35 | ETA 1:12:33
[INFO] l2p.py:374 > Train | Sample # 1744 | train_loss 3.8148 | train_acc 0.0625 | lr 0.009996 | running_time 0:02:37 | ETA 1:12:30
[INFO] l2p.py:374 > Train | Sample # 1760 | train_loss 3.3561 | train_acc 0.0625 | lr 0.009995 | running_time 0:02:38 | ETA 1:12:25
[INFO] l2p.py:374 > Train | Sample # 1776 | train_loss 3.1927 | train_acc 0.0625 | lr 0.009994 | running_time 0:02:39 | ETA 1:12:22
[INFO] l2p.py:374 > Train | Sample # 1792 | train_loss 3.5172 | train_acc 0.0000 | lr 0.009993 | running_time 0:02:41 | ETA 1:12:18
[INFO] l2p.py:374 > Train | Sample # 1808 | train_loss 3.4903 | train_acc 0.0625 | lr 0.009999 | running_time 0:02:42 | ETA 1:12:14
[INFO] l2p.py:374 > Train | Sample # 1824 | train_loss 3.5207 | train_acc 0.0000 | lr 0.009998 | running_time 0:02:43 | ETA 1:12:10
[INFO] l2p.py:374 > Train | Sample # 1840 | train_loss 3.5901 | train_acc 0.0000 | lr 0.009997 | running_time 0:02:45 | ETA 1:12:06
[INFO] l2p.py:374 > Train | Sample # 1856 | train_loss 3.6845 | train_acc 0.0000 | lr 0.009996 | running_time 0:02:46 | ETA 1:12:03
[INFO] l2p.py:374 > Train | Sample # 1872 | train_loss 3.8096 | train_acc 0.0000 | lr 0.009995 | running_time 0:02:48 | ETA 1:11:59
[INFO] l2p.py:374 > Train | Sample # 1888 | train_loss 3.2221 | train_acc 0.0000 | lr 0.009994 | running_time 0:02:49 | ETA 1:11:55
[INFO] l2p.py:374 > Train | Sample # 1904 | train_loss 3.1512 | train_acc 0.0000 | lr 0.009993 | running_time 0:02:50 | ETA 1:11:52
[INFO] l2p.py:374 > Train | Sample # 1920 | train_loss 3.0462 | train_acc 0.0000 | lr 0.009992 | running_time 0:02:52 | ETA 1:11:48
[INFO] l2p.py:374 > Train | Sample # 1936 | train_loss 2.9842 | train_acc 0.1250 | lr 0.009991 | running_time 0:02:53 | ETA 1:11:45
[INFO] l2p.py:374 > Train | Sample # 1952 | train_loss 3.6502 | train_acc 0.0000 | lr 0.009990 | running_time 0:02:54 | ETA 1:11:41
[INFO] l2p.py:374 > Train | Sample # 1968 | train_loss 3.3139 | train_acc 0.0625 | lr 0.009989 | running_time 0:02:56 | ETA 1:11:38
[INFO] l2p.py:374 > Train | Sample # 1984 | train_loss 2.9366 | train_acc 0.1250 | lr 0.009988 | running_time 0:02:57 | ETA 1:11:34
[INFO] l2p.py:374 > Train | Sample # 2000 | train_loss 3.6701 | train_acc 0.0000 | lr 0.009999 | running_time 0:02:58 | ETA 1:11:31
[INFO] l2p.py:374 > Train | Sample # 2016 | train_loss 3.6505 | train_acc 0.0625 | lr 0.009998 | running_time 0:03:00 | ETA 1:11:27
[INFO] l2p.py:374 > Train | Sample # 2032 | train_loss 3.5239 | train_acc 0.0000 | lr 0.009997 | running_time 0:03:01 | ETA 1:11:25
[INFO] l2p.py:374 > Train | Sample # 2048 | train_loss 3.0983 | train_acc 0.0625 | lr 0.009996 | running_time 0:03:02 | ETA 1:11:21
[INFO] l2p.py:374 > Train | Sample # 2064 | train_loss 3.2364 | train_acc 0.1250 | lr 0.009995 | running_time 0:03:04 | ETA 1:11:18
[INFO] l2p.py:374 > Train | Sample # 2080 | train_loss 3.0525 | train_acc 0.0000 | lr 0.009994 | running_time 0:03:05 | ETA 1:11:15
[INFO] l2p.py:374 > Train | Sample # 2096 | train_loss 3.6783 | train_acc 0.1250 | lr 0.009993 | running_time 0:03:06 | ETA 1:11:11
[INFO] l2p.py:374 > Train | Sample # 2112 | train_loss 3.1124 | train_acc 0.1875 | lr 0.009992 | running_time 0:03:08 | ETA 1:11:08
[INFO] l2p.py:374 > Train | Sample # 2128 | train_loss 3.3510 | train_acc 0.0625 | lr 0.009991 | running_time 0:03:09 | ETA 1:11:05
[INFO] l2p.py:374 > Train | Sample # 2144 | train_loss 3.2417 | train_acc 0.0625 | lr 0.009990 | running_time 0:03:10 | ETA 1:11:02
[INFO] l2p.py:374 > Train | Sample # 2160 | train_loss 3.1902 | train_acc 0.0000 | lr 0.009989 | running_time 0:03:12 | ETA 1:10:59
[INFO] l2p.py:374 > Train | Sample # 2176 | train_loss 3.5839 | train_acc 0.0000 | lr 0.009988 | running_time 0:03:13 | ETA 1:10:49
[INFO] l2p.py:374 > Train | Sample # 2192 | train_loss 3.1261 | train_acc 0.0000 | lr 0.009987 | running_time 0:03:15 | ETA 1:10:53
[INFO] l2p.py:374 > Train | Sample # 2208 | train_loss 3.4562 | train_acc 0.0000 | lr 0.009986 | running_time 0:03:16 | ETA 1:10:50
[INFO] l2p.py:374 > Train | Sample # 2224 | train_loss 3.7641 | train_acc 0.0000 | lr 0.009985 | running_time 0:03:17 | ETA 1:10:47
[INFO] l2p.py:374 > Train | Sample # 2240 | train_loss 3.1888 | train_acc 0.0625 | lr 0.009984 | running_time 0:03:19 | ETA 1:10:44
[INFO] l2p.py:374 > Train | Sample # 2256 | train_loss 3.3946 | train_acc 0.0000 | lr 0.009983 | running_time 0:03:20 | ETA 1:10:41
[INFO] l2p.py:374 > Train | Sample # 2272 | train_loss 3.2248 | train_acc 0.0000 | lr 0.009982 | running_time 0:03:21 | ETA 1:10:38
[INFO] l2p.py:374 > Train | Sample # 2288 | train_loss 3.0148 | train_acc 0.0625 | lr 0.009981 | running_time 0:03:23 | ETA 1:10:36
[INFO] l2p.py:374 > Train | Sample # 2304 | train_loss 3.2118 | train_acc 0.1250 | lr 0.009999 | running_time 0:03:24 | ETA 1:10:33
[INFO] l2p.py:374 > Train | Sample # 2320 | train_loss 3.0296 | train_acc 0.0000 | lr 0.009998 | running_time 0:03:25 | ETA 1:10:30
[INFO] l2p.py:374 > Train | Sample # 2336 | train_loss 3.3728 | train_acc 0.0000 | lr 0.009999 | running_time 0:03:27 | ETA 1:10:27
[INFO] l2p.py:374 > Train | Sample # 2352 | train_loss 3.2697 | train_acc 0.0625 | lr 0.009998 | running_time 0:03:28 | ETA 1:10:17
[INFO] l2p.py:374 > Train | Sample # 2368 | train_loss 3.5818 | train_acc 0.0000 | lr 0.009997 | running_time 0:03:29 | ETA 1:10:21
[INFO] l2p.py:374 > Train | Sample # 2384 | train_loss 3.1170 | train_acc 0.0625 | lr 0.009996 | running_time 0:03:31 | ETA 1:10:18
[INFO] l2p.py:374 > Train | Sample # 2400 | train_loss 3.3511 | train_acc 0.0000 | lr 0.009995 | running_time 0:03:32 | ETA 1:10:16
[INFO] l2p.py:374 > Train | Sample # 2416 | train_loss 3.2158 | train_acc 0.0000 | lr 0.009994 | running_time 0:03:33 | ETA 1:10:13
[INFO] l2p.py:374 > Train | Sample # 2432 | train_loss 2.9723 | train_acc 0.0625 | lr 0.009993 | running_time 0:03:35 | ETA 1:10:10
[INFO] l2p.py:374 > Train | Sample # 2448 | train_loss 3.0650 | train_acc 0.0000 | lr 0.009992 | running_time 0:03:36 | ETA 1:10:07
[INFO] l2p.py:374 > Train | Sample # 2464 | train_loss 3.5319 | train_acc 0.0625 | lr 0.009991 | running_time 0:03:37 | ETA 1:09:59
[INFO] l2p.py:374 > Train | Sample # 2480 | train_loss 2.9849 | train_acc 0.0625 | lr 0.009990 | running_time 0:03:39 | ETA 1:10:04
[INFO] l2p.py:374 > Train | Sample # 2496 | train_loss 3.3933 | train_acc 0.0625 | lr 0.009999 | running_time 0:03:40 | ETA 1:10:00
[INFO] l2p.py:374 > Train | Sample # 2512 | train_loss 3.3350 | train_acc 0.0625 | lr 0.009998 | running_time 0:03:42 | ETA 1:09:57
[INFO] l2p.py:374 > Train | Sample # 2528 | train_loss 3.1596 | train_acc 0.0000 | lr 0.009997 | running_time 0:03:43 | ETA 1:09:54
[INFO] l2p.py:374 > Train | Sample # 2544 | train_loss 3.1616 | train_acc 0.1250 | lr 0.009996 | running_time 0:03:44 | ETA 1:09:52
[INFO] l2p.py:374 > Train | Sample # 2560 | train_loss 3.7080 | train_acc 0.0625 | lr 0.009995 | running_time 0:03:46 | ETA 1:09:50
[INFO] l2p.py:374 > Train | Sample # 2576 | train_loss 3.1311 | train_acc 0.0625 | lr 0.009994 | running_time 0:03:47 | ETA 1:09:47
[INFO] l2p.py:374 > Train | Sample # 2592 | train_loss 3.0755 | train_acc 0.0625 | lr 0.009993 | running_time 0:03:48 | ETA 1:09:45
[INFO] l2p.py:374 > Train | Sample # 2608 | train_loss 3.3689 | train_acc 0.0000 | lr 0.009992 | running_time 0:03:50 | ETA 1:09:42
[INFO] l2p.py:374 > Train | Sample # 2624 | train_loss 4.0548 | train_acc 0.0625 | lr 0.009999 | running_time 0:03:51 | ETA 1:09:40
[INFO] l2p.py:374 > Train | Sample # 2640 | train_loss 3.2709 | train_acc 0.0625 | lr 0.009998 | running_time 0:03:52 | ETA 1:09:37
[INFO] l2p.py:374 > Train | Sample # 2656 | train_loss 3.5591 | train_acc 0.0000 | lr 0.009997 | running_time 0:03:54 | ETA 1:09:34
[INFO] l2p.py:374 > Train | Sample # 2672 | train_loss 3.0432 | train_acc 0.1250 | lr 0.009996 | running_time 0:03:55 | ETA 1:09:32
[INFO] l2p.py:374 > Train | Sample # 2688 | train_loss 3.2253 | train_acc 0.0625 | lr 0.009995 | running_time 0:03:56 | ETA 1:09:29
[INFO] l2p.py:374 > Train | Sample # 2704 | train_loss 3.5258 | train_acc 0.0625 | lr 0.009994 | running_time 0:03:58 | ETA 1:09:27
[INFO] l2p.py:374 > Train | Sample # 2720 | train_loss 3.2836 | train_acc 0.0000 | lr 0.009993 | running_time 0:03:59 | ETA 1:09:25
[INFO] l2p.py:374 > Train | Sample # 2736 | train_loss 3.2337 | train_acc 0.1250 | lr 0.009992 | running_time 0:04:00 | ETA 1:09:22
[INFO] l2p.py:374 > Train | Sample # 2752 | train_loss 3.4049 | train_acc 0.0625 | lr 0.009991 | running_time 0:04:02 | ETA 1:09:20
[INFO] l2p.py:374 > Train | Sample # 2768 | train_loss 3.8044 | train_acc 0.0000 | lr 0.009990 | running_time 0:04:03 | ETA 1:09:17
[INFO] l2p.py:374 > Train | Sample # 2784 | train_loss 3.2430 | train_acc 0.0625 | lr 0.009989 | running_time 0:04:04 | ETA 1:09:15
[INFO] l2p.py:374 > Train | Sample # 2800 | train_loss 3.4497 | train_acc 0.0000 | lr 0.009988 | running_time 0:04:06 | ETA 1:09:12
[INFO] l2p.py:374 > Train | Sample # 2816 | train_loss 3.1778 | train_acc 0.0625 | lr 0.009999 | running_time 0:04:07 | ETA 1:09:10
[INFO] l2p.py:374 > Train | Sample # 2832 | train_loss 3.3770 | train_acc 0.0625 | lr 0.009998 | running_time 0:04:09 | ETA 1:09:08
[INFO] l2p.py:374 > Train | Sample # 2848 | train_loss 3.3913 | train_acc 0.0625 | lr 0.009997 | running_time 0:04:10 | ETA 1:09:05
[INFO] l2p.py:374 > Train | Sample # 2864 | train_loss 3.2620 | train_acc 0.0625 | lr 0.009996 | running_time 0:04:11 | ETA 1:09:03
[INFO] l2p.py:374 > Train | Sample # 2880 | train_loss 3.2206 | train_acc 0.0000 | lr 0.009995 | running_time 0:04:13 | ETA 1:09:01
[INFO] l2p.py:374 > Train | Sample # 2896 | train_loss 3.0535 | train_acc 0.1250 | lr 0.009994 | running_time 0:04:14 | ETA 1:08:59
[INFO] l2p.py:374 > Train | Sample # 2912 | train_loss 3.3895 | train_acc 0.0625 | lr 0.009993 | running_time 0:04:15 | ETA 1:08:57
[INFO] l2p.py:374 > Train | Sample # 2928 | train_loss 3.6833 | train_acc 0.0000 | lr 0.009992 | running_time 0:04:17 | ETA 1:08:54
[INFO] l2p.py:374 > Train | Sample # 2944 | train_loss 3.1895 | train_acc 0.1250 | lr 0.009991 | running_time 0:04:18 | ETA 1:08:52
[INFO] l2p.py:374 > Train | Sample # 2960 | train_loss 3.0806 | train_acc 0.0000 | lr 0.009990 | running_time 0:04:19 | ETA 1:08:50
[INFO] l2p.py:374 > Train | Sample # 2976 | train_loss 3.6955 | train_acc 0.0625 | lr 0.009989 | running_time 0:04:21 | ETA 1:08:48
[INFO] l2p.py:374 > Train | Sample # 2992 | train_loss 3.1963 | train_acc 0.0625 | lr 0.009988 | running_time 0:04:22 | ETA 1:08:45
[INFO] l2p.py:374 > Train | Sample # 3008 | train_loss 3.4266 | train_acc 0.0625 | lr 0.009987 | running_time 0:04:23 | ETA 1:08:43
[INFO] l2p.py:374 > Train | Sample # 3024 | train_loss 3.1806 | train_acc 0.0000 | lr 0.009986 | running_time 0:04:25 | ETA 1:08:41
[INFO] l2p.py:374 > Train | Sample # 3040 | train_loss 3.0989 | train_acc 0.0625 | lr 0.009985 | running_time 0:04:26 | ETA 1:08:39
[INFO] l2p.py:374 > Train | Sample # 3056 | train_loss 3.2201 | train_acc 0.0625 | lr 0.009984 | running_time 0:04:28 | ETA 1:08:37
[INFO] l2p.py:374 > Train | Sample # 3072 | train_loss 3.2513 | train_acc 0.0000 | lr 0.009983 | running_time 0:04:29 | ETA 1:08:35
[INFO] l2p.py:374 > Train | Sample # 3088 | train_loss 3.6334 | train_acc 0.0000 | lr 0.009982 | running_time 0:04:30 | ETA 1:08:33
[INFO] l2p.py:374 > Train | Sample # 3104 | train_loss 3.1848 | train_acc 0.0000 | lr 0.009981 | running_time 0:04:32 | ETA 1:08:30
[INFO] l2p.py:374 > Train | Sample # 3120 | train_loss 3.4484 | train_acc 0.0625 | lr 0.009980 | running_time 0:04:33 | ETA 1:08:28
[INFO] l2p.py:374 > Train | Sample # 3136 | train_loss 3.2280 | train_acc 0.0625 | lr 0.009999 | running_time 0:04:34 | ETA 1:08:26
[INFO] l2p.py:374 > Train | Sample # 3152 | train_loss 3.1009 | train_acc 0.2500 | lr 0.009998 | running_time 0:04:36 | ETA 1:08:24
[INFO] l2p.py:374 > Train | Sample # 3168 | train_loss 3.1084 | train_acc 0.0000 | lr 0.009997 | running_time 0:04:37 | ETA 1:08:22
[INFO] l2p.py:374 > Train | Sample # 3184 | train_loss 3.4252 | train_acc 0.0000 | lr 0.009996 | running_time 0:04:38 | ETA 1:08:19
[INFO] l2p.py:374 > Train | Sample # 3200 | train_loss 3.3232 | train_acc 0.0625 | lr 0.009995 | running_time 0:04:40 | ETA 1:08:17
[INFO] l2p.py:374 > Train | Sample # 3216 | train_loss 3.0603 | train_acc 0.1250 | lr 0.009994 | running_time 0:04:41 | ETA 1:08:15
[INFO] l2p.py:374 > Train | Sample # 3232 | train_loss 3.4802 | train_acc 0.0000 | lr 0.009993 | running_time 0:04:42 | ETA 1:08:13
[INFO] l2p.py:374 > Train | Sample # 3248 | train_loss 3.5387 | train_acc 0.0625 | lr 0.009992 | running_time 0:04:44 | ETA 1:08:11
[INFO] l2p.py:374 > Train | Sample # 3264 | train_loss 3.0650 | train_acc 0.0000 | lr 0.009991 | running_time 0:04:45 | ETA 1:08:09
[INFO] l2p.py:374 > Train | Sample # 3280 | train_loss 3.0088 | train_acc 0.0625 | lr 0.009990 | running_time 0:04:46 | ETA 1:08:07
[INFO] l2p.py:374 > Train | Sample # 3296 | train_loss 3.6618 | train_acc 0.0000 | lr 0.009989 | running_time 0:04:48 | ETA 1:08:05
[INFO] l2p.py:374 > Train | Sample # 3312 | train_loss 3.4440 | train_acc 0.0000 | lr 0.009988 | running_time 0:04:49 | ETA 1:08:03
[INFO] l2p.py:374 > Train | Sample # 3328 | train_loss 3.8590 | train_acc 0.0000 | lr 0.009987 | running_time 0:04:51 | ETA 1:08:01
[INFO] l2p.py:374 > Train | Sample # 3344 | train_loss 3.8747 | train_acc 0.0000 | lr 0.009986 | running_time 0:04:52 | ETA 1:07:59
[INFO] l2p.py:374 > Train | Sample # 3360 | train_loss 3.4076 | train_acc 0.0000 | lr 0.009985 | running_time 0:04:53 | ETA 1:07:57
[INFO] l2p.py:374 > Train | Sample # 3376 | train_loss 3.2469 | train_acc 0.0625 | lr 0.009984 | running_time 0:04:55 | ETA 1:07:55
[INFO] l2p.py:374 > Train | Sample # 3392 | train_loss 3.2136 | train_acc 0.0625 | lr 0.009983 | running_time 0:04:56 | ETA 1:07:53
[INFO] l2p.py:374 > Train | Sample # 3408 | train_loss 3.6480 | train_acc 0.0625 | lr 0.009982 | running_time 0:04:57 | ETA 1:07:51
[INFO] l2p.py:374 > Train | Sample # 3424 | train_loss 3.2871 | train_acc 0.0625 | lr 0.009981 | running_time 0:04:59 | ETA 1:07:49
[INFO] l2p.py:374 > Train | Sample # 3440 | train_loss 3.3957 | train_acc 0.0000 | lr 0.009980 | running_time 0:05:00 | ETA 1:07:47
[INFO] l2p.py:374 > Train | Sample # 3456 | train_loss 3.1937 | train_acc 0.0625 | lr 0.009979 | running_time 0:05:01 | ETA 1:07:45
[INFO] l2p.py:374 > Train | Sample # 3472 | train_loss 3.0517 | train_acc 0.0625 | lr 0.009978 | running_time 0:05:03 | ETA 1:07:43
[INFO] l2p.py:374 > Train | Sample # 3488 | train_loss 3.3029 | train_acc 0.0625 | lr 0.009977 | running_time 0:05:04 | ETA 1:07:41
[INFO] l2p.py:374 > Train | Sample # 3504 | train_loss 3.0019 | train_acc 0.0000 | lr 0.009976 | running_time 0:05:05 | ETA 1:07:39
[INFO] l2p.py:374 > Train | Sample # 3520 | train_loss 3.0521 | train_acc 0.0000 | lr 0.009975 | running_time 0:05:07 | ETA 1:07:37
[INFO] l2p.py:374 > Train | Sample # 3536 | train_loss 3.2954 | train_acc 0.0000 | lr 0.009974 | running_time 0:05:08 | ETA 1:07:35
[INFO] l2p.py:374 > Train | Sample # 3552 | train_loss 3.4600 | train_acc 0.0000 | lr 0.009973 | running_time 0:05:10 | ETA 1:07:33
[INFO] l2p.py:374 > Train | Sample # 3568 | train_loss 3.1858 | train_acc 0.0625 | lr 0.009972 | running_time 0:05:11 | ETA 1:07:31
[INFO] l2p.py:374 > Train | Sample # 3584 | train_loss 3.0785 | train_acc 0.0000 | lr 0.009971 | running_time 0:05:12 | ETA 1:07:29
[INFO] l2p.py:374 > Train | Sample # 3600 | train_loss 3.0134 | train_acc 0.0625 | lr 0.009970 | running_time 0:05:14 | ETA 1:07:27
[INFO] l2p.py:374 > Train | Sample # 3616 | train_loss 3.0096 | train_acc 0.0000 | lr 0.009969 | running_time 0:05:15 | ETA 1:07:25
[INFO] l2p.py:374 > Train | Sample # 3632 | train_loss 3.3740 | train_acc 0.0000 | lr 0.009968 | running_time 0:05:16 | ETA 1:07:19
[INFO] l2p.py:374 > Train | Sample # 3648 | train_loss 3.0875 | train_acc 0.0000 | lr 0.009967 | running_time 0:05:17 | ETA 1:07:17
[INFO] l2p.py:374 > Train | Sample # 3664 | train_loss 3.1650 | train_acc 0.0000 | lr 0.009966 | running_time 0:05:19 | ETA 1:07:19
[INFO] l2p.py:374 > Train | Sample # 3680 | train_loss 3.3367 | train_acc 0.0000 | lr 0.009965 | running_time 0:05:20 | ETA 1:07:18
[INFO] l2p.py:374 > Train | Sample # 3696 | train_loss 3.0833 | train_acc 0.0625 | lr 0.009964 | running_time 0:05:22 | ETA 1:07:16
[INFO] l2p.py:374 > Train | Sample # 3712 | train_loss 3.1122 | train_acc 0.0625 | lr 0.009963 | running_time 0:05:23 | ETA 1:07:14
[INFO] l2p.py:374 > Train | Sample # 3728 | train_loss 3.4900 | train_acc 0.0625 | lr 0.009962 | running_time 0:05:24 | ETA 1:07:08
[INFO] l2p.py:374 > Train | Sample # 3744 | train_loss 3.1687 | train_acc 0.0625 | lr 0.009961 | running_time 0:05:26 | ETA 1:07:10
[INFO] l2p.py:374 > Train | Sample # 3760 | train_loss 3.8305 | train_acc 0.0625 | lr 0.009960 | running_time 0:05:27 | ETA 1:07:08
[INFO] l2p.py:374 > Train | Sample # 3776 | train_loss 3.2100 | train_acc 0.0625 | lr 0.009959 | running_time 0:05:28 | ETA 1:07:06
[INFO] l2p.py:374 > Train | Sample # 3792 | train_loss 3.3625 | train_acc 0.0000 | lr 0.009958 | running_time 0:05:29 | ETA 1:07:00
[INFO] l2p.py:374 > Train | Sample # 3808 | train_loss 3.6751 | train_acc 0.0625 | lr 0.009957 | running_time 0:05:31 | ETA 1:06:59
[INFO] l2p.py:374 > Train | Sample # 3824 | train_loss 3.7277 | train_acc 0.0625 | lr 0.009956 | running_time 0:05:32 | ETA 1:07:00
[INFO] l2p.py:374 > Train | Sample # 3840 | train_loss 3.3990 | train_acc 0.0625 | lr 0.009955 | running_time 0:05:34 | ETA 1:06:58
[INFO] l2p.py:374 > Train | Sample # 3856 | train_loss 3.1346 | train_acc 0.1875 | lr 0.009954 | running_time 0:05:35 | ETA 1:06:57
[INFO] l2p.py:374 > Train | Sample # 3872 | train_loss 3.4280 | train_acc 0.0625 | lr 0.009999 | running_time 0:05:37 | ETA 1:06:55
[INFO] l2p.py:374 > Train | Sample # 3888 | train_loss 3.4078 | train_acc 0.0000 | lr 0.009998 | running_time 0:05:38 | ETA 1:06:53
[INFO] l2p.py:374 > Train | Sample # 3904 | train_loss 3.4929 | train_acc 0.1250 | lr 0.009997 | running_time 0:05:39 | ETA 1:06:51
[INFO] l2p.py:374 > Train | Sample # 3920 | train_loss 3.2986 | train_acc 0.0625 | lr 0.009996 | running_time 0:05:41 | ETA 1:06:49
[INFO] l2p.py:374 > Train | Sample # 3936 | train_loss 3.2745 | train_acc 0.0625 | lr 0.009995 | running_time 0:05:42 | ETA 1:06:44
[INFO] l2p.py:374 > Train | Sample # 3952 | train_loss 3.2279 | train_acc 0.0000 | lr 0.009999 | running_time 0:05:43 | ETA 1:06:46
[INFO] l2p.py:374 > Train | Sample # 3968 | train_loss 3.2210 | train_acc 0.0000 | lr 0.009998 | running_time 0:05:45 | ETA 1:06:44
[INFO] l2p.py:374 > Train | Sample # 3984 | train_loss 3.5233 | train_acc 0.0000 | lr 0.009997 | running_time 0:05:46 | ETA 1:06:42
[INFO] l2p.py:374 > Train | Sample # 4000 | train_loss 3.6777 | train_acc 0.0625 | lr 0.009996 | running_time 0:05:47 | ETA 1:06:40
[INFO] l2p.py:374 > Train | Sample # 4016 | train_loss 3.2258 | train_acc 0.0625 | lr 0.009995 | running_time 0:05:49 | ETA 1:06:38
[INFO] l2p.py:374 > Train | Sample # 4032 | train_loss 3.1903 | train_acc 0.0000 | lr 0.009994 | running_time 0:05:50 | ETA 1:06:36
[INFO] l2p.py:374 > Train | Sample # 4048 | train_loss 3.3683 | train_acc 0.0000 | lr 0.009993 | running_time 0:05:51 | ETA 1:06:35
[INFO] l2p.py:374 > Train | Sample # 4064 | train_loss 3.1967 | train_acc 0.0625 | lr 0.009992 | running_time 0:05:53 | ETA 1:06:33
[INFO] l2p.py:374 > Train | Sample # 4080 | train_loss 3.1505 | train_acc 0.0000 | lr 0.009991 | running_time 0:05:54 | ETA 1:06:31
[INFO] l2p.py:374 > Train | Sample # 4096 | train_loss 3.6126 | train_acc 0.0625 | lr 0.009990 | running_time 0:05:55 | ETA 1:06:29
[INFO] l2p.py:374 > Train | Sample # 4112 | train_loss 3.0832 | train_acc 0.0625 | lr 0.009989 | running_time 0:05:57 | ETA 1:06:27
[INFO] l2p.py:374 > Train | Sample # 4128 | train_loss 3.1638 | train_acc 0.0000 | lr 0.009988 | running_time 0:05:58 | ETA 1:06:26
[INFO] l2p.py:374 > Train | Sample # 4144 | train_loss 3.5116 | train_acc 0.0000 | lr 0.009987 | running_time 0:06:00 | ETA 1:06:24
[INFO] l2p.py:374 > Train | Sample # 4160 | train_loss 3.1291 | train_acc 0.0000 | lr 0.009986 | running_time 0:06:01 | ETA 1:06:22
[INFO] l2p.py:374 > Train | Sample # 4176 | train_loss 3.3755 | train_acc 0.0000 | lr 0.009985 | running_time 0:06:02 | ETA 1:06:20
[INFO] l2p.py:374 > Train | Sample # 4192 | train_loss 3.1474 | train_acc 0.0000 | lr 0.009984 | running_time 0:06:04 | ETA 1:06:18
[INFO] l2p.py:374 > Train | Sample # 4208 | train_loss 3.3434 | train_acc 0.0000 | lr 0.009983 | running_time 0:06:05 | ETA 1:06:16
[INFO] l2p.py:374 > Train | Sample # 4224 | train_loss 3.7579 | train_acc 0.0000 | lr 0.009982 | running_time 0:06:06 | ETA 1:06:15
[INFO] l2p.py:374 > Train | Sample # 4240 | train_loss 3.0556 | train_acc 0.0000 | lr 0.009981 | running_time 0:06:08 | ETA 1:06:13
[INFO] l2p.py:374 > Train | Sample # 4256 | train_loss 3.2815 | train_acc 0.1250 | lr 0.009980 | running_time 0:06:09 | ETA 1:06:08
[INFO] l2p.py:374 > Train | Sample # 4272 | train_loss 3.4056 | train_acc 0.0625 | lr 0.009979 | running_time 0:06:10 | ETA 1:06:09
[INFO] l2p.py:374 > Train | Sample # 4288 | train_loss 3.3007 | train_acc 0.0625 | lr 0.009978 | running_time 0:06:12 | ETA 1:06:08
[INFO] l2p.py:374 > Train | Sample # 4304 | train_loss 2.9833 | train_acc 0.0625 | lr 0.009977 | running_time 0:06:13 | ETA 1:06:06
[INFO] l2p.py:374 > Train | Sample # 4320 | train_loss 3.0168 | train_acc 0.0625 | lr 0.009976 | running_time 0:06:14 | ETA 1:06:04
[INFO] l2p.py:374 > Train | Sample # 4336 | train_loss 3.1205 | train_acc 0.1875 | lr 0.009975 | running_time 0:06:16 | ETA 1:06:02
[INFO] l2p.py:374 > Train | Sample # 4352 | train_loss 3.1143 | train_acc 0.0625 | lr 0.009974 | running_time 0:06:17 | ETA 1:06:00
[INFO] l2p.py:374 > Train | Sample # 4368 | train_loss 3.4493 | train_acc 0.0000 | lr 0.009973 | running_time 0:06:18 | ETA 1:05:59
[INFO] l2p.py:374 > Train | Sample # 4384 | train_loss 3.8157 | train_acc 0.0000 | lr 0.009972 | running_time 0:06:20 | ETA 1:05:57
[INFO] l2p.py:374 > Train | Sample # 4400 | train_loss 3.3077 | train_acc 0.0625 | lr 0.009971 | running_time 0:06:21 | ETA 1:05:55
[INFO] l2p.py:374 > Train | Sample # 4416 | train_loss 3.7672 | train_acc 0.0625 | lr 0.009970 | running_time 0:06:23 | ETA 1:05:54
[INFO] l2p.py:374 > Train | Sample # 4432 | train_loss 3.6938 | train_acc 0.0625 | lr 0.009969 | running_time 0:06:24 | ETA 1:05:52
[INFO] l2p.py:374 > Train | Sample # 4448 | train_loss 3.0977 | train_acc 0.0625 | lr 0.009999 | running_time 0:06:25 | ETA 1:05:50
[INFO] l2p.py:374 > Train | Sample # 4464 | train_loss 3.2544 | train_acc 0.1875 | lr 0.009998 | running_time 0:06:27 | ETA 1:05:48
[INFO] l2p.py:374 > Train | Sample # 4480 | train_loss 3.3199 | train_acc 0.0000 | lr 0.009997 | running_time 0:06:28 | ETA 1:05:47
[INFO] l2p.py:374 > Train | Sample # 4496 | train_loss 3.2474 | train_acc 0.1250 | lr 0.009996 | running_time 0:06:29 | ETA 1:05:45
[INFO] l2p.py:374 > Train | Sample # 4512 | train_loss 3.4653 | train_acc 0.0000 | lr 0.009995 | running_time 0:06:31 | ETA 1:05:43
[INFO] l2p.py:374 > Train | Sample # 4528 | train_loss 3.3269 | train_acc 0.0000 | lr 0.009994 | running_time 0:06:32 | ETA 1:05:41
[INFO] l2p.py:374 > Train | Sample # 4544 | train_loss 3.2994 | train_acc 0.1250 | lr 0.009993 | running_time 0:06:33 | ETA 1:05:40
[INFO] l2p.py:374 > Train | Sample # 4560 | train_loss 3.3767 | train_acc 0.0000 | lr 0.009992 | running_time 0:06:35 | ETA 1:05:38
[INFO] l2p.py:374 > Train | Sample # 4576 | train_loss 3.3890 | train_acc 0.1875 | lr 0.009991 | running_time 0:06:36 | ETA 1:05:36
[INFO] l2p.py:374 > Train | Sample # 4592 | train_loss 3.2873 | train_acc 0.0000 | lr 0.009990 | running_time 0:06:37 | ETA 1:05:34
[INFO] l2p.py:374 > Train | Sample # 4608 | train_loss 3.0694 | train_acc 0.0000 | lr 0.009989 | running_time 0:06:39 | ETA 1:05:33
[INFO] l2p.py:374 > Train | Sample # 4624 | train_loss 3.2355 | train_acc 0.0625 | lr 0.009988 | running_time 0:06:40 | ETA 1:05:31
[INFO] l2p.py:374 > Train | Sample # 4640 | train_loss 3.2151 | train_acc 0.0625 | lr 0.009987 | running_time 0:06:41 | ETA 1:05:29
[INFO] l2p.py:374 > Train | Sample # 4656 | train_loss 3.0600 | train_acc 0.0000 | lr 0.009986 | running_time 0:06:43 | ETA 1:05:27
[INFO] l2p.py:374 > Train | Sample # 4672 | train_loss 3.0992 | train_acc 0.0000 | lr 0.009985 | running_time 0:06:44 | ETA 1:05:26
[INFO] l2p.py:374 > Train | Sample # 4688 | train_loss 3.0886 | train_acc 0.0000 | lr 0.009984 | running_time 0:06:46 | ETA 1:05:24
[INFO] l2p.py:374 > Train | Sample # 4704 | train_loss 2.9907 | train_acc 0.0625 | lr 0.009983 | running_time 0:06:47 | ETA 1:05:22
[INFO] l2p.py:374 > Train | Sample # 4720 | train_loss 3.1266 | train_acc 0.0000 | lr 0.009982 | running_time 0:06:48 | ETA 1:05:20
[INFO] l2p.py:374 > Train | Sample # 4736 | train_loss 3.2454 | train_acc 0.0625 | lr 0.009981 | running_time 0:06:50 | ETA 1:05:19
[INFO] l2p.py:374 > Train | Sample # 4752 | train_loss 3.4237 | train_acc 0.0625 | lr 0.009980 | running_time 0:06:51 | ETA 1:05:17
[INFO] l2p.py:374 > Train | Sample # 4768 | train_loss 2.9544 | train_acc 0.0000 | lr 0.009979 | running_time 0:06:52 | ETA 1:05:15
[INFO] l2p.py:374 > Train | Sample # 4784 | train_loss 3.2285 | train_acc 0.0000 | lr 0.009978 | running_time 0:06:54 | ETA 1:05:13
[INFO] l2p.py:374 > Train | Sample # 4800 | train_loss 3.1070 | train_acc 0.0000 | lr 0.009977 | running_time 0:06:55 | ETA 1:05:12
[INFO] l2p.py:374 > Train | Sample # 4816 | train_loss 4.1586 | train_acc 0.0000 | lr 0.009976 | running_time 0:06:56 | ETA 1:05:07
[INFO] l2p.py:374 > Train | Sample # 4832 | train_loss 3.0282 | train_acc 0.0000 | lr 0.009975 | running_time 0:06:58 | ETA 1:05:08
[INFO] l2p.py:374 > Train | Sample # 4848 | train_loss 3.1015 | train_acc 0.0625 | lr 0.009974 | running_time 0:06:59 | ETA 1:05:07
[INFO] l2p.py:374 > Train | Sample # 4864 | train_loss 3.4917 | train_acc 0.1250 | lr 0.009973 | running_time 0:07:00 | ETA 1:05:05
[INFO] l2p.py:374 > Train | Sample # 4880 | train_loss 3.0927 | train_acc 0.1250 | lr 0.009972 | running_time 0:07:02 | ETA 1:05:03
[INFO] l2p.py:374 > Train | Sample # 4896 | train_loss 3.2956 | train_acc 0.1250 | lr 0.009971 | running_time 0:07:03 | ETA 1:05:02
[INFO] l2p.py:374 > Train | Sample # 4912 | train_loss 3.0161 | train_acc 0.1250 | lr 0.009970 | running_time 0:07:04 | ETA 1:05:00
[INFO] l2p.py:374 > Train | Sample # 4928 | train_loss 3.2756 | train_acc 0.1250 | lr 0.009969 | running_time 0:07:06 | ETA 1:04:58
[INFO] l2p.py:374 > Train | Sample # 4944 | train_loss 3.2566 | train_acc 0.0000 | lr 0.009968 | running_time 0:07:07 | ETA 1:04:57
[INFO] l2p.py:374 > Train | Sample # 4960 | train_loss 3.2560 | train_acc 0.0000 | lr 0.009967 | running_time 0:07:08 | ETA 1:04:55
[INFO] l2p.py:374 > Train | Sample # 4976 | train_loss 3.3334 | train_acc 0.0625 | lr 0.009966 | running_time 0:07:10 | ETA 1:04:53
[INFO] l2p.py:374 > Train | Sample # 4992 | train_loss 2.9944 | train_acc 0.0625 | lr 0.009965 | running_time 0:07:11 | ETA 1:04:51
[INFO] l2p.py:374 > Train | Sample # 5008 | train_loss 3.4106 | train_acc 0.0625 | lr 0.009964 | running_time 0:07:13 | ETA 1:04:50
[INFO] l2p.py:374 > Train | Sample # 5024 | train_loss 3.2790 | train_acc 0.0625 | lr 0.009963 | running_time 0:07:14 | ETA 1:04:48
[INFO] l2p.py:374 > Train | Sample # 5040 | train_loss 3.1909 | train_acc 0.0625 | lr 0.009962 | running_time 0:07:15 | ETA 1:04:46
[INFO] l2p.py:374 > Train | Sample # 5056 | train_loss 3.3374 | train_acc 0.0000 | lr 0.009961 | running_time 0:07:17 | ETA 1:04:45
[INFO] l2p.py:374 > Train | Sample # 5072 | train_loss 3.1003 | train_acc 0.0625 | lr 0.009960 | running_time 0:07:18 | ETA 1:04:43
[INFO] l2p.py:374 > Train | Sample # 5088 | train_loss 3.0045 | train_acc 0.0000 | lr 0.009959 | running_time 0:07:19 | ETA 1:04:41
[INFO] l2p.py:374 > Train | Sample # 5104 | train_loss 3.4663 | train_acc 0.0000 | lr 0.009958 | running_time 0:07:21 | ETA 1:04:40
[INFO] l2p.py:374 > Train | Sample # 5120 | train_loss 3.2940 | train_acc 0.1250 | lr 0.009957 | running_time 0:07:22 | ETA 1:04:38
[INFO] l2p.py:374 > Train | Sample # 5136 | train_loss 3.2776 | train_acc 0.0625 | lr 0.009956 | running_time 0:07:23 | ETA 1:04:36
[INFO] l2p.py:374 > Train | Sample # 5152 | train_loss 3.3138 | train_acc 0.0000 | lr 0.009955 | running_time 0:07:25 | ETA 1:04:35
[INFO] l2p.py:374 > Train | Sample # 5168 | train_loss 3.2819 | train_acc 0.0000 | lr 0.009954 | running_time 0:07:26 | ETA 1:04:33
[INFO] l2p.py:374 > Train | Sample # 5184 | train_loss 3.0924 | train_acc 0.0000 | lr 0.009953 | running_time 0:07:27 | ETA 1:04:32
[INFO] l2p.py:374 > Train | Sample # 5200 | train_loss 2.9802 | train_acc 0.0000 | lr 0.009952 | running_time 0:07:29 | ETA 1:04:30
[INFO] l2p.py:374 > Train | Sample # 5216 | train_loss 3.4028 | train_acc 0.0000 | lr 0.009951 | running_time 0:07:30 | ETA 1:04:28
[INFO] l2p.py:374 > Train | Sample # 5232 | train_loss 3.1300 | train_acc 0.0000 | lr 0.009950 | running_time 0:07:31 | ETA 1:04:26
[INFO] l2p.py:374 > Train | Sample # 5248 | train_loss 3.2850 | train_acc 0.1250 | lr 0.009949 | running_time 0:07:33 | ETA 1:04:25
[INFO] l2p.py:374 > Train | Sample # 5264 | train_loss 3.4737 | train_acc 0.0000 | lr 0.009948 | running_time 0:07:34 | ETA 1:04:23
[INFO] l2p.py:374 > Train | Sample # 5280 | train_loss 3.7036 | train_acc 0.0000 | lr 0.009947 | running_time 0:07:35 | ETA 1:04:19
[INFO] l2p.py:374 > Train | Sample # 5296 | train_loss 3.1142 | train_acc 0.0625 | lr 0.009946 | running_time 0:07:37 | ETA 1:04:20
[INFO] l2p.py:374 > Train | Sample # 5312 | train_loss 3.1447 | train_acc 0.0000 | lr 0.009945 | running_time 0:07:38 | ETA 1:04:18
[INFO] l2p.py:374 > Train | Sample # 5328 | train_loss 3.2145 | train_acc 0.0625 | lr 0.009944 | running_time 0:07:40 | ETA 1:04:16
[INFO] l2p.py:374 > Train | Sample # 5344 | train_loss 3.0414 | train_acc 0.0000 | lr 0.009943 | running_time 0:07:41 | ETA 1:04:15
[INFO] l2p.py:374 > Train | Sample # 5360 | train_loss 3.1130 | train_acc 0.0625 | lr 0.009942 | running_time 0:07:42 | ETA 1:04:13
[INFO] l2p.py:374 > Train | Sample # 5376 | train_loss 3.2790 | train_acc 0.1250 | lr 0.009941 | running_time 0:07:44 | ETA 1:04:11
[INFO] l2p.py:374 > Train | Sample # 5392 | train_loss 3.3389 | train_acc 0.0625 | lr 0.009940 | running_time 0:07:45 | ETA 1:04:10
[INFO] l2p.py:374 > Train | Sample # 5408 | train_loss 2.9475 | train_acc 0.0625 | lr 0.009939 | running_time 0:07:46 | ETA 1:04:08
[INFO] l2p.py:374 > Train | Sample # 5424 | train_loss 3.0927 | train_acc 0.0000 | lr 0.009938 | running_time 0:07:48 | ETA 1:04:06
[INFO] l2p.py:374 > Train | Sample # 5440 | train_loss 3.1985 | train_acc 0.0000 | lr 0.009937 | running_time 0:07:49 | ETA 1:04:05
[INFO] l2p.py:374 > Train | Sample # 5456 | train_loss 3.2082 | train_acc 0.0000 | lr 0.009936 | running_time 0:07:50 | ETA 1:04:03
[INFO] l2p.py:374 > Train | Sample # 5472 | train_loss 3.5526 | train_acc 0.0000 | lr 0.009935 | running_time 0:07:52 | ETA 1:04:02
[INFO] l2p.py:374 > Train | Sample # 5488 | train_loss 3.6584 | train_acc 0.0625 | lr 0.009934 | running_time 0:07:53 | ETA 1:04:00
[INFO] l2p.py:374 > Train | Sample # 5504 | train_loss 3.2309 | train_acc 0.0000 | lr 0.009933 | running_time 0:07:54 | ETA 1:03:58
[INFO] l2p.py:374 > Train | Sample # 5520 | train_loss 3.2737 | train_acc 0.1250 | lr 0.009932 | running_time 0:07:56 | ETA 1:03:57
[INFO] l2p.py:374 > Train | Sample # 5536 | train_loss 3.1145 | train_acc 0.0625 | lr 0.009931 | running_time 0:07:57 | ETA 1:03:55
[INFO] l2p.py:374 > Train | Sample # 5552 | train_loss 3.0296 | train_acc 0.0625 | lr 0.009930 | running_time 0:07:58 | ETA 1:03:53
[INFO] l2p.py:374 > Train | Sample # 5568 | train_loss 3.3787 | train_acc 0.0625 | lr 0.009929 | running_time 0:08:00 | ETA 1:03:52
[INFO] l2p.py:374 > Train | Sample # 5584 | train_loss 3.4200 | train_acc 0.0000 | lr 0.009928 | running_time 0:08:01 | ETA 1:03:50
[INFO] l2p.py:374 > Train | Sample # 5600 | train_loss 3.0597 | train_acc 0.1250 | lr 0.009927 | running_time 0:08:02 | ETA 1:03:49
[INFO] l2p.py:374 > Train | Sample # 5616 | train_loss 3.1445 | train_acc 0.0000 | lr 0.009926 | running_time 0:08:04 | ETA 1:03:47
[INFO] l2p.py:374 > Train | Sample # 5632 | train_loss 3.5820 | train_acc 0.0000 | lr 0.009925 | running_time 0:08:05 | ETA 1:03:45
[INFO] l2p.py:374 > Train | Sample # 5648 | train_loss 3.1866 | train_acc 0.0625 | lr 0.009924 | running_time 0:08:06 | ETA 1:03:44
[INFO] l2p.py:374 > Train | Sample # 5664 | train_loss 3.4611 | train_acc 0.1250 | lr 0.009923 | running_time 0:08:08 | ETA 1:03:42
[INFO] l2p.py:374 > Train | Sample # 5680 | train_loss 3.4328 | train_acc 0.0000 | lr 0.009922 | running_time 0:08:09 | ETA 1:03:41
[INFO] l2p.py:374 > Train | Sample # 5696 | train_loss 3.0588 | train_acc 0.0000 | lr 0.009921 | running_time 0:08:11 | ETA 1:03:39
[INFO] l2p.py:374 > Train | Sample # 5712 | train_loss 3.1340 | train_acc 0.1250 | lr 0.009920 | running_time 0:08:12 | ETA 1:03:37
[INFO] l2p.py:374 > Train | Sample # 5728 | train_loss 3.2390 | train_acc 0.0625 | lr 0.009919 | running_time 0:08:13 | ETA 1:03:36
[INFO] l2p.py:374 > Train | Sample # 5744 | train_loss 3.3225 | train_acc 0.0625 | lr 0.009918 | running_time 0:08:15 | ETA 1:03:34
[INFO] l2p.py:374 > Train | Sample # 5760 | train_loss 3.0217 | train_acc 0.0625 | lr 0.009917 | running_time 0:08:16 | ETA 1:03:32
[INFO] l2p.py:374 > Train | Sample # 5776 | train_loss 3.0734 | train_acc 0.0000 | lr 0.009916 | running_time 0:08:17 | ETA 1:03:31
[INFO] l2p.py:374 > Train | Sample # 5792 | train_loss 3.3559 | train_acc 0.0000 | lr 0.009915 | running_time 0:08:19 | ETA 1:03:29
[INFO] l2p.py:374 > Train | Sample # 5808 | train_loss 3.1171 | train_acc 0.0625 | lr 0.009914 | running_time 0:08:20 | ETA 1:03:28
[INFO] l2p.py:374 > Train | Sample # 5824 | train_loss 3.0530 | train_acc 0.0000 | lr 0.009913 | running_time 0:08:21 | ETA 1:03:26
[INFO] l2p.py:374 > Train | Sample # 5840 | train_loss 3.0429 | train_acc 0.1250 | lr 0.009912 | running_time 0:08:23 | ETA 1:03:24
[INFO] l2p.py:374 > Train | Sample # 5856 | train_loss 3.5303 | train_acc 0.0625 | lr 0.009911 | running_time 0:08:24 | ETA 1:03:23
[INFO] l2p.py:374 > Train | Sample # 5872 | train_loss 3.7563 | train_acc 0.0000 | lr 0.009910 | running_time 0:08:25 | ETA 1:03:19
[INFO] l2p.py:374 > Train | Sample # 5888 | train_loss 3.0276 | train_acc 0.0625 | lr 0.009909 | running_time 0:08:26 | ETA 1:03:15
[INFO] l2p.py:374 > Train | Sample # 5904 | train_loss 3.6211 | train_acc 0.0000 | lr 0.009908 | running_time 0:08:28 | ETA 1:03:18
[INFO] l2p.py:374 > Train | Sample # 5920 | train_loss 3.3978 | train_acc 0.0000 | lr 0.009907 | running_time 0:08:29 | ETA 1:03:16
[INFO] l2p.py:374 > Train | Sample # 5936 | train_loss 3.0643 | train_acc 0.1250 | lr 0.009906 | running_time 0:08:31 | ETA 1:03:15
[INFO] l2p.py:374 > Train | Sample # 5952 | train_loss 3.0161 | train_acc 0.1250 | lr 0.009905 | running_time 0:08:32 | ETA 1:03:11
[INFO] l2p.py:374 > Train | Sample # 5968 | train_loss 3.0931 | train_acc 0.0625 | lr 0.009904 | running_time 0:08:33 | ETA 1:03:12
[INFO] l2p.py:374 > Train | Sample # 5984 | train_loss 3.1057 | train_acc 0.0625 | lr 0.009903 | running_time 0:08:35 | ETA 1:03:10
[INFO] l2p.py:374 > Train | Sample # 6000 | train_loss 3.2889 | train_acc 0.0625 | lr 0.009902 | running_time 0:08:36 | ETA 1:03:08
[INFO] l2p.py:374 > Train | Sample # 6016 | train_loss 3.0646 | train_acc 0.0625 | lr 0.009901 | running_time 0:08:38 | ETA 1:03:07
[INFO] l2p.py:374 > Train | Sample # 6032 | train_loss 3.1707 | train_acc 0.0625 | lr 0.009900 | running_time 0:08:39 | ETA 1:03:05
[INFO] l2p.py:374 > Train | Sample # 6048 | train_loss 3.1430 | train_acc 0.0000 | lr 0.009900 | running_time 0:08:40 | ETA 1:03:04
[INFO] l2p.py:374 > Train | Sample # 6064 | train_loss 3.0605 | train_acc 0.1250 | lr 0.009899 | running_time 0:08:42 | ETA 1:03:02
[INFO] l2p.py:374 > Train | Sample # 6080 | train_loss 3.0272 | train_acc 0.0000 | lr 0.009898 | running_time 0:08:43 | ETA 1:03:01
[INFO] l2p.py:374 > Train | Sample # 6096 | train_loss 2.9751 | train_acc 0.0625 | lr 0.009897 | running_time 0:08:44 | ETA 1:02:59
[INFO] l2p.py:374 > Train | Sample # 6112 | train_loss 3.1567 | train_acc 0.0625 | lr 0.009896 | running_time 0:08:46 | ETA 1:02:57
[INFO] l2p.py:374 > Train | Sample # 6128 | train_loss 3.1015 | train_acc 0.0625 | lr 0.009895 | running_time 0:08:47 | ETA 1:02:56
[INFO] l2p.py:374 > Train | Sample # 6144 | train_loss 3.0291 | train_acc 0.0000 | lr 0.009894 | running_time 0:08:48 | ETA 1:02:54
[INFO] l2p.py:374 > Train | Sample # 6160 | train_loss 2.9318 | train_acc 0.1250 | lr 0.009893 | running_time 0:08:50 | ETA 1:02:53
[INFO] l2p.py:374 > Train | Sample # 6176 | train_loss 2.9083 | train_acc 0.1250 | lr 0.009892 | running_time 0:08:51 | ETA 1:02:51
[INFO] l2p.py:374 > Train | Sample # 6192 | train_loss 3.7307 | train_acc 0.0000 | lr 0.009891 | running_time 0:08:52 | ETA 1:02:50
[INFO] l2p.py:374 > Train | Sample # 6208 | train_loss 3.6665 | train_acc 0.0625 | lr 0.009890 | running_time 0:08:54 | ETA 1:02:48
[INFO] l2p.py:374 > Train | Sample # 6224 | train_loss 3.4407 | train_acc 0.0625 | lr 0.009889 | running_time 0:08:55 | ETA 1:02:47
[INFO] l2p.py:374 > Train | Sample # 6240 | train_loss 3.3171 | train_acc 0.0625 | lr 0.009888 | running_time 0:08:56 | ETA 1:02:43
[INFO] l2p.py:374 > Train | Sample # 6256 | train_loss 2.9806 | train_acc 0.0000 | lr 0.009887 | running_time 0:08:58 | ETA 1:02:44
[INFO] l2p.py:374 > Train | Sample # 6272 | train_loss 3.0662 | train_acc 0.0625 | lr 0.009886 | running_time 0:08:59 | ETA 1:02:42
[INFO] l2p.py:374 > Train | Sample # 6288 | train_loss 2.9854 | train_acc 0.1250 | lr 0.009885 | running_time 0:09:01 | ETA 1:02:40
[INFO] l2p.py:374 > Train | Sample # 6304 | train_loss 3.8493 | train_acc 0.1250 | lr 0.009884 | running_time 0:09:02 | ETA 1:02:39
[INFO] l2p.py:374 > Train | Sample # 6320 | train_loss 3.1647 | train_acc 0.0000 | lr 0.009883 | running_time 0:09:03 | ETA 1:02:35
[INFO] l2p.py:374 > Train | Sample # 6336 | train_loss 2.9556 | train_acc 0.0000 | lr 0.009882 | running_time 0:09:05 | ETA 1:02:36
[INFO] l2p.py:374 > Train | Sample # 6352 | train_loss 3.3918 | train_acc 0.0000 | lr 0.009881 | running_time 0:09:06 | ETA 1:02:34
[INFO] l2p.py:374 > Train | Sample # 6368 | train_loss 3.1979 | train_acc 0.0000 | lr 0.009880 | running_time 0:09:07 | ETA 1:02:32
[INFO] l2p.py:374 > Train | Sample # 6384 | train_loss 3.6717 | train_acc 0.0000 | lr 0.009879 | running_time 0:09:09 | ETA 1:02:31
[INFO] l2p.py:374 > Train | Sample # 6400 | train_loss 3.0318 | train_acc 0.0000 | lr 0.009878 | running_time 0:09:10 | ETA 1:02:29
[INFO] l2p.py:374 > Train | Sample # 6416 | train_loss 3.2011 | train_acc 0.0625 | lr 0.009877 | running_time 0:09:11 | ETA 1:02:28
[INFO] l2p.py:374 > Train | Sample # 6432 | train_loss 3.2313 | train_acc 0.0000 | lr 0.009876 | running_time 0:09:13 | ETA 1:02:26
[INFO] l2p.py:374 > Train | Sample # 6448 | train_loss 3.3709 | train_acc 0.0625 | lr 0.009875 | running_time 0:09:14 | ETA 1:02:25
[INFO] l2p.py:374 > Train | Sample # 6464 | train_loss 2.9486 | train_acc 0.1250 | lr 0.009874 | running_time 0:09:15 | ETA 1:02:23
[INFO] l2p.py:374 > Train | Sample # 6480 | train_loss 3.1843 | train_acc 0.0000 | lr 0.009873 | running_time 0:09:17 | ETA 1:02:22
[INFO] l2p.py:374 > Train | Sample # 6496 | train_loss 3.5358 | train_acc 0.0000 | lr 0.009872 | running_time 0:09:18 | ETA 1:02:20
[INFO] l2p.py:374 > Train | Sample # 6512 | train_loss 3.0038 | train_acc 0.0625 | lr 0.009871 | running_time 0:09:19 | ETA 1:02:19
[INFO] l2p.py:374 > Train | Sample # 6528 | train_loss 3.3123 | train_acc 0.0000 | lr 0.009870 | running_time 0:09:21 | ETA 1:02:17
[INFO] l2p.py:374 > Train | Sample # 6544 | train_loss 3.4957 | train_acc 0.0000 | lr 0.009869 | running_time 0:09:22 | ETA 1:02:16
[INFO] l2p.py:374 > Train | Sample # 6560 | train_loss 3.5657 | train_acc 0.0000 | lr 0.009868 | running_time 0:09:23 | ETA 1:02:14
[INFO] l2p.py:374 > Train | Sample # 6576 | train_loss 3.2778 | train_acc 0.0625 | lr 0.009867 | running_time 0:09:25 | ETA 1:02:13
[INFO] l2p.py:374 > Train | Sample # 6592 | train_loss 3.3090 | train_acc 0.0000 | lr 0.009866 | running_time 0:09:26 | ETA 1:02:11
[INFO] l2p.py:374 > Train | Sample # 6608 | train_loss 3.0719 | train_acc 0.0625 | lr 0.009865 | running_time 0:09:28 | ETA 1:02:10
[INFO] l2p.py:374 > Train | Sample # 6624 | train_loss 3.0606 | train_acc 0.0625 | lr 0.009864 | running_time 0:09:29 | ETA 1:02:08
[INFO] l2p.py:374 > Train | Sample # 6640 | train_loss 3.0855 | train_acc 0.0625 | lr 0.009863 | running_time 0:09:30 | ETA 1:02:07
[INFO] l2p.py:374 > Train | Sample # 6656 | train_loss 3.1454 | train_acc 0.0625 | lr 0.009862 | running_time 0:09:32 | ETA 1:02:05
[INFO] l2p.py:374 > Train | Sample # 6672 | train_loss 3.0354 | train_acc 0.0625 | lr 0.009861 | running_time 0:09:33 | ETA 1:02:04
[INFO] l2p.py:374 > Train | Sample # 6688 | train_loss 3.1179 | train_acc 0.0625 | lr 0.009860 | running_time 0:09:34 | ETA 1:02:02
[INFO] l2p.py:374 > Train | Sample # 6704 | train_loss 3.2920 | train_acc 0.0000 | lr 0.009859 | running_time 0:09:36 | ETA 1:02:00
[INFO] l2p.py:374 > Train | Sample # 6720 | train_loss 3.2821 | train_acc 0.0625 | lr 0.009858 | running_time 0:09:37 | ETA 1:01:59
[INFO] l2p.py:374 > Train | Sample # 6736 | train_loss 3.3263 | train_acc 0.1250 | lr 0.009857 | running_time 0:09:38 | ETA 1:01:57
[INFO] l2p.py:374 > Train | Sample # 6752 | train_loss 3.2122 | train_acc 0.1875 | lr 0.009856 | running_time 0:09:40 | ETA 1:01:56
[INFO] l2p.py:374 > Train | Sample # 6768 | train_loss 3.2267 | train_acc 0.0000 | lr 0.009855 | running_time 0:09:41 | ETA 1:01:54
[INFO] l2p.py:374 > Train | Sample # 6784 | train_loss 2.9467 | train_acc 0.1250 | lr 0.009854 | running_time 0:09:42 | ETA 1:01:53
[INFO] l2p.py:374 > Train | Sample # 6800 | train_loss 3.2861 | train_acc 0.0625 | lr 0.009853 | running_time 0:09:44 | ETA 1:01:51
[INFO] l2p.py:374 > Train | Sample # 6816 | train_loss 3.4854 | train_acc 0.0625 | lr 0.009852 | running_time 0:09:45 | ETA 1:01:50
[INFO] l2p.py:374 > Train | Sample # 6832 | train_loss 3.4234 | train_acc 0.0000 | lr 0.009851 | running_time 0:09:46 | ETA 1:01:48
[INFO] l2p.py:374 > Train | Sample # 6848 | train_loss 3.9329 | train_acc 0.0000 | lr 0.009850 | running_time 0:09:48 | ETA 1:01:47
[INFO] l2p.py:374 > Train | Sample # 6864 | train_loss 3.1123 | train_acc 0.1250 | lr 0.009849 | running_time 0:09:49 | ETA 1:01:45
[INFO] l2p.py:374 > Train | Sample # 6880 | train_loss 3.2559 | train_acc 0.0000 | lr 0.009848 | running_time 0:09:51 | ETA 1:01:44
[INFO] l2p.py:374 > Train | Sample # 6896 | train_loss 3.2669 | train_acc 0.1250 | lr 0.009847 | running_time 0:09:52 | ETA 1:01:42
[INFO] l2p.py:374 > Train | Sample # 6912 | train_loss 3.3368 | train_acc 0.0625 | lr 0.009846 | running_time 0:09:53 | ETA 1:01:41
[INFO] l2p.py:374 > Train | Sample # 6928 | train_loss 3.1616 | train_acc 0.1875 | lr 0.009845 | running_time 0:09:55 | ETA 1:01:39
[INFO] l2p.py:374 > Train | Sample # 6944 | train_loss 3.1381 | train_acc 0.0625 | lr 0.009844 | running_time 0:09:56 | ETA 1:01:38
[INFO] l2p.py:374 > Train | Sample # 6960 | train_loss 3.1338 | train_acc 0.0625 | lr 0.009843 | running_time 0:09:57 | ETA 1:01:36
[INFO] l2p.py:374 > Train | Sample # 6976 | train_loss 3.5166 | train_acc 0.0625 | lr 0.009842 | running_time 0:09:59 | ETA 1:01:35
[INFO] l2p.py:374 > Train | Sample # 6992 | train_loss 3.0950 | train_acc 0.1250 | lr 0.009841 | running_time 0:10:00 | ETA 1:01:33
[INFO] l2p.py:374 > Train | Sample # 7008 | train_loss 3.1603 | train_acc 0.0000 | lr 0.009840 | running_time 0:10:01 | ETA 1:01:32
[INFO] l2p.py:374 > Train | Sample # 7024 | train_loss 3.4199 | train_acc 0.0000 | lr 0.009839 | running_time 0:10:03 | ETA 1:01:30
[INFO] l2p.py:374 > Train | Sample # 7040 | train_loss 4.1513 | train_acc 0.0625 | lr 0.009838 | running_time 0:10:04 | ETA 1:01:29
[INFO] l2p.py:374 > Train | Sample # 7056 | train_loss 3.0339 | train_acc 0.0625 | lr 0.009837 | running_time 0:10:05 | ETA 1:01:27
[INFO] l2p.py:374 > Train | Sample # 7072 | train_loss 3.0306 | train_acc 0.1250 | lr 0.009836 | running_time 0:10:07 | ETA 1:01:26
[INFO] l2p.py:374 > Train | Sample # 7088 | train_loss 3.6381 | train_acc 0.0625 | lr 0.009835 | running_time 0:10:08 | ETA 1:01:24
[INFO] l2p.py:374 > Train | Sample # 7104 | train_loss 3.1793 | train_acc 0.1250 | lr 0.009834 | running_time 0:10:09 | ETA 1:01:22
[INFO] l2p.py:374 > Train | Sample # 7120 | train_loss 3.3577 | train_acc 0.1250 | lr 0.009833 | running_time 0:10:11 | ETA 1:01:21
[INFO] l2p.py:374 > Train | Sample # 7136 | train_loss 3.2677 | train_acc 0.0625 | lr 0.009832 | running_time 0:10:12 | ETA 1:01:19
[INFO] l2p.py:374 > Train | Sample # 7152 | train_loss 3.2915 | train_acc 0.1250 | lr 0.009831 | running_time 0:10:13 | ETA 1:01:18
[INFO] l2p.py:374 > Train | Sample # 7168 | train_loss 3.2206 | train_acc 0.1250 | lr 0.009830 | running_time 0:10:15 | ETA 1:01:16
[INFO] l2p.py:374 > Train | Sample # 7184 | train_loss 3.2779 | train_acc 0.0625 | lr 0.009829 | running_time 0:10:16 | ETA 1:01:15
[INFO] l2p.py:374 > Train | Sample # 7200 | train_loss 3.3374 | train_acc 0.0625 | lr 0.009828 | running_time 0:10:18 | ETA 1:01:13
[INFO] l2p.py:374 > Train | Sample # 7216 | train_loss 3.0004 | train_acc 0.0625 | lr 0.009827 | running_time 0:10:19 | ETA 1:01:12
[INFO] l2p.py:374 > Train | Sample # 7232 | train_loss 3.1076 | train_acc 0.0000 | lr 0.009827 | running_time 0:10:20 | ETA 1:01:10
[INFO] l2p.py:374 > Train | Sample # 7248 | train_loss 3.0390 | train_acc 0.1875 | lr 0.009826 | running_time 0:10:22 | ETA 1:01:09
[INFO] l2p.py:374 > Train | Sample # 7264 | train_loss 3.1145 | train_acc 0.0000 | lr 0.009825 | running_time 0:10:23 | ETA 1:01:07
[INFO] l2p.py:374 > Train | Sample # 7280 | train_loss 3.3619 | train_acc 0.0000 | lr 0.009824 | running_time 0:10:24 | ETA 1:01:06
[INFO] l2p.py:374 > Train | Sample # 7296 | train_loss 3.5783 | train_acc 0.0000 | lr 0.009823 | running_time 0:10:26 | ETA 1:01:04
[INFO] l2p.py:374 > Train | Sample # 7312 | train_loss 3.4593 | train_acc 0.0000 | lr 0.009822 | running_time 0:10:27 | ETA 1:01:03
[INFO] l2p.py:374 > Train | Sample # 7328 | train_loss 3.0538 | train_acc 0.0000 | lr 0.009821 | running_time 0:10:28 | ETA 1:01:01
[INFO] l2p.py:374 > Train | Sample # 7344 | train_loss 2.9910 | train_acc 0.0000 | lr 0.009820 | running_time 0:10:30 | ETA 1:01:00
[INFO] l2p.py:374 > Train | Sample # 7360 | train_loss 3.0224 | train_acc 0.0625 | lr 0.009819 | running_time 0:10:31 | ETA 1:00:58
[INFO] l2p.py:374 > Train | Sample # 7376 | train_loss 3.3727 | train_acc 0.0625 | lr 0.009818 | running_time 0:10:32 | ETA 1:00:55
[INFO] l2p.py:374 > Train | Sample # 7392 | train_loss 2.9714 | train_acc 0.0000 | lr 0.009817 | running_time 0:10:34 | ETA 1:00:55
[INFO] l2p.py:374 > Train | Sample # 7408 | train_loss 2.9616 | train_acc 0.0625 | lr 0.009816 | running_time 0:10:35 | ETA 1:00:54
[INFO] l2p.py:374 > Train | Sample # 7424 | train_loss 3.2886 | train_acc 0.0000 | lr 0.009815 | running_time 0:10:36 | ETA 1:00:52
[INFO] l2p.py:374 > Train | Sample # 7440 | train_loss 2.9844 | train_acc 0.0000 | lr 0.009814 | running_time 0:10:38 | ETA 1:00:51
[INFO] l2p.py:374 > Train | Sample # 7456 | train_loss 3.0997 | train_acc 0.1250 | lr 0.009813 | running_time 0:10:39 | ETA 1:00:49
[INFO] l2p.py:374 > Train | Sample # 7472 | train_loss 2.8798 | train_acc 0.0625 | lr 0.009812 | running_time 0:10:40 | ETA 1:00:48
[INFO] l2p.py:374 > Train | Sample # 7488 | train_loss 3.5691 | train_acc 0.0000 | lr 0.009811 | running_time 0:10:42 | ETA 1:00:46
[INFO] l2p.py:374 > Train | Sample # 7504 | train_loss 3.3430 | train_acc 0.0625 | lr 0.009810 | running_time 0:10:43 | ETA 1:00:45
[INFO] l2p.py:374 > Train | Sample # 7520 | train_loss 3.1289 | train_acc 0.0000 | lr 0.009809 | running_time 0:10:44 | ETA 1:00:43
[INFO] l2p.py:374 > Train | Sample # 7536 | train_loss 3.2252 | train_acc 0.0625 | lr 0.009808 | running_time 0:10:46 | ETA 1:00:41
[INFO] l2p.py:374 > Train | Sample # 7552 | train_loss 3.0778 | train_acc 0.0000 | lr 0.009807 | running_time 0:10:47 | ETA 1:00:40
[INFO] l2p.py:374 > Train | Sample # 7568 | train_loss 4.0334 | train_acc 0.0000 | lr 0.009806 | running_time 0:10:49 | ETA 1:00:39
[INFO] l2p.py:374 > Train | Sample # 7584 | train_loss 3.3239 | train_acc 0.0625 | lr 0.009805 | running_time 0:10:50 | ETA 1:00:37
[INFO] l2p.py:374 > Train | Sample # 7600 | train_loss 3.0505 | train_acc 0.0625 | lr 0.009804 | running_time 0:10:51 | ETA 1:00:36
[INFO] l2p.py:374 > Train | Sample # 7616 | train_loss 3.0783 | train_acc 0.1250 | lr 0.009803 | running_time 0:10:53 | ETA 1:00:34
[INFO] l2p.py:374 > Train | Sample # 7632 | train_loss 3.0819 | train_acc 0.0625 | lr 0.009802 | running_time 0:10:54 | ETA 1:00:33
[INFO] l2p.py:374 > Train | Sample # 7648 | train_loss 3.0258 | train_acc 0.0625 | lr 0.009801 | running_time 0:10:55 | ETA 1:00:31
[INFO] l2p.py:374 > Train | Sample # 7664 | train_loss 2.9966 | train_acc 0.0000 | lr 0.009800 | running_time 0:10:57 | ETA 1:00:30
[INFO] l2p.py:374 > Train | Sample # 7680 | train_loss 3.1169 | train_acc 0.0000 | lr 0.009799 | running_time 0:10:58 | ETA 1:00:28
[INFO] l2p.py:374 > Train | Sample # 7696 | train_loss 3.4684 | train_acc 0.0625 | lr 0.009798 | running_time 0:10:59 | ETA 1:00:27
[INFO] l2p.py:374 > Train | Sample # 7712 | train_loss 3.0634 | train_acc 0.1875 | lr 0.009797 | running_time 0:11:01 | ETA 1:00:25
[INFO] l2p.py:374 > Train | Sample # 7728 | train_loss 3.3485 | train_acc 0.0625 | lr 0.009796 | running_time 0:11:02 | ETA 1:00:24
[INFO] l2p.py:374 > Train | Sample # 7744 | train_loss 3.2465 | train_acc 0.1250 | lr 0.009795 | running_time 0:11:03 | ETA 1:00:22
[INFO] l2p.py:374 > Train | Sample # 7760 | train_loss 3.3225 | train_acc 0.0625 | lr 0.009794 | running_time 0:11:05 | ETA 1:00:21
[INFO] l2p.py:374 > Train | Sample # 7776 | train_loss 3.4801 | train_acc 0.0000 | lr 0.009793 | running_time 0:11:06 | ETA 1:00:19
[INFO] l2p.py:374 > Train | Sample # 7792 | train_loss 3.4415 | train_acc 0.0000 | lr 0.009792 | running_time 0:11:07 | ETA 1:00:18
[INFO] l2p.py:374 > Train | Sample # 7808 | train_loss 3.0482 | train_acc 0.0000 | lr 0.009791 | running_time 0:11:09 | ETA 1:00:16
[INFO] l2p.py:374 > Train | Sample # 7824 | train_loss 3.0817 | train_acc 0.0000 | lr 0.009790 | running_time 0:11:10 | ETA 1:00:15
[INFO] l2p.py:374 > Train | Sample # 7840 | train_loss 3.3726 | train_acc 0.0625 | lr 0.009789 | running_time 0:11:12 | ETA 1:00:13
[INFO] l2p.py:374 > Train | Sample # 7856 | train_loss 3.6343 | train_acc 0.0000 | lr 0.009788 | running_time 0:11:13 | ETA 1:00:12
[INFO] l2p.py:374 > Train | Sample # 7872 | train_loss 3.4409 | train_acc 0.0625 | lr 0.009787 | running_time 0:11:14 | ETA 1:00:10
[INFO] l2p.py:374 > Train | Sample # 7888 | train_loss 3.1007 | train_acc 0.1875 | lr 0.009786 | running_time 0:11:16 | ETA 1:00:09
[INFO] l2p.py:374 > Train | Sample # 7904 | train_loss 3.2639 | train_acc 0.1250 | lr 0.009785 | running_time 0:11:17 | ETA 1:00:07
[INFO] l2p.py:374 > Train | Sample # 7920 | train_loss 3.1685 | train_acc 0.0625 | lr 0.009784 | running_time 0:11:18 | ETA 1:00:06
[INFO] l2p.py:374 > Train | Sample # 7936 | train_loss 3.2295 | train_acc 0.0000 | lr 0.009783 | running_time 0:11:20 | ETA 1:00:04
[INFO] l2p.py:374 > Train | Sample # 7952 | train_loss 3.4563 | train_acc 0.0000 | lr 0.009782 | running_time 0:11:21 | ETA 1:00:03
[INFO] l2p.py:374 > Train | Sample # 7968 | train_loss 3.3600 | train_acc 0.0000 | lr 0.009781 | running_time 0:11:22 | ETA 1:00:01
[INFO] l2p.py:374 > Train | Sample # 7984 | train_loss 3.0109 | train_acc 0.0625 | lr 0.009780 | running_time 0:11:24 | ETA 1:00:00
[INFO] l2p.py:374 > Train | Sample # 8000 | train_loss 3.6195 | train_acc 0.0000 | lr 0.009779 | running_time 0:11:25 | ETA 0:59:58
[INFO] l2p.py:374 > Train | Sample # 8016 | train_loss 3.3591 | train_acc 0.1250 | lr 0.009778 | running_time 0:11:26 | ETA 0:59:57
[INFO] l2p.py:374 > Train | Sample # 8032 | train_loss 3.1975 | train_acc 0.0625 | lr 0.009778 | running_time 0:11:27 | ETA 0:59:54
[INFO] l2p.py:374 > Train | Sample # 8048 | train_loss 3.1835 | train_acc 0.1250 | lr 0.009777 | running_time 0:11:29 | ETA 0:59:54
[INFO] l2p.py:374 > Train | Sample # 8064 | train_loss 3.3579 | train_acc 0.1250 | lr 0.009776 | running_time 0:11:30 | ETA 0:59:52
[INFO] l2p.py:374 > Train | Sample # 8080 | train_loss 3.6283 | train_acc 0.0000 | lr 0.009775 | running_time 0:11:32 | ETA 0:59:51
[INFO] l2p.py:374 > Train | Sample # 8096 | train_loss 3.1819 | train_acc 0.3125 | lr 0.009774 | running_time 0:11:33 | ETA 0:59:49
[INFO] l2p.py:374 > Train | Sample # 8112 | train_loss 3.0606 | train_acc 0.1250 | lr 0.009773 | running_time 0:11:34 | ETA 0:59:48
[INFO] l2p.py:374 > Train | Sample # 8128 | train_loss 3.0859 | train_acc 0.0625 | lr 0.009772 | running_time 0:11:36 | ETA 0:59:46
[INFO] l2p.py:374 > Train | Sample # 8144 | train_loss 3.0189 | train_acc 0.1875 | lr 0.009771 | running_time 0:11:37 | ETA 0:59:45
[INFO] l2p.py:374 > Train | Sample # 8160 | train_loss 3.4023 | train_acc 0.0000 | lr 0.009770 | running_time 0:11:38 | ETA 0:59:43
[INFO] l2p.py:374 > Train | Sample # 8176 | train_loss 3.4115 | train_acc 0.0000 | lr 0.009769 | running_time 0:11:40 | ETA 0:59:42
[INFO] l2p.py:374 > Train | Sample # 8192 | train_loss 3.4101 | train_acc 0.0000 | lr 0.009768 | running_time 0:11:41 | ETA 0:59:41
[INFO] l2p.py:374 > Train | Sample # 8208 | train_loss 3.0290 | train_acc 0.0000 | lr 0.009767 | running_time 0:11:43 | ETA 0:59:39
[INFO] l2p.py:374 > Train | Sample # 8224 | train_loss 3.2467 | train_acc 0.0625 | lr 0.009766 | running_time 0:11:44 | ETA 0:59:37
[INFO] l2p.py:374 > Train | Sample # 8240 | train_loss 3.1081 | train_acc 0.0625 | lr 0.009765 | running_time 0:11:45 | ETA 0:59:36
[INFO] l2p.py:374 > Train | Sample # 8256 | train_loss 3.2884 | train_acc 0.0000 | lr 0.009764 | running_time 0:11:47 | ETA 0:59:35
[INFO] l2p.py:374 > Train | Sample # 8272 | train_loss 3.1394 | train_acc 0.0000 | lr 0.009763 | running_time 0:11:48 | ETA 0:59:33
[INFO] l2p.py:374 > Train | Sample # 8288 | train_loss 3.8801 | train_acc 0.0625 | lr 0.009762 | running_time 0:11:49 | ETA 0:59:32
[INFO] l2p.py:374 > Train | Sample # 8304 | train_loss 3.2184 | train_acc 0.0000 | lr 0.009761 | running_time 0:11:51 | ETA 0:59:30
[INFO] l2p.py:374 > Train | Sample # 8320 | train_loss 3.0498 | train_acc 0.0000 | lr 0.009760 | running_time 0:11:52 | ETA 0:59:29
[INFO] l2p.py:374 > Train | Sample # 8336 | train_loss 3.2115 | train_acc 0.1250 | lr 0.009759 | running_time 0:11:53 | ETA 0:59:27
[INFO] l2p.py:374 > Train | Sample # 8352 | train_loss 3.5925 | train_acc 0.0000 | lr 0.009758 | running_time 0:11:55 | ETA 0:59:26
[INFO] l2p.py:374 > Train | Sample # 8368 | train_loss 3.5665 | train_acc 0.0000 | lr 0.009757 | running_time 0:11:56 | ETA 0:59:24
[INFO] l2p.py:374 > Train | Sample # 8384 | train_loss 3.2500 | train_acc 0.0000 | lr 0.009756 | running_time 0:11:57 | ETA 0:59:23
[INFO] l2p.py:374 > Train | Sample # 8400 | train_loss 3.0485 | train_acc 0.0000 | lr 0.009755 | running_time 0:11:59 | ETA 0:59:21
[INFO] l2p.py:374 > Train | Sample # 8416 | train_loss 3.7232 | train_acc 0.0000 | lr 0.009754 | running_time 0:12:00 | ETA 0:59:20
[INFO] l2p.py:374 > Train | Sample # 8432 | train_loss 3.0321 | train_acc 0.0625 | lr 0.009753 | running_time 0:12:01 | ETA 0:59:18
[INFO] l2p.py:374 > Train | Sample # 8448 | train_loss 3.0569 | train_acc 0.0625 | lr 0.009752 | running_time 0:12:03 | ETA 0:59:17
[INFO] l2p.py:374 > Train | Sample # 8464 | train_loss 3.2836 | train_acc 0.0000 | lr 0.009751 | running_time 0:12:04 | ETA 0:59:15
[INFO] l2p.py:374 > Train | Sample # 8480 | train_loss 3.0930 | train_acc 0.0625 | lr 0.009750 | running_time 0:12:05 | ETA 0:59:14
[INFO] l2p.py:374 > Train | Sample # 8496 | train_loss 3.4325 | train_acc 0.0000 | lr 0.009749 | running_time 0:12:06 | ETA 0:59:11
[INFO] l2p.py:374 > Train | Sample # 8512 | train_loss 3.2517 | train_acc 0.1250 | lr 0.009748 | running_time 0:12:08 | ETA 0:59:11
[INFO] l2p.py:374 > Train | Sample # 8528 | train_loss 3.1352 | train_acc 0.1875 | lr 0.009747 | running_time 0:12:09 | ETA 0:59:09
[INFO] l2p.py:374 > Train | Sample # 8544 | train_loss 3.4170 | train_acc 0.0625 | lr 0.009746 | running_time 0:12:11 | ETA 0:59:08
[INFO] l2p.py:374 > Train | Sample # 8560 | train_loss 3.0397 | train_acc 0.0000 | lr 0.009745 | running_time 0:12:12 | ETA 0:59:07
[INFO] l2p.py:374 > Train | Sample # 8576 | train_loss 3.2849 | train_acc 0.0000 | lr 0.009744 | running_time 0:12:14 | ETA 0:59:05
[INFO] l2p.py:374 > Train | Sample # 8592 | train_loss 3.3130 | train_acc 0.0000 | lr 0.009743 | running_time 0:12:15 | ETA 0:59:04
[INFO] l2p.py:374 > Train | Sample # 8608 | train_loss 3.4393 | train_acc 0.0000 | lr 0.009742 | running_time 0:12:16 | ETA 0:59:01
[INFO] l2p.py:374 > Train | Sample # 8624 | train_loss 3.0706 | train_acc 0.0625 | lr 0.009741 | running_time 0:12:17 | ETA 0:58:59
[INFO] l2p.py:374 > Train | Sample # 8640 | train_loss 3.8239 | train_acc 0.0000 | lr 0.009740 | running_time 0:12:19 | ETA 0:58:59
[INFO] l2p.py:374 > Train | Sample # 8656 | train_loss 3.0348 | train_acc 0.1250 | lr 0.009739 | running_time 0:12:20 | ETA 0:58:58
[INFO] l2p.py:374 > Train | Sample # 8672 | train_loss 3.3786 | train_acc 0.0625 | lr 0.009738 | running_time 0:12:22 | ETA 0:58:56
[INFO] l2p.py:374 > Train | Sample # 8688 | train_loss 3.0997 | train_acc 0.0625 | lr 0.009737 | running_time 0:12:23 | ETA 0:58:55
[INFO] l2p.py:374 > Train | Sample # 8704 | train_loss 3.2336 | train_acc 0.0000 | lr 0.009737 | running_time 0:12:24 | ETA 0:58:54
[INFO] l2p.py:374 > Train | Sample # 8720 | train_loss 3.4485 | train_acc 0.0000 | lr 0.009736 | running_time 0:12:26 | ETA 0:58:52
[INFO] l2p.py:374 > Train | Sample # 8736 | train_loss 3.1427 | train_acc 0.0000 | lr 0.009735 | running_time 0:12:27 | ETA 0:58:51
[INFO] l2p.py:374 > Train | Sample # 8752 | train_loss 3.4404 | train_acc 0.0000 | lr 0.009734 | running_time 0:12:28 | ETA 0:58:49
[INFO] l2p.py:374 > Train | Sample # 8768 | train_loss 3.0840 | train_acc 0.1875 | lr 0.009733 | running_time 0:12:30 | ETA 0:58:48
[INFO] l2p.py:374 > Train | Sample # 8784 | train_loss 3.7281 | train_acc 0.0000 | lr 0.009732 | running_time 0:12:31 | ETA 0:58:46
[INFO] l2p.py:374 > Train | Sample # 8800 | train_loss 3.1713 | train_acc 0.0000 | lr 0.009731 | running_time 0:12:32 | ETA 0:58:45
[INFO] l2p.py:374 > Train | Sample # 8816 | train_loss 3.3602 | train_acc 0.0000 | lr 0.009730 | running_time 0:12:34 | ETA 0:58:43
[INFO] l2p.py:374 > Train | Sample # 8832 | train_loss 3.2674 | train_acc 0.0000 | lr 0.009729 | running_time 0:12:35 | ETA 0:58:42
[INFO] l2p.py:374 > Train | Sample # 8848 | train_loss 3.1916 | train_acc 0.0000 | lr 0.009728 | running_time 0:12:37 | ETA 0:58:40
[INFO] l2p.py:374 > Train | Sample # 8864 | train_loss 3.3062 | train_acc 0.0000 | lr 0.009727 | running_time 0:12:38 | ETA 0:58:39
[INFO] l2p.py:374 > Train | Sample # 8880 | train_loss 3.4190 | train_acc 0.0000 | lr 0.009726 | running_time 0:12:39 | ETA 0:58:38
[INFO] l2p.py:374 > Train | Sample # 8896 | train_loss 3.4194 | train_acc 0.0000 | lr 0.009725 | running_time 0:12:41 | ETA 0:58:36
[INFO] l2p.py:374 > Train | Sample # 8912 | train_loss 3.1390 | train_acc 0.0000 | lr 0.009724 | running_time 0:12:42 | ETA 0:58:35
[INFO] l2p.py:374 > Train | Sample # 8928 | train_loss 3.0415 | train_acc 0.0625 | lr 0.009723 | running_time 0:12:43 | ETA 0:58:33
[INFO] l2p.py:374 > Train | Sample # 8944 | train_loss 3.1522 | train_acc 0.0000 | lr 0.009722 | running_time 0:12:45 | ETA 0:58:32
[INFO] l2p.py:374 > Train | Sample # 8960 | train_loss 3.5498 | train_acc 0.0625 | lr 0.009721 | running_time 0:12:46 | ETA 0:58:29
[INFO] l2p.py:374 > Train | Sample # 8976 | train_loss 3.3273 | train_acc 0.0000 | lr 0.009720 | running_time 0:12:47 | ETA 0:58:29
[INFO] l2p.py:374 > Train | Sample # 8992 | train_loss 3.2464 | train_acc 0.0000 | lr 0.009719 | running_time 0:12:49 | ETA 0:58:28
[INFO] l2p.py:374 > Train | Sample # 9008 | train_loss 3.6193 | train_acc 0.0000 | lr 0.009718 | running_time 0:12:50 | ETA 0:58:26
[INFO] l2p.py:374 > Train | Sample # 9024 | train_loss 3.5357 | train_acc 0.0000 | lr 0.009717 | running_time 0:12:51 | ETA 0:58:23
[INFO] l2p.py:374 > Train | Sample # 9040 | train_loss 2.8585 | train_acc 0.1250 | lr 0.009716 | running_time 0:12:52 | ETA 0:58:22
[INFO] l2p.py:374 > Train | Sample # 9056 | train_loss 3.1505 | train_acc 0.0000 | lr 0.009715 | running_time 0:12:54 | ETA 0:58:22
[INFO] l2p.py:374 > Train | Sample # 9072 | train_loss 3.6557 | train_acc 0.0625 | lr 0.009714 | running_time 0:12:56 | ETA 0:58:20
[INFO] l2p.py:374 > Train | Sample # 9088 | train_loss 3.4626 | train_acc 0.0000 | lr 0.009713 | running_time 0:12:57 | ETA 0:58:19
[INFO] l2p.py:374 > Train | Sample # 9104 | train_loss 3.2979 | train_acc 0.0625 | lr 0.009712 | running_time 0:12:58 | ETA 0:58:18
[INFO] l2p.py:374 > Train | Sample # 9120 | train_loss 3.7991 | train_acc 0.0000 | lr 0.009711 | running_time 0:13:00 | ETA 0:58:16
[INFO] l2p.py:374 > Train | Sample # 9136 | train_loss 3.1756 | train_acc 0.0625 | lr 0.009710 | running_time 0:13:01 | ETA 0:58:15
[INFO] l2p.py:374 > Train | Sample # 9152 | train_loss 3.0412 | train_acc 0.0625 | lr 0.009709 | running_time 0:13:02 | ETA 0:58:13
[INFO] l2p.py:374 > Train | Sample # 9168 | train_loss 3.2449 | train_acc 0.0000 | lr 0.009708 | running_time 0:13:03 | ETA 0:58:10
[INFO] l2p.py:374 > Train | Sample # 9184 | train_loss 3.4003 | train_acc 0.0000 | lr 0.009707 | running_time 0:13:05 | ETA 0:58:10
[INFO] l2p.py:374 > Train | Sample # 9200 | train_loss 3.9456 | train_acc 0.0000 | lr 0.009706 | running_time 0:13:06 | ETA 0:58:09
[INFO] l2p.py:374 > Train | Sample # 9216 | train_loss 3.0537 | train_acc 0.0000 | lr 0.009705 | running_time 0:13:08 | ETA 0:58:07
[INFO] l2p.py:374 > Train | Sample # 9232 | train_loss 3.1677 | train_acc 0.1250 | lr 0.009704 | running_time 0:13:09 | ETA 0:58:06
[INFO] l2p.py:374 > Train | Sample # 9248 | train_loss 3.4199 | train_acc 0.0000 | lr 0.009703 | running_time 0:13:10 | ETA 0:58:05
[INFO] l2p.py:374 > Train | Sample # 9264 | train_loss 3.3435 | train_acc 0.0625 | lr 0.009702 | running_time 0:13:12 | ETA 0:58:03
[INFO] l2p.py:374 > Train | Sample # 9280 | train_loss 3.1114 | train_acc 0.0625 | lr 0.009702 | running_time 0:13:13 | ETA 0:58:02
[INFO] l2p.py:374 > Train | Sample # 9296 | train_loss 3.0802 | train_acc 0.0625 | lr 0.009701 | running_time 0:13:14 | ETA 0:58:00
[INFO] l2p.py:374 > Train | Sample # 9312 | train_loss 3.3363 | train_acc 0.0625 | lr 0.009700 | running_time 0:13:16 | ETA 0:57:59
[INFO] l2p.py:374 > Train | Sample # 9328 | train_loss 3.0321 | train_acc 0.0000 | lr 0.009699 | running_time 0:13:17 | ETA 0:57:56
[INFO] l2p.py:374 > Train | Sample # 9344 | train_loss 3.0380 | train_acc 0.0000 | lr 0.009698 | running_time 0:13:18 | ETA 0:57:53
[INFO] l2p.py:374 > Train | Sample # 9360 | train_loss 3.0130 | train_acc 0.0000 | lr 0.009697 | running_time 0:13:19 | ETA 0:57:51
[INFO] l2p.py:374 > Train | Sample # 9376 | train_loss 3.0586 | train_acc 0.0625 | lr 0.009696 | running_time 0:13:20 | ETA 0:57:50
[INFO] l2p.py:374 > Train | Sample # 9392 | train_loss 3.0923 | train_acc 0.0625 | lr 0.009695 | running_time 0:13:22 | ETA 0:57:50
[INFO] l2p.py:374 > Train | Sample # 9408 | train_loss 3.1404 | train_acc 0.0000 | lr 0.009694 | running_time 0:13:24 | ETA 0:57:50
[INFO] l2p.py:374 > Train | Sample # 9424 | train_loss 2.9899 | train_acc 0.0625 | lr 0.009693 | running_time 0:13:25 | ETA 0:57:48
[INFO] l2p.py:374 > Train | Sample # 9440 | train_loss 3.0860 | train_acc 0.1250 | lr 0.009692 | running_time 0:13:27 | ETA 0:57:47
[INFO] l2p.py:374 > Train | Sample # 9456 | train_loss 2.8839 | train_acc 0.1250 | lr 0.009691 | running_time 0:13:28 | ETA 0:57:46
[INFO] l2p.py:374 > Train | Sample # 9472 | train_loss 3.0535 | train_acc 0.1250 | lr 0.009690 | running_time 0:13:29 | ETA 0:57:44
[INFO] l2p.py:374 > Train | Sample # 9488 | train_loss 3.2671 | train_acc 0.0000 | lr 0.009689 | running_time 0:13:31 | ETA 0:57:43
[INFO] l2p.py:374 > Train | Sample # 9504 | train_loss 2.9980 | train_acc 0.0625 | lr 0.009688 | running_time 0:13:32 | ETA 0:57:41
[INFO] l2p.py:374 > Train | Sample # 9520 | train_loss 3.0027 | train_acc 0.1250 | lr 0.009687 | running_time 0:13:33 | ETA 0:57:40
[INFO] l2p.py:374 > Train | Sample # 9536 | train_loss 3.1178 | train_acc 0.0625 | lr 0.009686 | running_time 0:13:35 | ETA 0:57:38
[INFO] l2p.py:374 > Train | Sample # 9552 | train_loss 3.0021 | train_acc 0.0625 | lr 0.009685 | running_time 0:13:36 | ETA 0:57:37
[INFO] l2p.py:374 > Train | Sample # 9568 | train_loss 2.9786 | train_acc 0.1875 | lr 0.009684 | running_time 0:13:37 | ETA 0:57:35
[INFO] l2p.py:374 > Train | Sample # 9584 | train_loss 3.3162 | train_acc 0.1875 | lr 0.009683 | running_time 0:13:39 | ETA 0:57:34
[INFO] l2p.py:374 > Train | Sample # 9600 | train_loss 3.0037 | train_acc 0.0625 | lr 0.009682 | running_time 0:13:40 | ETA 0:57:32
[INFO] l2p.py:374 > Train | Sample # 9616 | train_loss 3.6380 | train_acc 0.0000 | lr 0.009681 | running_time 0:13:41 | ETA 0:57:30
[INFO] l2p.py:374 > Train | Sample # 9632 | train_loss 3.5958 | train_acc 0.0625 | lr 0.009680 | running_time 0:13:42 | ETA 0:57:28
[INFO] l2p.py:374 > Train | Sample # 9648 | train_loss 3.2602 | train_acc 0.1250 | lr 0.009679 | running_time 0:13:44 | ETA 0:57:28
[INFO] l2p.py:374 > Train | Sample # 9664 | train_loss 2.9602 | train_acc 0.0625 | lr 0.009678 | running_time 0:13:45 | ETA 0:57:27
[INFO] l2p.py:374 > Train | Sample # 9680 | train_loss 2.9999 | train_acc 0.0625 | lr 0.009677 | running_time 0:13:47 | ETA 0:57:25
[INFO] l2p.py:374 > Train | Sample # 9696 | train_loss 2.9041 | train_acc 0.1250 | lr 0.009676 | running_time 0:13:48 | ETA 0:57:23
[INFO] l2p.py:374 > Train | Sample # 9712 | train_loss 3.0673 | train_acc 0.0000 | lr 0.009675 | running_time 0:13:49 | ETA 0:57:22
[INFO] l2p.py:374 > Train | Sample # 9728 | train_loss 3.1457 | train_acc 0.0625 | lr 0.009674 | running_time 0:13:51 | ETA 0:57:21
[INFO] l2p.py:374 > Train | Sample # 9744 | train_loss 3.5572 | train_acc 0.0000 | lr 0.009673 | running_time 0:13:52 | ETA 0:57:20
[INFO] l2p.py:374 > Train | Sample # 9760 | train_loss 3.0084 | train_acc 0.1250 | lr 0.009672 | running_time 0:13:54 | ETA 0:57:18
[INFO] l2p.py:374 > Train | Sample # 9776 | train_loss 3.0589 | train_acc 0.0000 | lr 0.009672 | running_time 0:13:55 | ETA 0:57:17
[INFO] l2p.py:374 > Train | Sample # 9792 | train_loss 3.1353 | train_acc 0.0000 | lr 0.009671 | running_time 0:13:56 | ETA 0:57:15
[INFO] l2p.py:374 > Train | Sample # 9808 | train_loss 2.9918 | train_acc 0.1875 | lr 0.009670 | running_time 0:13:58 | ETA 0:57:14
[INFO] l2p.py:374 > Train | Sample # 9824 | train_loss 3.0838 | train_acc 0.0000 | lr 0.009669 | running_time 0:13:59 | ETA 0:57:13
[INFO] l2p.py:374 > Train | Sample # 9840 | train_loss 3.2990 | train_acc 0.0625 | lr 0.009668 | running_time 0:14:00 | ETA 0:57:10
[INFO] l2p.py:374 > Train | Sample # 9856 | train_loss 3.0500 | train_acc 0.0000 | lr 0.009667 | running_time 0:14:02 | ETA 0:57:10
[INFO] l2p.py:374 > Train | Sample # 9872 | train_loss 3.4972 | train_acc 0.1875 | lr 0.009666 | running_time 0:14:03 | ETA 0:57:08
[INFO] l2p.py:374 > Train | Sample # 9888 | train_loss 3.3852 | train_acc 0.0000 | lr 0.009665 | running_time 0:14:04 | ETA 0:57:07
[INFO] l2p.py:374 > Train | Sample # 9904 | train_loss 3.0616 | train_acc 0.0000 | lr 0.009664 | running_time 0:14:06 | ETA 0:57:05
[INFO] l2p.py:374 > Train | Sample # 9920 | train_loss 3.0175 | train_acc 0.0625 | lr 0.009663 | running_time 0:14:07 | ETA 0:57:04
[INFO] l2p.py:374 > Train | Sample # 9936 | train_loss 3.3312 | train_acc 0.0625 | lr 0.009662 | running_time 0:14:08 | ETA 0:57:02
[INFO] l2p.py:374 > Train | Sample # 9952 | train_loss 3.5280 | train_acc 0.0000 | lr 0.009661 | running_time 0:14:10 | ETA 0:57:01
[INFO] l2p.py:374 > Train | Sample # 9968 | train_loss 3.0209 | train_acc 0.0625 | lr 0.009660 | running_time 0:14:11 | ETA 0:57:00
[INFO] l2p.py:374 > Train | Sample # 9984 | train_loss 3.5662 | train_acc 0.1250 | lr 0.009659 | running_time 0:14:12 | ETA 0:56:58
[INFO] l2p.py:374 > Train | Sample # 10000 | train_loss 3.2248 | train_acc 0.1250 | lr 0.009658 | running_time 0:14:14 | ETA 0:56:57
[INFO] l2p.py:384 > Test | Sample # 10000 | test_loss 6.0557 | test_acc 0.0142 | 
[INFO] l2p.py:531 > Task 0 | Epoch 1/256 | train_loss 3.5434 | train_acc 0.0497 | lr 0.0300
[INFO] l2p.py:531 > Task 0 | Epoch 2/256 | train_loss 3.2950 | train_acc 0.0412 | lr 0.0150
[INFO] l2p.py:531 > Task 0 | Epoch 3/256 | train_loss 3.4355 | train_acc 0.0492 | lr 0.0300
[INFO] l2p.py:531 > Task 0 | Epoch 4/256 | train_loss 3.4115 | train_acc 0.0467 | lr 0.0256
[INFO] l2p.py:531 > Task 0 | Epoch 5/256 | train_loss 3.2851 | train_acc 0.0472 | lr 0.0150
[INFO] l2p.py:531 > Task 0 | Epoch 6/256 | train_loss 3.2112 | train_acc 0.0497 | lr 0.0045
[INFO] l2p.py:531 > Task 0 | Epoch 7/256 | train_loss 3.3843 | train_acc 0.0477 | lr 0.0300
[INFO] l2p.py:531 > Task 0 | Epoch 8/256 | train_loss 3.4446 | train_acc 0.0502 | lr 0.0289
[INFO] l2p.py:531 > Task 0 | Epoch 9/256 | train_loss 3.3714 | train_acc 0.0482 | lr 0.0256
[INFO] l2p.py:531 > Task 0 | Epoch 10/256 | train_loss 3.3284 | train_acc 0.0487 | lr 0.0208
[INFO] l2p.py:531 > Task 0 | Epoch 11/256 | train_loss 3.2752 | train_acc 0.0537 | lr 0.0150
[INFO] l2p.py:531 > Task 0 | Epoch 12/256 | train_loss 3.2269 | train_acc 0.0482 | lr 0.0093
[INFO] l2p.py:531 > Task 0 | Epoch 13/256 | train_loss 3.2044 | train_acc 0.0422 | lr 0.0045
[INFO] l2p.py:531 > Task 0 | Epoch 14/256 | train_loss 3.1889 | train_acc 0.0567 | lr 0.0012
[INFO] l2p.py:531 > Task 0 | Epoch 15/256 | train_loss 3.4917 | train_acc 0.0502 | lr 0.0300
[INFO] l2p.py:531 > Task 0 | Epoch 16/256 | train_loss 3.5546 | train_acc 0.0537 | lr 0.0297
[INFO] l2p.py:531 > Task 0 | Epoch 17/256 | train_loss 3.4840 | train_acc 0.0497 | lr 0.0289
[INFO] l2p.py:531 > Task 0 | Epoch 18/256 | train_loss 3.4837 | train_acc 0.0432 | lr 0.0275
[INFO] l2p.py:531 > Task 0 | Epoch 19/256 | train_loss 3.4008 | train_acc 0.0487 | lr 0.0256
[INFO] l2p.py:531 > Task 0 | Epoch 20/256 | train_loss 3.3677 | train_acc 0.0447 | lr 0.0234
[INFO] l2p.py:531 > Task 0 | Epoch 21/256 | train_loss 3.3188 | train_acc 0.0522 | lr 0.0208
[INFO] l2p.py:531 > Task 0 | Epoch 22/256 | train_loss 3.3022 | train_acc 0.0457 | lr 0.0180
