[INFO] main.py:40 > Namespace(batchsize=16, batchwise_prompt=False, checkpoint_every_steps=5000, data_dir=None, dataset='cifar100', dist_backend='nccl', dist_url='tcp://127.0.0.1:7009', distributed=True, e_prompt_layer_idx=[0], embedding_key='cls', eval_every_steps=-1, eval_last_only=False, eval_pad_last_batch=False, eval_period=100, eval_task_inc=False, freeze_bn_stats=False, freeze_part=['encoder', 'embedding', 'cls'], gaussian_mode='', gaussian_schedule=False, gpu_transform=True, grad_clip_max_norm=1.0, imp_update_period=1, init_checkpoint=<ml_collections.config_dict.config_dict.FieldReference object at 0x7f337417e590>, initializer='uniform', input_size=224, learning_rate_schedule='constant', length=10, log_loss_every_steps=3, log_path='results', lr=0.003, m=10, mask_first_epoch=False, memory_epoch=256, memory_size=2000, mode='l2p', model_config=None, model_name='resnet34', multiprocessing_distributed=False, n=50, n_worker=2, norm_01=True, norm_pre_logits=False, note='l2p', num_classes_per_task=10, num_epochs=5, num_eval_steps=-1, num_tasks=5, num_train_steps_per_task=-1, offline_eval=False, online_iter=3.0, optim='adam', per_device_batch_size=16, pool_size=10, predefined_key_path='', prompt_histogram=True, prompt_key=True, prompt_key_init='uniform', prompt_mask_mode=None, prompt_pool=True, pull_constraint=True, pull_constraint_coeff=1.0, recreate_eval=False, reinit_optimizer=True, resize_size=256, reverse_task=False, save_last_ckpt_only=True, save_prompts=False, sched_name='default', seed=1, sgd_momentum=0.9, shared_prompt_key=False, shared_prompt_pool=True, shuffle_buffer_size=10000, stream_batchsize=32, stream_eval_period=10000, subsample_rate=-1, task_specific_cls_token=False, temp_batchsize=None, temperature=1, top_k=4, topk=1, total_class=100, train_mask=True, transforms=['cutmix', 'autoaug'], trial=0, use_amp=False, use_cls_token=True, use_e_prompt=True, use_g_prompt=False, use_prefix_tune_for_e_prompt=False, use_prompt_mask=False, vit_classifier='prompt', warmup_epochs=0, weight_decay=0, weight_norm=False, world_size=4)
[INFO] main.py:49 > Set the device (cuda)
[INFO] main.py:101 > Using train-transforms Compose(
    RandomCrop(size=(224, 224), padding=4)
    RandomHorizontalFlip(p=0.5)
    AutoAugment(policy=AutoAugmentPolicy.CIFAR10, fill=None)
    ConvertImageDtype()
    Normalize(mean=(0.5071, 0.4867, 0.4408), std=(0.2675, 0.2565, 0.2761))
)
[INFO] main.py:111 > [1] Select a CIL method (l2p)
Loaded pretrained weights.
x_embedded_dim 768
[INFO] main.py:117 > [2] Incrementally training 5 tasks

##################################################
# Task 0 iteration
##################################################

[INFO] main.py:130 > [2-1] Prepare a datalist for the current task
[INFO] l2p.py:357 > Train | Sample # 16 | train_loss 4.6629 | train_acc 0.0625 | lr 0.003000 | running_time 0:00:10 | ETA 9:15:24
[INFO] l2p.py:357 > Train | Sample # 32 | train_loss 9.9487 | train_acc 0.0000 | lr 0.003000 | running_time 0:00:11 | ETA 4:53:56
[INFO] l2p.py:357 > Train | Sample # 48 | train_loss 5.4772 | train_acc 0.0000 | lr 0.003000 | running_time 0:00:12 | ETA 3:44:08
[INFO] l2p.py:357 > Train | Sample # 64 | train_loss 6.6554 | train_acc 0.0625 | lr 0.003000 | running_time 0:00:13 | ETA 2:59:38
[INFO] l2p.py:357 > Train | Sample # 80 | train_loss 5.0204 | train_acc 0.0625 | lr 0.003000 | running_time 0:00:15 | ETA 2:38:37
[INFO] l2p.py:357 > Train | Sample # 96 | train_loss 4.3918 | train_acc 0.0000 | lr 0.003000 | running_time 0:00:16 | ETA 2:26:25
[INFO] l2p.py:357 > Train | Sample # 112 | train_loss 4.8092 | train_acc 0.1250 | lr 0.003000 | running_time 0:00:17 | ETA 2:12:33
[INFO] l2p.py:357 > Train | Sample # 128 | train_loss 5.1668 | train_acc 0.0000 | lr 0.002999 | running_time 0:00:19 | ETA 2:07:21
[INFO] l2p.py:357 > Train | Sample # 144 | train_loss 4.3105 | train_acc 0.0625 | lr 0.003000 | running_time 0:00:20 | ETA 2:00:55
[INFO] l2p.py:357 > Train | Sample # 160 | train_loss 4.0237 | train_acc 0.0625 | lr 0.002999 | running_time 0:00:22 | ETA 1:55:46
[INFO] l2p.py:357 > Train | Sample # 176 | train_loss 4.1726 | train_acc 0.0000 | lr 0.002999 | running_time 0:00:23 | ETA 1:49:42
[INFO] l2p.py:357 > Train | Sample # 192 | train_loss 4.3507 | train_acc 0.0625 | lr 0.003000 | running_time 0:00:25 | ETA 1:48:13
[INFO] l2p.py:357 > Train | Sample # 208 | train_loss 4.7889 | train_acc 0.0000 | lr 0.002999 | running_time 0:00:26 | ETA 1:43:47
[INFO] l2p.py:357 > Train | Sample # 224 | train_loss 3.9958 | train_acc 0.0000 | lr 0.002999 | running_time 0:00:27 | ETA 1:42:46
[INFO] l2p.py:357 > Train | Sample # 240 | train_loss 4.2520 | train_acc 0.0625 | lr 0.003000 | running_time 0:00:28 | ETA 1:39:12
[INFO] l2p.py:357 > Train | Sample # 256 | train_loss 4.4848 | train_acc 0.0625 | lr 0.002999 | running_time 0:00:30 | ETA 1:37:18
[INFO] l2p.py:357 > Train | Sample # 272 | train_loss 4.1224 | train_acc 0.0000 | lr 0.002999 | running_time 0:00:31 | ETA 1:35:40
[INFO] l2p.py:357 > Train | Sample # 288 | train_loss 4.5813 | train_acc 0.1250 | lr 0.002999 | running_time 0:00:33 | ETA 1:35:17
[INFO] l2p.py:357 > Train | Sample # 304 | train_loss 4.2321 | train_acc 0.1250 | lr 0.002999 | running_time 0:00:34 | ETA 1:32:50
[INFO] l2p.py:357 > Train | Sample # 320 | train_loss 5.4137 | train_acc 0.0625 | lr 0.003000 | running_time 0:00:35 | ETA 1:32:41
[INFO] l2p.py:357 > Train | Sample # 336 | train_loss 3.6963 | train_acc 0.1250 | lr 0.002999 | running_time 0:00:37 | ETA 1:31:32
[INFO] l2p.py:357 > Train | Sample # 352 | train_loss 5.6515 | train_acc 0.0000 | lr 0.003000 | running_time 0:00:38 | ETA 1:29:37
[INFO] l2p.py:357 > Train | Sample # 368 | train_loss 4.0666 | train_acc 0.0000 | lr 0.003000 | running_time 0:00:39 | ETA 1:28:43
[INFO] l2p.py:357 > Train | Sample # 384 | train_loss 3.2236 | train_acc 0.3125 | lr 0.002999 | running_time 0:00:40 | ETA 1:27:52
[INFO] l2p.py:357 > Train | Sample # 400 | train_loss 3.7586 | train_acc 0.0000 | lr 0.002999 | running_time 0:00:42 | ETA 1:27:06
[INFO] l2p.py:357 > Train | Sample # 416 | train_loss 4.1535 | train_acc 0.0000 | lr 0.002999 | running_time 0:00:43 | ETA 1:26:26
[INFO] l2p.py:357 > Train | Sample # 432 | train_loss 4.6105 | train_acc 0.0625 | lr 0.002999 | running_time 0:00:44 | ETA 1:25:09
[INFO] l2p.py:357 > Train | Sample # 448 | train_loss 4.2117 | train_acc 0.0000 | lr 0.002998 | running_time 0:00:46 | ETA 1:25:10
[INFO] l2p.py:357 > Train | Sample # 464 | train_loss 4.1672 | train_acc 0.0000 | lr 0.002998 | running_time 0:00:47 | ETA 1:25:16
[INFO] l2p.py:357 > Train | Sample # 480 | train_loss 3.7094 | train_acc 0.0000 | lr 0.002998 | running_time 0:00:49 | ETA 1:24:42
[INFO] l2p.py:357 > Train | Sample # 496 | train_loss 4.0195 | train_acc 0.1250 | lr 0.003000 | running_time 0:00:50 | ETA 1:23:31
[INFO] l2p.py:357 > Train | Sample # 512 | train_loss 3.5767 | train_acc 0.1250 | lr 0.002999 | running_time 0:00:51 | ETA 1:23:40
[INFO] l2p.py:357 > Train | Sample # 528 | train_loss 3.7026 | train_acc 0.0000 | lr 0.002999 | running_time 0:00:52 | ETA 1:22:36
[INFO] l2p.py:357 > Train | Sample # 544 | train_loss 4.0198 | train_acc 0.0625 | lr 0.003000 | running_time 0:00:54 | ETA 1:22:47
[INFO] l2p.py:357 > Train | Sample # 560 | train_loss 4.4007 | train_acc 0.0000 | lr 0.003000 | running_time 0:00:55 | ETA 1:21:49
[INFO] l2p.py:357 > Train | Sample # 576 | train_loss 5.0456 | train_acc 0.0000 | lr 0.002999 | running_time 0:00:57 | ETA 1:22:01
[INFO] l2p.py:357 > Train | Sample # 592 | train_loss 3.4511 | train_acc 0.0000 | lr 0.002999 | running_time 0:00:58 | ETA 1:21:38
[INFO] l2p.py:357 > Train | Sample # 608 | train_loss 4.1854 | train_acc 0.0000 | lr 0.003000 | running_time 0:01:00 | ETA 1:21:20
[INFO] l2p.py:357 > Train | Sample # 624 | train_loss 3.4803 | train_acc 0.0000 | lr 0.002999 | running_time 0:01:01 | ETA 1:20:27
[INFO] l2p.py:357 > Train | Sample # 640 | train_loss 3.9288 | train_acc 0.0000 | lr 0.002999 | running_time 0:01:02 | ETA 1:20:08
[INFO] l2p.py:357 > Train | Sample # 656 | train_loss 3.6188 | train_acc 0.0625 | lr 0.002999 | running_time 0:01:04 | ETA 1:20:20
[INFO] l2p.py:357 > Train | Sample # 672 | train_loss 3.7634 | train_acc 0.0625 | lr 0.002999 | running_time 0:01:05 | ETA 1:20:03
[INFO] l2p.py:357 > Train | Sample # 688 | train_loss 3.3102 | train_acc 0.1250 | lr 0.002998 | running_time 0:01:06 | ETA 1:19:08
[INFO] l2p.py:357 > Train | Sample # 704 | train_loss 4.3257 | train_acc 0.1250 | lr 0.003000 | running_time 0:01:07 | ETA 1:19:03
[INFO] l2p.py:357 > Train | Sample # 720 | train_loss 3.6996 | train_acc 0.0625 | lr 0.002999 | running_time 0:01:09 | ETA 1:19:14
[INFO] l2p.py:357 > Train | Sample # 736 | train_loss 3.8329 | train_acc 0.1250 | lr 0.002999 | running_time 0:01:10 | ETA 1:18:59
[INFO] l2p.py:357 > Train | Sample # 752 | train_loss 3.3692 | train_acc 0.0625 | lr 0.002999 | running_time 0:01:11 | ETA 1:18:19
[INFO] l2p.py:357 > Train | Sample # 768 | train_loss 4.7307 | train_acc 0.0000 | lr 0.003000 | running_time 0:01:13 | ETA 1:18:07
[INFO] l2p.py:357 > Train | Sample # 784 | train_loss 3.5662 | train_acc 0.0625 | lr 0.002999 | running_time 0:01:14 | ETA 1:18:18
[INFO] l2p.py:357 > Train | Sample # 800 | train_loss 3.2800 | train_acc 0.0625 | lr 0.002999 | running_time 0:01:16 | ETA 1:18:05
[INFO] l2p.py:357 > Train | Sample # 816 | train_loss 3.7785 | train_acc 0.0625 | lr 0.002999 | running_time 0:01:17 | ETA 1:17:31
[INFO] l2p.py:357 > Train | Sample # 832 | train_loss 3.3203 | train_acc 0.0625 | lr 0.002999 | running_time 0:01:18 | ETA 1:17:01
[INFO] l2p.py:357 > Train | Sample # 848 | train_loss 3.4993 | train_acc 0.1250 | lr 0.002998 | running_time 0:01:19 | ETA 1:17:08
[INFO] l2p.py:357 > Train | Sample # 864 | train_loss 3.2436 | train_acc 0.0625 | lr 0.002998 | running_time 0:01:21 | ETA 1:17:20
[INFO] l2p.py:357 > Train | Sample # 880 | train_loss 3.5385 | train_acc 0.0000 | lr 0.002998 | running_time 0:01:22 | ETA 1:17:10
[INFO] l2p.py:357 > Train | Sample # 896 | train_loss 3.1782 | train_acc 0.0000 | lr 0.002997 | running_time 0:01:24 | ETA 1:16:59
[INFO] l2p.py:357 > Train | Sample # 912 | train_loss 3.1778 | train_acc 0.0625 | lr 0.002997 | running_time 0:01:24 | ETA 1:16:11
[INFO] l2p.py:357 > Train | Sample # 928 | train_loss 4.9447 | train_acc 0.0000 | lr 0.003000 | running_time 0:01:25 | ETA 1:15:39
[INFO] l2p.py:357 > Train | Sample # 944 | train_loss 3.5885 | train_acc 0.1250 | lr 0.002999 | running_time 0:01:26 | ETA 1:15:20
[INFO] l2p.py:357 > Train | Sample # 960 | train_loss 3.6830 | train_acc 0.0000 | lr 0.002999 | running_time 0:01:27 | ETA 1:14:52
[INFO] l2p.py:357 > Train | Sample # 976 | train_loss 4.5859 | train_acc 0.0625 | lr 0.002999 | running_time 0:01:29 | ETA 1:14:49
[INFO] l2p.py:357 > Train | Sample # 992 | train_loss 4.5459 | train_acc 0.0625 | lr 0.003000 | running_time 0:01:31 | ETA 1:14:57
[INFO] l2p.py:357 > Train | Sample # 1008 | train_loss 3.5061 | train_acc 0.1250 | lr 0.002999 | running_time 0:01:31 | ETA 1:14:30
[INFO] l2p.py:357 > Train | Sample # 1024 | train_loss 3.5144 | train_acc 0.0625 | lr 0.002999 | running_time 0:01:33 | ETA 1:14:42
[INFO] l2p.py:357 > Train | Sample # 1040 | train_loss 3.3304 | train_acc 0.0625 | lr 0.002999 | running_time 0:01:35 | ETA 1:14:35
[INFO] l2p.py:357 > Train | Sample # 1056 | train_loss 3.1942 | train_acc 0.0000 | lr 0.002999 | running_time 0:01:36 | ETA 1:14:13
[INFO] l2p.py:357 > Train | Sample # 1072 | train_loss 3.5530 | train_acc 0.0625 | lr 0.002998 | running_time 0:01:37 | ETA 1:14:01
[INFO] l2p.py:357 > Train | Sample # 1088 | train_loss 4.0024 | train_acc 0.0625 | lr 0.003000 | running_time 0:01:38 | ETA 1:13:58
[INFO] l2p.py:357 > Train | Sample # 1104 | train_loss 3.5497 | train_acc 0.0625 | lr 0.002999 | running_time 0:01:39 | ETA 1:13:46
[INFO] l2p.py:357 > Train | Sample # 1120 | train_loss 3.6977 | train_acc 0.0625 | lr 0.002999 | running_time 0:01:40 | ETA 1:13:09
[INFO] l2p.py:357 > Train | Sample # 1136 | train_loss 3.5254 | train_acc 0.0625 | lr 0.002999 | running_time 0:01:41 | ETA 1:12:43
[INFO] l2p.py:357 > Train | Sample # 1152 | train_loss 3.8285 | train_acc 0.1250 | lr 0.002999 | running_time 0:01:42 | ETA 1:12:19
[INFO] l2p.py:357 > Train | Sample # 1168 | train_loss 3.7945 | train_acc 0.0625 | lr 0.002998 | running_time 0:01:42 | ETA 1:11:44
[INFO] l2p.py:357 > Train | Sample # 1184 | train_loss 3.4032 | train_acc 0.0625 | lr 0.002998 | running_time 0:01:44 | ETA 1:11:49
[INFO] l2p.py:357 > Train | Sample # 1200 | train_loss 3.6241 | train_acc 0.0000 | lr 0.002998 | running_time 0:01:45 | ETA 1:11:46
[INFO] l2p.py:357 > Train | Sample # 1216 | train_loss 3.4921 | train_acc 0.0625 | lr 0.002997 | running_time 0:01:47 | ETA 1:11:41
[INFO] l2p.py:357 > Train | Sample # 1232 | train_loss 3.4854 | train_acc 0.0625 | lr 0.002997 | running_time 0:01:48 | ETA 1:11:37
[INFO] l2p.py:357 > Train | Sample # 1248 | train_loss 3.6778 | train_acc 0.0000 | lr 0.002997 | running_time 0:01:49 | ETA 1:11:33
[INFO] l2p.py:357 > Train | Sample # 1264 | train_loss 4.3264 | train_acc 0.0000 | lr 0.003000 | running_time 0:01:50 | ETA 1:11:15
[INFO] l2p.py:357 > Train | Sample # 1280 | train_loss 3.3164 | train_acc 0.0000 | lr 0.002999 | running_time 0:01:51 | ETA 1:10:59
[INFO] l2p.py:357 > Train | Sample # 1296 | train_loss 3.6158 | train_acc 0.0625 | lr 0.002999 | running_time 0:01:53 | ETA 1:11:22
[INFO] l2p.py:357 > Train | Sample # 1312 | train_loss 4.2112 | train_acc 0.0000 | lr 0.002999 | running_time 0:01:55 | ETA 1:11:18
[INFO] l2p.py:357 > Train | Sample # 1328 | train_loss 3.6357 | train_acc 0.0000 | lr 0.002999 | running_time 0:01:56 | ETA 1:11:09
[INFO] l2p.py:357 > Train | Sample # 1344 | train_loss 3.5360 | train_acc 0.0000 | lr 0.002998 | running_time 0:01:57 | ETA 1:11:11
[INFO] l2p.py:357 > Train | Sample # 1360 | train_loss 3.0780 | train_acc 0.1250 | lr 0.002998 | running_time 0:01:58 | ETA 1:10:53
[INFO] l2p.py:357 > Train | Sample # 1376 | train_loss 3.8564 | train_acc 0.0000 | lr 0.002998 | running_time 0:02:00 | ETA 1:10:50
[INFO] l2p.py:357 > Train | Sample # 1392 | train_loss 3.4545 | train_acc 0.1250 | lr 0.002997 | running_time 0:02:01 | ETA 1:10:47
[INFO] l2p.py:357 > Train | Sample # 1408 | train_loss 4.1127 | train_acc 0.0000 | lr 0.003000 | running_time 0:02:03 | ETA 1:10:57
[INFO] l2p.py:357 > Train | Sample # 1424 | train_loss 3.7173 | train_acc 0.1250 | lr 0.002999 | running_time 0:02:04 | ETA 1:10:41
[INFO] l2p.py:357 > Train | Sample # 1440 | train_loss 3.6142 | train_acc 0.0625 | lr 0.002999 | running_time 0:02:06 | ETA 1:10:51
[INFO] l2p.py:357 > Train | Sample # 1456 | train_loss 3.3824 | train_acc 0.0000 | lr 0.002999 | running_time 0:02:07 | ETA 1:10:34
[INFO] l2p.py:357 > Train | Sample # 1472 | train_loss 3.8029 | train_acc 0.0000 | lr 0.002999 | running_time 0:02:08 | ETA 1:10:32
[INFO] l2p.py:357 > Train | Sample # 1488 | train_loss 3.7485 | train_acc 0.0000 | lr 0.002998 | running_time 0:02:10 | ETA 1:10:41
[INFO] l2p.py:357 > Train | Sample # 1504 | train_loss 3.3487 | train_acc 0.1250 | lr 0.002998 | running_time 0:02:11 | ETA 1:10:25
[INFO] l2p.py:357 > Train | Sample # 1520 | train_loss 3.2261 | train_acc 0.1250 | lr 0.002998 | running_time 0:02:12 | ETA 1:10:35
[INFO] l2p.py:357 > Train | Sample # 1536 | train_loss 3.6161 | train_acc 0.0000 | lr 0.002997 | running_time 0:02:13 | ETA 1:10:20
[INFO] l2p.py:357 > Train | Sample # 1552 | train_loss 3.0437 | train_acc 0.1875 | lr 0.002997 | running_time 0:02:15 | ETA 1:10:17
[INFO] l2p.py:357 > Train | Sample # 1568 | train_loss 3.9575 | train_acc 0.0625 | lr 0.002997 | running_time 0:02:16 | ETA 1:10:15
[INFO] l2p.py:357 > Train | Sample # 1584 | train_loss 4.1125 | train_acc 0.0625 | lr 0.002996 | running_time 0:02:17 | ETA 1:10:14
[INFO] l2p.py:357 > Train | Sample # 1600 | train_loss 4.2555 | train_acc 0.0625 | lr 0.003000 | running_time 0:02:19 | ETA 1:10:09
[INFO] l2p.py:357 > Train | Sample # 1616 | train_loss 3.3152 | train_acc 0.0625 | lr 0.002999 | running_time 0:02:20 | ETA 1:10:07
[INFO] l2p.py:357 > Train | Sample # 1632 | train_loss 3.3502 | train_acc 0.0625 | lr 0.002999 | running_time 0:02:22 | ETA 1:10:16
[INFO] l2p.py:357 > Train | Sample # 1648 | train_loss 3.0370 | train_acc 0.0625 | lr 0.002999 | running_time 0:02:23 | ETA 1:10:13
[INFO] l2p.py:357 > Train | Sample # 1664 | train_loss 3.3035 | train_acc 0.0625 | lr 0.002999 | running_time 0:02:24 | ETA 1:10:10
[INFO] l2p.py:357 > Train | Sample # 1680 | train_loss 3.0236 | train_acc 0.1875 | lr 0.002998 | running_time 0:02:26 | ETA 1:10:07
[INFO] l2p.py:357 > Train | Sample # 1696 | train_loss 3.9822 | train_acc 0.0000 | lr 0.003000 | running_time 0:02:27 | ETA 1:10:04
[INFO] l2p.py:357 > Train | Sample # 1712 | train_loss 3.3315 | train_acc 0.1250 | lr 0.002999 | running_time 0:02:28 | ETA 1:10:02
[INFO] l2p.py:357 > Train | Sample # 1728 | train_loss 3.1945 | train_acc 0.0000 | lr 0.002999 | running_time 0:02:29 | ETA 1:09:48
[INFO] l2p.py:357 > Train | Sample # 1744 | train_loss 3.7295 | train_acc 0.0000 | lr 0.002999 | running_time 0:02:31 | ETA 1:09:56
[INFO] l2p.py:357 > Train | Sample # 1760 | train_loss 3.3911 | train_acc 0.0000 | lr 0.002999 | running_time 0:02:32 | ETA 1:09:43
[INFO] l2p.py:357 > Train | Sample # 1776 | train_loss 3.4180 | train_acc 0.0625 | lr 0.002998 | running_time 0:02:34 | ETA 1:09:51
[INFO] l2p.py:357 > Train | Sample # 1792 | train_loss 3.9696 | train_acc 0.0000 | lr 0.002998 | running_time 0:02:35 | ETA 1:09:38
[INFO] l2p.py:357 > Train | Sample # 1808 | train_loss 4.0929 | train_acc 0.0000 | lr 0.003000 | running_time 0:02:37 | ETA 1:09:46
[INFO] l2p.py:357 > Train | Sample # 1824 | train_loss 3.5798 | train_acc 0.0000 | lr 0.002999 | running_time 0:02:38 | ETA 1:09:43
[INFO] l2p.py:357 > Train | Sample # 1840 | train_loss 3.6622 | train_acc 0.0000 | lr 0.002999 | running_time 0:02:39 | ETA 1:09:30
[INFO] l2p.py:357 > Train | Sample # 1856 | train_loss 4.0502 | train_acc 0.0000 | lr 0.002999 | running_time 0:02:40 | ETA 1:09:20
[INFO] l2p.py:357 > Train | Sample # 1872 | train_loss 3.7931 | train_acc 0.0000 | lr 0.002999 | running_time 0:02:41 | ETA 1:09:06
[INFO] l2p.py:357 > Train | Sample # 1888 | train_loss 3.0544 | train_acc 0.0000 | lr 0.002998 | running_time 0:02:42 | ETA 1:08:59
[INFO] l2p.py:357 > Train | Sample # 1904 | train_loss 3.4461 | train_acc 0.0625 | lr 0.002998 | running_time 0:02:43 | ETA 1:08:47
[INFO] l2p.py:357 > Train | Sample # 1920 | train_loss 3.3389 | train_acc 0.0625 | lr 0.002998 | running_time 0:02:45 | ETA 1:08:54
[INFO] l2p.py:357 > Train | Sample # 1936 | train_loss 2.9366 | train_acc 0.1250 | lr 0.002997 | running_time 0:02:46 | ETA 1:08:43
[INFO] l2p.py:357 > Train | Sample # 1952 | train_loss 4.0868 | train_acc 0.0000 | lr 0.002997 | running_time 0:02:47 | ETA 1:08:50
[INFO] l2p.py:357 > Train | Sample # 1968 | train_loss 3.5723 | train_acc 0.0625 | lr 0.002997 | running_time 0:02:49 | ETA 1:08:49
[INFO] l2p.py:357 > Train | Sample # 1984 | train_loss 3.1247 | train_acc 0.0625 | lr 0.002996 | running_time 0:02:50 | ETA 1:08:47
[INFO] l2p.py:357 > Train | Sample # 2000 | train_loss 4.0748 | train_acc 0.0000 | lr 0.003000 | running_time 0:02:51 | ETA 1:08:35
[INFO] l2p.py:357 > Train | Sample # 2016 | train_loss 3.7169 | train_acc 0.0625 | lr 0.002999 | running_time 0:02:53 | ETA 1:08:43
[INFO] l2p.py:357 > Train | Sample # 2032 | train_loss 3.4812 | train_acc 0.1875 | lr 0.002999 | running_time 0:02:54 | ETA 1:08:31
[INFO] l2p.py:357 > Train | Sample # 2048 | train_loss 3.0130 | train_acc 0.0000 | lr 0.002999 | running_time 0:02:55 | ETA 1:08:39
[INFO] l2p.py:357 > Train | Sample # 2064 | train_loss 3.4843 | train_acc 0.0625 | lr 0.002999 | running_time 0:02:57 | ETA 1:08:37
[INFO] l2p.py:357 > Train | Sample # 2080 | train_loss 3.1577 | train_acc 0.1250 | lr 0.002998 | running_time 0:02:58 | ETA 1:08:35
[INFO] l2p.py:357 > Train | Sample # 2096 | train_loss 3.5333 | train_acc 0.1250 | lr 0.002998 | running_time 0:02:59 | ETA 1:08:24
[INFO] l2p.py:357 > Train | Sample # 2112 | train_loss 3.1575 | train_acc 0.1875 | lr 0.002998 | running_time 0:03:01 | ETA 1:08:24
[INFO] l2p.py:357 > Train | Sample # 2128 | train_loss 3.2570 | train_acc 0.0625 | lr 0.002997 | running_time 0:03:02 | ETA 1:08:28
[INFO] l2p.py:357 > Train | Sample # 2144 | train_loss 3.1998 | train_acc 0.0625 | lr 0.002997 | running_time 0:03:03 | ETA 1:08:27
[INFO] l2p.py:357 > Train | Sample # 2160 | train_loss 3.1666 | train_acc 0.1250 | lr 0.002997 | running_time 0:03:04 | ETA 1:08:16
[INFO] l2p.py:357 > Train | Sample # 2176 | train_loss 3.6074 | train_acc 0.0000 | lr 0.002996 | running_time 0:03:05 | ETA 1:08:07
[INFO] l2p.py:357 > Train | Sample # 2192 | train_loss 3.1117 | train_acc 0.1250 | lr 0.002996 | running_time 0:03:08 | ETA 1:08:20
[INFO] l2p.py:357 > Train | Sample # 2208 | train_loss 3.7530 | train_acc 0.0000 | lr 0.002996 | running_time 0:03:09 | ETA 1:08:18
[INFO] l2p.py:357 > Train | Sample # 2224 | train_loss 3.9636 | train_acc 0.0000 | lr 0.002996 | running_time 0:03:10 | ETA 1:08:08
[INFO] l2p.py:357 > Train | Sample # 2240 | train_loss 3.2415 | train_acc 0.1250 | lr 0.002995 | running_time 0:03:11 | ETA 1:08:07
[INFO] l2p.py:357 > Train | Sample # 2256 | train_loss 3.6013 | train_acc 0.0000 | lr 0.002995 | running_time 0:03:12 | ETA 1:07:58
[INFO] l2p.py:357 > Train | Sample # 2272 | train_loss 3.5250 | train_acc 0.0000 | lr 0.002995 | running_time 0:03:14 | ETA 1:08:11
[INFO] l2p.py:357 > Train | Sample # 2288 | train_loss 3.1843 | train_acc 0.0625 | lr 0.002994 | running_time 0:03:16 | ETA 1:08:09
[INFO] l2p.py:357 > Train | Sample # 2304 | train_loss 3.5597 | train_acc 0.1250 | lr 0.003000 | running_time 0:03:17 | ETA 1:08:08
[INFO] l2p.py:357 > Train | Sample # 2320 | train_loss 2.9408 | train_acc 0.0625 | lr 0.002999 | running_time 0:03:18 | ETA 1:07:58
[INFO] l2p.py:357 > Train | Sample # 2336 | train_loss 3.7503 | train_acc 0.1250 | lr 0.003000 | running_time 0:03:20 | ETA 1:08:04
[INFO] l2p.py:357 > Train | Sample # 2352 | train_loss 3.4582 | train_acc 0.0625 | lr 0.002999 | running_time 0:03:20 | ETA 1:07:47
[INFO] l2p.py:357 > Train | Sample # 2368 | train_loss 3.7999 | train_acc 0.0000 | lr 0.002999 | running_time 0:03:22 | ETA 1:07:59
[INFO] l2p.py:357 > Train | Sample # 2384 | train_loss 3.3621 | train_acc 0.0625 | lr 0.002999 | running_time 0:03:24 | ETA 1:07:58
[INFO] l2p.py:357 > Train | Sample # 2400 | train_loss 3.6794 | train_acc 0.0625 | lr 0.002999 | running_time 0:03:25 | ETA 1:07:48
[INFO] l2p.py:357 > Train | Sample # 2416 | train_loss 3.2191 | train_acc 0.0625 | lr 0.002998 | running_time 0:03:26 | ETA 1:07:54
[INFO] l2p.py:357 > Train | Sample # 2432 | train_loss 3.1412 | train_acc 0.0625 | lr 0.002998 | running_time 0:03:27 | ETA 1:07:45
[INFO] l2p.py:357 > Train | Sample # 2448 | train_loss 3.4154 | train_acc 0.0000 | lr 0.002998 | running_time 0:03:29 | ETA 1:07:43
[INFO] l2p.py:357 > Train | Sample # 2464 | train_loss 3.7451 | train_acc 0.0000 | lr 0.002997 | running_time 0:03:29 | ETA 1:07:27
[INFO] l2p.py:357 > Train | Sample # 2480 | train_loss 3.0779 | train_acc 0.0625 | lr 0.002997 | running_time 0:03:31 | ETA 1:07:23
[INFO] l2p.py:357 > Train | Sample # 2496 | train_loss 3.9163 | train_acc 0.1250 | lr 0.003000 | running_time 0:03:32 | ETA 1:07:19
[INFO] l2p.py:357 > Train | Sample # 2512 | train_loss 3.4544 | train_acc 0.1250 | lr 0.002999 | running_time 0:03:33 | ETA 1:07:18
[INFO] l2p.py:357 > Train | Sample # 2528 | train_loss 3.2985 | train_acc 0.0625 | lr 0.002999 | running_time 0:03:34 | ETA 1:07:09
[INFO] l2p.py:357 > Train | Sample # 2544 | train_loss 3.1468 | train_acc 0.0625 | lr 0.002999 | running_time 0:03:35 | ETA 1:07:08
[INFO] l2p.py:357 > Train | Sample # 2560 | train_loss 3.9237 | train_acc 0.0625 | lr 0.002999 | running_time 0:03:37 | ETA 1:07:06
[INFO] l2p.py:357 > Train | Sample # 2576 | train_loss 3.1778 | train_acc 0.0625 | lr 0.002998 | running_time 0:03:38 | ETA 1:07:05
[INFO] l2p.py:357 > Train | Sample # 2592 | train_loss 3.1447 | train_acc 0.0625 | lr 0.002998 | running_time 0:03:40 | ETA 1:07:11
[INFO] l2p.py:357 > Train | Sample # 2608 | train_loss 3.4370 | train_acc 0.1250 | lr 0.002998 | running_time 0:03:41 | ETA 1:07:02
[INFO] l2p.py:357 > Train | Sample # 2624 | train_loss 3.9184 | train_acc 0.0625 | lr 0.003000 | running_time 0:03:43 | ETA 1:07:08
[INFO] l2p.py:357 > Train | Sample # 2640 | train_loss 3.3505 | train_acc 0.0625 | lr 0.002999 | running_time 0:03:44 | ETA 1:07:07
[INFO] l2p.py:357 > Train | Sample # 2656 | train_loss 3.5392 | train_acc 0.0000 | lr 0.002999 | running_time 0:03:45 | ETA 1:07:05
[INFO] l2p.py:357 > Train | Sample # 2672 | train_loss 3.0194 | train_acc 0.0625 | lr 0.002999 | running_time 0:03:46 | ETA 1:06:57
[INFO] l2p.py:357 > Train | Sample # 2688 | train_loss 3.6025 | train_acc 0.0000 | lr 0.002999 | running_time 0:03:48 | ETA 1:06:57
[INFO] l2p.py:357 > Train | Sample # 2704 | train_loss 3.6018 | train_acc 0.0000 | lr 0.002998 | running_time 0:03:49 | ETA 1:07:01
[INFO] l2p.py:357 > Train | Sample # 2720 | train_loss 3.5152 | train_acc 0.0000 | lr 0.002998 | running_time 0:03:50 | ETA 1:06:53
[INFO] l2p.py:357 > Train | Sample # 2736 | train_loss 3.4093 | train_acc 0.0000 | lr 0.002998 | running_time 0:03:52 | ETA 1:06:51
[INFO] l2p.py:357 > Train | Sample # 2752 | train_loss 3.6564 | train_acc 0.0000 | lr 0.002997 | running_time 0:03:53 | ETA 1:06:50
[INFO] l2p.py:357 > Train | Sample # 2768 | train_loss 3.8821 | train_acc 0.0000 | lr 0.002997 | running_time 0:03:55 | ETA 1:06:55
[INFO] l2p.py:357 > Train | Sample # 2784 | train_loss 3.3242 | train_acc 0.0625 | lr 0.002997 | running_time 0:03:56 | ETA 1:06:47
[INFO] l2p.py:357 > Train | Sample # 2800 | train_loss 3.2982 | train_acc 0.0625 | lr 0.002996 | running_time 0:03:58 | ETA 1:06:53
[INFO] l2p.py:357 > Train | Sample # 2816 | train_loss 3.9166 | train_acc 0.0625 | lr 0.003000 | running_time 0:03:59 | ETA 1:06:44
[INFO] l2p.py:357 > Train | Sample # 2832 | train_loss 3.6716 | train_acc 0.0625 | lr 0.002999 | running_time 0:04:00 | ETA 1:06:49
[INFO] l2p.py:357 > Train | Sample # 2848 | train_loss 3.4799 | train_acc 0.0625 | lr 0.002999 | running_time 0:04:02 | ETA 1:06:48
[INFO] l2p.py:357 > Train | Sample # 2864 | train_loss 3.3938 | train_acc 0.0625 | lr 0.002999 | running_time 0:04:03 | ETA 1:06:40
[INFO] l2p.py:357 > Train | Sample # 2880 | train_loss 3.4803 | train_acc 0.0000 | lr 0.002999 | running_time 0:04:04 | ETA 1:06:45
[INFO] l2p.py:357 > Train | Sample # 2896 | train_loss 3.2002 | train_acc 0.1250 | lr 0.002998 | running_time 0:04:06 | ETA 1:06:44
[INFO] l2p.py:357 > Train | Sample # 2912 | train_loss 3.4071 | train_acc 0.0625 | lr 0.002998 | running_time 0:04:07 | ETA 1:06:42
[INFO] l2p.py:357 > Train | Sample # 2928 | train_loss 4.1314 | train_acc 0.0000 | lr 0.002998 | running_time 0:04:08 | ETA 1:06:41
[INFO] l2p.py:357 > Train | Sample # 2944 | train_loss 3.3776 | train_acc 0.0625 | lr 0.002997 | running_time 0:04:10 | ETA 1:06:39
[INFO] l2p.py:357 > Train | Sample # 2960 | train_loss 3.0584 | train_acc 0.0625 | lr 0.002997 | running_time 0:04:11 | ETA 1:06:38
[INFO] l2p.py:357 > Train | Sample # 2976 | train_loss 3.8340 | train_acc 0.1250 | lr 0.002997 | running_time 0:04:12 | ETA 1:06:30
[INFO] l2p.py:357 > Train | Sample # 2992 | train_loss 3.3864 | train_acc 0.0625 | lr 0.002996 | running_time 0:04:13 | ETA 1:06:29
[INFO] l2p.py:357 > Train | Sample # 3008 | train_loss 3.5326 | train_acc 0.0625 | lr 0.002996 | running_time 0:04:15 | ETA 1:06:34
[INFO] l2p.py:357 > Train | Sample # 3024 | train_loss 3.1219 | train_acc 0.0000 | lr 0.002996 | running_time 0:04:17 | ETA 1:06:32
[INFO] l2p.py:357 > Train | Sample # 3040 | train_loss 3.1410 | train_acc 0.0000 | lr 0.002996 | running_time 0:04:17 | ETA 1:06:25
[INFO] l2p.py:357 > Train | Sample # 3056 | train_loss 3.2232 | train_acc 0.0625 | lr 0.002995 | running_time 0:04:19 | ETA 1:06:25
[INFO] l2p.py:357 > Train | Sample # 3072 | train_loss 3.3914 | train_acc 0.0000 | lr 0.002995 | running_time 0:04:20 | ETA 1:06:22
[INFO] l2p.py:357 > Train | Sample # 3088 | train_loss 4.1355 | train_acc 0.0000 | lr 0.002995 | running_time 0:04:22 | ETA 1:06:27
[INFO] l2p.py:357 > Train | Sample # 3104 | train_loss 3.5999 | train_acc 0.0625 | lr 0.002994 | running_time 0:04:23 | ETA 1:06:25
[INFO] l2p.py:357 > Train | Sample # 3120 | train_loss 3.5461 | train_acc 0.0625 | lr 0.002994 | running_time 0:04:24 | ETA 1:06:18
[INFO] l2p.py:357 > Train | Sample # 3136 | train_loss 3.6067 | train_acc 0.0625 | lr 0.003000 | running_time 0:04:26 | ETA 1:06:17
[INFO] l2p.py:357 > Train | Sample # 3152 | train_loss 3.2261 | train_acc 0.0625 | lr 0.002999 | running_time 0:04:27 | ETA 1:06:16
[INFO] l2p.py:357 > Train | Sample # 3168 | train_loss 3.2537 | train_acc 0.0625 | lr 0.002999 | running_time 0:04:29 | ETA 1:06:20
[INFO] l2p.py:357 > Train | Sample # 3184 | train_loss 3.3584 | train_acc 0.0625 | lr 0.002999 | running_time 0:04:30 | ETA 1:06:13
[INFO] l2p.py:357 > Train | Sample # 3200 | train_loss 3.4591 | train_acc 0.0625 | lr 0.002999 | running_time 0:04:31 | ETA 1:06:12
[INFO] l2p.py:357 > Train | Sample # 3216 | train_loss 3.1111 | train_acc 0.1250 | lr 0.002998 | running_time 0:04:32 | ETA 1:06:10
[INFO] l2p.py:357 > Train | Sample # 3232 | train_loss 3.5496 | train_acc 0.0625 | lr 0.002998 | running_time 0:04:34 | ETA 1:06:14
[INFO] l2p.py:357 > Train | Sample # 3248 | train_loss 3.6452 | train_acc 0.0625 | lr 0.002998 | running_time 0:04:35 | ETA 1:06:11
[INFO] l2p.py:357 > Train | Sample # 3264 | train_loss 3.0465 | train_acc 0.0000 | lr 0.002997 | running_time 0:04:37 | ETA 1:06:10
[INFO] l2p.py:357 > Train | Sample # 3280 | train_loss 2.9600 | train_acc 0.1250 | lr 0.002997 | running_time 0:04:38 | ETA 1:06:08
[INFO] l2p.py:357 > Train | Sample # 3296 | train_loss 3.7473 | train_acc 0.0625 | lr 0.002997 | running_time 0:04:39 | ETA 1:06:06
[INFO] l2p.py:357 > Train | Sample # 3312 | train_loss 3.6372 | train_acc 0.1250 | lr 0.002996 | running_time 0:04:40 | ETA 1:05:59
[INFO] l2p.py:357 > Train | Sample # 3328 | train_loss 3.9994 | train_acc 0.0000 | lr 0.002996 | running_time 0:04:42 | ETA 1:06:03
[INFO] l2p.py:357 > Train | Sample # 3344 | train_loss 3.8745 | train_acc 0.0000 | lr 0.002996 | running_time 0:04:43 | ETA 1:05:55
[INFO] l2p.py:357 > Train | Sample # 3360 | train_loss 3.6879 | train_acc 0.0000 | lr 0.002996 | running_time 0:04:44 | ETA 1:05:54
[INFO] l2p.py:357 > Train | Sample # 3376 | train_loss 3.3145 | train_acc 0.0000 | lr 0.002995 | running_time 0:04:46 | ETA 1:05:52
[INFO] l2p.py:357 > Train | Sample # 3392 | train_loss 3.3103 | train_acc 0.0625 | lr 0.002995 | running_time 0:04:47 | ETA 1:05:56
[INFO] l2p.py:357 > Train | Sample # 3408 | train_loss 3.6566 | train_acc 0.0000 | lr 0.002995 | running_time 0:04:48 | ETA 1:05:49
[INFO] l2p.py:357 > Train | Sample # 3424 | train_loss 3.4904 | train_acc 0.0625 | lr 0.002994 | running_time 0:04:50 | ETA 1:05:52
[INFO] l2p.py:357 > Train | Sample # 3440 | train_loss 3.3750 | train_acc 0.0000 | lr 0.002994 | running_time 0:04:51 | ETA 1:05:45
[INFO] l2p.py:357 > Train | Sample # 3456 | train_loss 3.2299 | train_acc 0.0000 | lr 0.002994 | running_time 0:04:53 | ETA 1:05:49
[INFO] l2p.py:357 > Train | Sample # 3472 | train_loss 3.2540 | train_acc 0.1875 | lr 0.002993 | running_time 0:04:54 | ETA 1:05:43
[INFO] l2p.py:357 > Train | Sample # 3488 | train_loss 3.3533 | train_acc 0.0625 | lr 0.002993 | running_time 0:04:55 | ETA 1:05:41
[INFO] l2p.py:357 > Train | Sample # 3504 | train_loss 3.1389 | train_acc 0.0000 | lr 0.002993 | running_time 0:04:56 | ETA 1:05:33
[INFO] l2p.py:357 > Train | Sample # 3520 | train_loss 3.2999 | train_acc 0.0000 | lr 0.002993 | running_time 0:04:57 | ETA 1:05:28
[INFO] l2p.py:357 > Train | Sample # 3536 | train_loss 3.5155 | train_acc 0.0625 | lr 0.002992 | running_time 0:04:58 | ETA 1:05:24
[INFO] l2p.py:357 > Train | Sample # 3552 | train_loss 3.5613 | train_acc 0.0000 | lr 0.002992 | running_time 0:05:00 | ETA 1:05:23
[INFO] l2p.py:357 > Train | Sample # 3568 | train_loss 3.4726 | train_acc 0.0000 | lr 0.002992 | running_time 0:05:01 | ETA 1:05:21
[INFO] l2p.py:357 > Train | Sample # 3584 | train_loss 3.4039 | train_acc 0.0000 | lr 0.002991 | running_time 0:05:02 | ETA 1:05:15
[INFO] l2p.py:357 > Train | Sample # 3600 | train_loss 2.9602 | train_acc 0.0000 | lr 0.002991 | running_time 0:05:03 | ETA 1:05:10
[INFO] l2p.py:357 > Train | Sample # 3616 | train_loss 2.9685 | train_acc 0.0000 | lr 0.002991 | running_time 0:05:05 | ETA 1:05:17
[INFO] l2p.py:357 > Train | Sample # 3632 | train_loss 3.4592 | train_acc 0.0000 | lr 0.002990 | running_time 0:05:06 | ETA 1:05:11
[INFO] l2p.py:357 > Train | Sample # 3648 | train_loss 3.1425 | train_acc 0.0000 | lr 0.002990 | running_time 0:05:07 | ETA 1:05:03
[INFO] l2p.py:357 > Train | Sample # 3664 | train_loss 3.1627 | train_acc 0.0000 | lr 0.002990 | running_time 0:05:07 | ETA 1:04:53
[INFO] l2p.py:357 > Train | Sample # 3680 | train_loss 3.3297 | train_acc 0.0000 | lr 0.002990 | running_time 0:05:09 | ETA 1:04:54
[INFO] l2p.py:357 > Train | Sample # 3696 | train_loss 3.1692 | train_acc 0.0625 | lr 0.002989 | running_time 0:05:10 | ETA 1:04:53
[INFO] l2p.py:357 > Train | Sample # 3712 | train_loss 3.1011 | train_acc 0.1250 | lr 0.002989 | running_time 0:05:12 | ETA 1:04:51
[INFO] l2p.py:357 > Train | Sample # 3728 | train_loss 3.5256 | train_acc 0.1250 | lr 0.002989 | running_time 0:05:13 | ETA 1:04:46
[INFO] l2p.py:357 > Train | Sample # 3744 | train_loss 3.2528 | train_acc 0.0625 | lr 0.002988 | running_time 0:05:14 | ETA 1:04:44
[INFO] l2p.py:357 > Train | Sample # 3760 | train_loss 3.8260 | train_acc 0.0625 | lr 0.002988 | running_time 0:05:15 | ETA 1:04:39
[INFO] l2p.py:357 > Train | Sample # 3776 | train_loss 3.3845 | train_acc 0.0625 | lr 0.002988 | running_time 0:05:16 | ETA 1:04:30
[INFO] l2p.py:357 > Train | Sample # 3792 | train_loss 3.4331 | train_acc 0.0000 | lr 0.002987 | running_time 0:05:16 | ETA 1:04:20
[INFO] l2p.py:357 > Train | Sample # 3808 | train_loss 3.5909 | train_acc 0.0625 | lr 0.002987 | running_time 0:05:17 | ETA 1:04:15
[INFO] l2p.py:357 > Train | Sample # 3824 | train_loss 3.9457 | train_acc 0.0625 | lr 0.002987 | running_time 0:05:18 | ETA 1:04:10
[INFO] l2p.py:357 > Train | Sample # 3840 | train_loss 3.4105 | train_acc 0.0625 | lr 0.002987 | running_time 0:05:19 | ETA 1:04:03
[INFO] l2p.py:357 > Train | Sample # 3856 | train_loss 3.0426 | train_acc 0.1250 | lr 0.002986 | running_time 0:05:21 | ETA 1:04:02
[INFO] l2p.py:357 > Train | Sample # 3872 | train_loss 4.0207 | train_acc 0.0625 | lr 0.003000 | running_time 0:05:22 | ETA 1:04:06
[INFO] l2p.py:357 > Train | Sample # 3888 | train_loss 3.5928 | train_acc 0.0000 | lr 0.002999 | running_time 0:05:24 | ETA 1:04:05
[INFO] l2p.py:357 > Train | Sample # 3904 | train_loss 3.4575 | train_acc 0.1250 | lr 0.002999 | running_time 0:05:25 | ETA 1:03:59
[INFO] l2p.py:357 > Train | Sample # 3920 | train_loss 3.4208 | train_acc 0.0000 | lr 0.002999 | running_time 0:05:26 | ETA 1:04:02
[INFO] l2p.py:357 > Train | Sample # 3936 | train_loss 3.1579 | train_acc 0.1250 | lr 0.002999 | running_time 0:05:27 | ETA 1:03:52
[INFO] l2p.py:357 > Train | Sample # 3952 | train_loss 3.6451 | train_acc 0.0625 | lr 0.003000 | running_time 0:05:29 | ETA 1:04:00
[INFO] l2p.py:357 > Train | Sample # 3968 | train_loss 3.2175 | train_acc 0.0625 | lr 0.002999 | running_time 0:05:30 | ETA 1:03:58
[INFO] l2p.py:357 > Train | Sample # 3984 | train_loss 3.7152 | train_acc 0.1250 | lr 0.002999 | running_time 0:05:32 | ETA 1:03:57
[INFO] l2p.py:357 > Train | Sample # 4000 | train_loss 3.9026 | train_acc 0.0625 | lr 0.002999 | running_time 0:05:33 | ETA 1:03:51
[INFO] l2p.py:357 > Train | Sample # 4016 | train_loss 3.2667 | train_acc 0.0625 | lr 0.002999 | running_time 0:05:34 | ETA 1:03:51
[INFO] l2p.py:357 > Train | Sample # 4032 | train_loss 3.2660 | train_acc 0.0000 | lr 0.002998 | running_time 0:05:35 | ETA 1:03:50
[INFO] l2p.py:357 > Train | Sample # 4048 | train_loss 3.4370 | train_acc 0.1250 | lr 0.002998 | running_time 0:05:37 | ETA 1:03:48
[INFO] l2p.py:357 > Train | Sample # 4064 | train_loss 3.3958 | train_acc 0.0000 | lr 0.002998 | running_time 0:05:38 | ETA 1:03:51
[INFO] l2p.py:357 > Train | Sample # 4080 | train_loss 3.1150 | train_acc 0.1250 | lr 0.002997 | running_time 0:05:40 | ETA 1:03:50
[INFO] l2p.py:357 > Train | Sample # 4096 | train_loss 3.4938 | train_acc 0.0000 | lr 0.002997 | running_time 0:05:41 | ETA 1:03:49
[INFO] l2p.py:357 > Train | Sample # 4112 | train_loss 3.1610 | train_acc 0.1250 | lr 0.002997 | running_time 0:05:43 | ETA 1:03:47
[INFO] l2p.py:357 > Train | Sample # 4128 | train_loss 3.2891 | train_acc 0.2500 | lr 0.002996 | running_time 0:05:44 | ETA 1:03:46
[INFO] l2p.py:357 > Train | Sample # 4144 | train_loss 3.3411 | train_acc 0.0625 | lr 0.002996 | running_time 0:05:45 | ETA 1:03:45
[INFO] l2p.py:357 > Train | Sample # 4160 | train_loss 3.3377 | train_acc 0.0000 | lr 0.002996 | running_time 0:05:46 | ETA 1:03:39
[INFO] l2p.py:357 > Train | Sample # 4176 | train_loss 3.5137 | train_acc 0.0000 | lr 0.002996 | running_time 0:05:48 | ETA 1:03:42
[INFO] l2p.py:357 > Train | Sample # 4192 | train_loss 3.0950 | train_acc 0.0625 | lr 0.002995 | running_time 0:05:49 | ETA 1:03:37
[INFO] l2p.py:357 > Train | Sample # 4208 | train_loss 3.6025 | train_acc 0.0000 | lr 0.002995 | running_time 0:05:50 | ETA 1:03:36
[INFO] l2p.py:357 > Train | Sample # 4224 | train_loss 3.4763 | train_acc 0.0625 | lr 0.002995 | running_time 0:05:52 | ETA 1:03:39
[INFO] l2p.py:357 > Train | Sample # 4240 | train_loss 3.1858 | train_acc 0.0625 | lr 0.002994 | running_time 0:05:53 | ETA 1:03:38
[INFO] l2p.py:357 > Train | Sample # 4256 | train_loss 3.2091 | train_acc 0.1875 | lr 0.002994 | running_time 0:05:54 | ETA 1:03:29
[INFO] l2p.py:357 > Train | Sample # 4272 | train_loss 3.3494 | train_acc 0.1250 | lr 0.002994 | running_time 0:05:56 | ETA 1:03:35
[INFO] l2p.py:357 > Train | Sample # 4288 | train_loss 3.4192 | train_acc 0.0625 | lr 0.002993 | running_time 0:05:57 | ETA 1:03:34
[INFO] l2p.py:357 > Train | Sample # 4304 | train_loss 3.0038 | train_acc 0.0625 | lr 0.002993 | running_time 0:05:58 | ETA 1:03:28
[INFO] l2p.py:357 > Train | Sample # 4320 | train_loss 3.0698 | train_acc 0.1875 | lr 0.002993 | running_time 0:06:00 | ETA 1:03:31
[INFO] l2p.py:357 > Train | Sample # 4336 | train_loss 3.1454 | train_acc 0.1250 | lr 0.002993 | running_time 0:06:01 | ETA 1:03:30
[INFO] l2p.py:357 > Train | Sample # 4352 | train_loss 3.1744 | train_acc 0.0625 | lr 0.002992 | running_time 0:06:02 | ETA 1:03:24
[INFO] l2p.py:357 > Train | Sample # 4368 | train_loss 3.4530 | train_acc 0.0000 | lr 0.002992 | running_time 0:06:04 | ETA 1:03:27
[INFO] l2p.py:357 > Train | Sample # 4384 | train_loss 3.6799 | train_acc 0.0000 | lr 0.002992 | running_time 0:06:05 | ETA 1:03:26
[INFO] l2p.py:357 > Train | Sample # 4400 | train_loss 3.2663 | train_acc 0.0625 | lr 0.002991 | running_time 0:06:07 | ETA 1:03:24
[INFO] l2p.py:357 > Train | Sample # 4416 | train_loss 3.7509 | train_acc 0.0625 | lr 0.002991 | running_time 0:06:08 | ETA 1:03:19
[INFO] l2p.py:357 > Train | Sample # 4432 | train_loss 3.7112 | train_acc 0.0000 | lr 0.002991 | running_time 0:06:09 | ETA 1:03:22
[INFO] l2p.py:357 > Train | Sample # 4448 | train_loss 3.4480 | train_acc 0.1250 | lr 0.003000 | running_time 0:06:10 | ETA 1:03:17
[INFO] l2p.py:357 > Train | Sample # 4464 | train_loss 3.2396 | train_acc 0.1250 | lr 0.002999 | running_time 0:06:12 | ETA 1:03:15
[INFO] l2p.py:357 > Train | Sample # 4480 | train_loss 3.4123 | train_acc 0.0625 | lr 0.002999 | running_time 0:06:13 | ETA 1:03:18
[INFO] l2p.py:357 > Train | Sample # 4496 | train_loss 3.2731 | train_acc 0.1250 | lr 0.002999 | running_time 0:06:14 | ETA 1:03:13
[INFO] l2p.py:357 > Train | Sample # 4512 | train_loss 3.4632 | train_acc 0.0000 | lr 0.002999 | running_time 0:06:16 | ETA 1:03:12
[INFO] l2p.py:357 > Train | Sample # 4528 | train_loss 3.4257 | train_acc 0.0000 | lr 0.002998 | running_time 0:06:17 | ETA 1:03:11
[INFO] l2p.py:357 > Train | Sample # 4544 | train_loss 3.3545 | train_acc 0.0625 | lr 0.002998 | running_time 0:06:18 | ETA 1:03:09
[INFO] l2p.py:357 > Train | Sample # 4560 | train_loss 3.2801 | train_acc 0.0625 | lr 0.002998 | running_time 0:06:20 | ETA 1:03:12
[INFO] l2p.py:357 > Train | Sample # 4576 | train_loss 3.6678 | train_acc 0.0000 | lr 0.002997 | running_time 0:06:21 | ETA 1:03:07
[INFO] l2p.py:357 > Train | Sample # 4592 | train_loss 3.3470 | train_acc 0.0000 | lr 0.002997 | running_time 0:06:22 | ETA 1:03:03
[INFO] l2p.py:357 > Train | Sample # 4608 | train_loss 2.9389 | train_acc 0.0000 | lr 0.002997 | running_time 0:06:24 | ETA 1:03:08
[INFO] l2p.py:357 > Train | Sample # 4624 | train_loss 3.3073 | train_acc 0.0000 | lr 0.002996 | running_time 0:06:25 | ETA 1:03:03
[INFO] l2p.py:357 > Train | Sample # 4640 | train_loss 3.1921 | train_acc 0.0625 | lr 0.002996 | running_time 0:06:27 | ETA 1:03:06
[INFO] l2p.py:357 > Train | Sample # 4656 | train_loss 3.1310 | train_acc 0.0000 | lr 0.002996 | running_time 0:06:28 | ETA 1:03:01
[INFO] l2p.py:357 > Train | Sample # 4672 | train_loss 3.1367 | train_acc 0.0000 | lr 0.002996 | running_time 0:06:30 | ETA 1:03:03
[INFO] l2p.py:357 > Train | Sample # 4688 | train_loss 3.1253 | train_acc 0.0625 | lr 0.002995 | running_time 0:06:31 | ETA 1:03:02
[INFO] l2p.py:357 > Train | Sample # 4704 | train_loss 2.9463 | train_acc 0.0625 | lr 0.002995 | running_time 0:06:32 | ETA 1:03:01
[INFO] l2p.py:357 > Train | Sample # 4720 | train_loss 3.3457 | train_acc 0.0000 | lr 0.002995 | running_time 0:06:34 | ETA 1:03:00
[INFO] l2p.py:357 > Train | Sample # 4736 | train_loss 3.2992 | train_acc 0.0625 | lr 0.002994 | running_time 0:06:35 | ETA 1:02:58
[INFO] l2p.py:357 > Train | Sample # 4752 | train_loss 3.3351 | train_acc 0.0625 | lr 0.002994 | running_time 0:06:36 | ETA 1:02:57
[INFO] l2p.py:357 > Train | Sample # 4768 | train_loss 3.0390 | train_acc 0.0000 | lr 0.002994 | running_time 0:06:38 | ETA 1:02:56
[INFO] l2p.py:357 > Train | Sample # 4784 | train_loss 3.3000 | train_acc 0.0000 | lr 0.002993 | running_time 0:06:39 | ETA 1:02:51
[INFO] l2p.py:357 > Train | Sample # 4800 | train_loss 3.1730 | train_acc 0.0625 | lr 0.002993 | running_time 0:06:40 | ETA 1:02:50
[INFO] l2p.py:357 > Train | Sample # 4816 | train_loss 4.0755 | train_acc 0.0000 | lr 0.002993 | running_time 0:06:41 | ETA 1:02:45
[INFO] l2p.py:357 > Train | Sample # 4832 | train_loss 2.9607 | train_acc 0.0000 | lr 0.002993 | running_time 0:06:43 | ETA 1:02:51
[INFO] l2p.py:357 > Train | Sample # 4848 | train_loss 3.2007 | train_acc 0.0000 | lr 0.002992 | running_time 0:06:44 | ETA 1:02:49
[INFO] l2p.py:357 > Train | Sample # 4864 | train_loss 3.4233 | train_acc 0.1875 | lr 0.002992 | running_time 0:06:46 | ETA 1:02:48
[INFO] l2p.py:357 > Train | Sample # 4880 | train_loss 3.0577 | train_acc 0.0625 | lr 0.002992 | running_time 0:06:47 | ETA 1:02:43
[INFO] l2p.py:357 > Train | Sample # 4896 | train_loss 3.2566 | train_acc 0.1250 | lr 0.002991 | running_time 0:06:48 | ETA 1:02:42
[INFO] l2p.py:357 > Train | Sample # 4912 | train_loss 3.0838 | train_acc 0.0000 | lr 0.002991 | running_time 0:06:49 | ETA 1:02:41
[INFO] l2p.py:357 > Train | Sample # 4928 | train_loss 3.2755 | train_acc 0.1250 | lr 0.002991 | running_time 0:06:51 | ETA 1:02:43
[INFO] l2p.py:357 > Train | Sample # 4944 | train_loss 3.3797 | train_acc 0.0000 | lr 0.002990 | running_time 0:06:52 | ETA 1:02:38
[INFO] l2p.py:357 > Train | Sample # 4960 | train_loss 3.2109 | train_acc 0.0000 | lr 0.002990 | running_time 0:06:53 | ETA 1:02:37
[INFO] l2p.py:357 > Train | Sample # 4976 | train_loss 3.4526 | train_acc 0.0625 | lr 0.002990 | running_time 0:06:55 | ETA 1:02:36
[INFO] l2p.py:357 > Train | Sample # 4992 | train_loss 3.0573 | train_acc 0.0625 | lr 0.002990 | running_time 0:06:56 | ETA 1:02:35
[INFO] l2p.py:357 > Train | Sample # 5008 | train_loss 3.3680 | train_acc 0.1250 | lr 0.002989 | running_time 0:06:58 | ETA 1:02:37
[INFO] l2p.py:357 > Train | Sample # 5024 | train_loss 3.3971 | train_acc 0.0000 | lr 0.002989 | running_time 0:06:59 | ETA 1:02:32
[INFO] l2p.py:357 > Train | Sample # 5040 | train_loss 3.2942 | train_acc 0.0000 | lr 0.002989 | running_time 0:07:00 | ETA 1:02:31
[INFO] l2p.py:357 > Train | Sample # 5056 | train_loss 3.2949 | train_acc 0.0000 | lr 0.002988 | running_time 0:07:01 | ETA 1:02:27
[INFO] l2p.py:357 > Train | Sample # 5072 | train_loss 3.1923 | train_acc 0.0625 | lr 0.002988 | running_time 0:07:03 | ETA 1:02:28
[INFO] l2p.py:357 > Train | Sample # 5088 | train_loss 3.0302 | train_acc 0.0000 | lr 0.002988 | running_time 0:07:04 | ETA 1:02:31
[INFO] l2p.py:357 > Train | Sample # 5104 | train_loss 3.4001 | train_acc 0.0000 | lr 0.002987 | running_time 0:07:05 | ETA 1:02:26
[INFO] l2p.py:357 > Train | Sample # 5120 | train_loss 3.2900 | train_acc 0.0000 | lr 0.002987 | running_time 0:07:07 | ETA 1:02:25
[INFO] l2p.py:357 > Train | Sample # 5136 | train_loss 3.3019 | train_acc 0.1250 | lr 0.002987 | running_time 0:07:08 | ETA 1:02:21
[INFO] l2p.py:357 > Train | Sample # 5152 | train_loss 3.4291 | train_acc 0.0000 | lr 0.002987 | running_time 0:07:09 | ETA 1:02:18
[INFO] l2p.py:357 > Train | Sample # 5168 | train_loss 3.3572 | train_acc 0.0000 | lr 0.002986 | running_time 0:07:10 | ETA 1:02:14
[INFO] l2p.py:357 > Train | Sample # 5184 | train_loss 3.1015 | train_acc 0.0000 | lr 0.002986 | running_time 0:07:11 | ETA 1:02:11
[INFO] l2p.py:357 > Train | Sample # 5200 | train_loss 3.0664 | train_acc 0.0000 | lr 0.002986 | running_time 0:07:13 | ETA 1:02:10
[INFO] l2p.py:357 > Train | Sample # 5216 | train_loss 3.5721 | train_acc 0.0000 | lr 0.002985 | running_time 0:07:14 | ETA 1:02:09
[INFO] l2p.py:357 > Train | Sample # 5232 | train_loss 3.0346 | train_acc 0.0625 | lr 0.002985 | running_time 0:07:15 | ETA 1:02:04
[INFO] l2p.py:357 > Train | Sample # 5248 | train_loss 3.4158 | train_acc 0.1250 | lr 0.002985 | running_time 0:07:17 | ETA 1:02:07
[INFO] l2p.py:357 > Train | Sample # 5264 | train_loss 3.4698 | train_acc 0.0625 | lr 0.002984 | running_time 0:07:18 | ETA 1:02:02
[INFO] l2p.py:357 > Train | Sample # 5280 | train_loss 3.7732 | train_acc 0.1250 | lr 0.002984 | running_time 0:07:18 | ETA 1:01:55
[INFO] l2p.py:357 > Train | Sample # 5296 | train_loss 2.9981 | train_acc 0.0625 | lr 0.002984 | running_time 0:07:19 | ETA 1:01:52
[INFO] l2p.py:357 > Train | Sample # 5312 | train_loss 3.0935 | train_acc 0.1250 | lr 0.002984 | running_time 0:07:20 | ETA 1:01:47
[INFO] l2p.py:357 > Train | Sample # 5328 | train_loss 3.3129 | train_acc 0.0625 | lr 0.002983 | running_time 0:07:22 | ETA 1:01:46
[INFO] l2p.py:357 > Train | Sample # 5344 | train_loss 3.1739 | train_acc 0.0000 | lr 0.002983 | running_time 0:07:23 | ETA 1:01:48
[INFO] l2p.py:357 > Train | Sample # 5360 | train_loss 3.0895 | train_acc 0.0000 | lr 0.002983 | running_time 0:07:24 | ETA 1:01:44
[INFO] l2p.py:357 > Train | Sample # 5376 | train_loss 3.2727 | train_acc 0.0625 | lr 0.002982 | running_time 0:07:26 | ETA 1:01:46
[INFO] l2p.py:357 > Train | Sample # 5392 | train_loss 3.3746 | train_acc 0.1250 | lr 0.002982 | running_time 0:07:27 | ETA 1:01:44
[INFO] l2p.py:357 > Train | Sample # 5408 | train_loss 3.0308 | train_acc 0.0625 | lr 0.002982 | running_time 0:07:29 | ETA 1:01:43
[INFO] l2p.py:357 > Train | Sample # 5424 | train_loss 2.9766 | train_acc 0.0000 | lr 0.002981 | running_time 0:07:30 | ETA 1:01:42
[INFO] l2p.py:357 > Train | Sample # 5440 | train_loss 3.2455 | train_acc 0.0625 | lr 0.002981 | running_time 0:07:31 | ETA 1:01:41
[INFO] l2p.py:357 > Train | Sample # 5456 | train_loss 3.1906 | train_acc 0.0000 | lr 0.002981 | running_time 0:07:33 | ETA 1:01:39
[INFO] l2p.py:357 > Train | Sample # 5472 | train_loss 3.4701 | train_acc 0.0000 | lr 0.002981 | running_time 0:07:34 | ETA 1:01:35
[INFO] l2p.py:357 > Train | Sample # 5488 | train_loss 3.4663 | train_acc 0.0625 | lr 0.002980 | running_time 0:07:35 | ETA 1:01:37
[INFO] l2p.py:357 > Train | Sample # 5504 | train_loss 3.1417 | train_acc 0.0625 | lr 0.002980 | running_time 0:07:37 | ETA 1:01:36
[INFO] l2p.py:357 > Train | Sample # 5520 | train_loss 3.3891 | train_acc 0.0000 | lr 0.002980 | running_time 0:07:38 | ETA 1:01:35
[INFO] l2p.py:357 > Train | Sample # 5536 | train_loss 3.0792 | train_acc 0.0625 | lr 0.002979 | running_time 0:07:39 | ETA 1:01:34
[INFO] l2p.py:357 > Train | Sample # 5552 | train_loss 3.0480 | train_acc 0.0000 | lr 0.002979 | running_time 0:07:41 | ETA 1:01:32
[INFO] l2p.py:357 > Train | Sample # 5568 | train_loss 3.2324 | train_acc 0.1250 | lr 0.002979 | running_time 0:07:42 | ETA 1:01:28
[INFO] l2p.py:357 > Train | Sample # 5584 | train_loss 3.5241 | train_acc 0.0625 | lr 0.002978 | running_time 0:07:43 | ETA 1:01:30
[INFO] l2p.py:357 > Train | Sample # 5600 | train_loss 3.1095 | train_acc 0.0625 | lr 0.002978 | running_time 0:07:45 | ETA 1:01:29
[INFO] l2p.py:357 > Train | Sample # 5616 | train_loss 3.1795 | train_acc 0.0000 | lr 0.002978 | running_time 0:07:46 | ETA 1:01:25
[INFO] l2p.py:357 > Train | Sample # 5632 | train_loss 3.5466 | train_acc 0.1250 | lr 0.002978 | running_time 0:07:47 | ETA 1:01:23
[INFO] l2p.py:357 > Train | Sample # 5648 | train_loss 3.2294 | train_acc 0.1250 | lr 0.002977 | running_time 0:07:49 | ETA 1:01:23
[INFO] l2p.py:357 > Train | Sample # 5664 | train_loss 3.5769 | train_acc 0.0000 | lr 0.002977 | running_time 0:07:50 | ETA 1:01:21
[INFO] l2p.py:357 > Train | Sample # 5680 | train_loss 3.5074 | train_acc 0.0000 | lr 0.002977 | running_time 0:07:52 | ETA 1:01:23
[INFO] l2p.py:357 > Train | Sample # 5696 | train_loss 3.1212 | train_acc 0.0625 | lr 0.002976 | running_time 0:07:53 | ETA 1:01:21
[INFO] l2p.py:357 > Train | Sample # 5712 | train_loss 3.1211 | train_acc 0.1250 | lr 0.002976 | running_time 0:07:54 | ETA 1:01:17
[INFO] l2p.py:357 > Train | Sample # 5728 | train_loss 3.3543 | train_acc 0.0625 | lr 0.002976 | running_time 0:07:56 | ETA 1:01:19
[INFO] l2p.py:357 > Train | Sample # 5744 | train_loss 3.3454 | train_acc 0.0625 | lr 0.002975 | running_time 0:07:57 | ETA 1:01:15
[INFO] l2p.py:357 > Train | Sample # 5760 | train_loss 2.9979 | train_acc 0.0000 | lr 0.002975 | running_time 0:07:58 | ETA 1:01:13
[INFO] l2p.py:357 > Train | Sample # 5776 | train_loss 3.0936 | train_acc 0.1250 | lr 0.002975 | running_time 0:07:59 | ETA 1:01:13
[INFO] l2p.py:357 > Train | Sample # 5792 | train_loss 3.3929 | train_acc 0.0625 | lr 0.002975 | running_time 0:08:01 | ETA 1:01:12
[INFO] l2p.py:357 > Train | Sample # 5808 | train_loss 3.2465 | train_acc 0.0000 | lr 0.002974 | running_time 0:08:02 | ETA 1:01:13
[INFO] l2p.py:357 > Train | Sample # 5824 | train_loss 3.1299 | train_acc 0.0000 | lr 0.002974 | running_time 0:08:04 | ETA 1:01:12
[INFO] l2p.py:357 > Train | Sample # 5840 | train_loss 3.1275 | train_acc 0.0000 | lr 0.002974 | running_time 0:08:05 | ETA 1:01:10
[INFO] l2p.py:357 > Train | Sample # 5856 | train_loss 3.4851 | train_acc 0.0625 | lr 0.002973 | running_time 0:08:06 | ETA 1:01:06
[INFO] l2p.py:357 > Train | Sample # 5872 | train_loss 3.8795 | train_acc 0.0000 | lr 0.002973 | running_time 0:08:07 | ETA 1:01:02
[INFO] l2p.py:357 > Train | Sample # 5888 | train_loss 3.0794 | train_acc 0.0625 | lr 0.002973 | running_time 0:08:08 | ETA 1:00:56
[INFO] l2p.py:357 > Train | Sample # 5904 | train_loss 3.4449 | train_acc 0.0000 | lr 0.002973 | running_time 0:08:09 | ETA 1:00:52
[INFO] l2p.py:357 > Train | Sample # 5920 | train_loss 3.4212 | train_acc 0.0000 | lr 0.002972 | running_time 0:08:10 | ETA 1:00:54
[INFO] l2p.py:357 > Train | Sample # 5936 | train_loss 3.1768 | train_acc 0.0625 | lr 0.002972 | running_time 0:08:11 | ETA 1:00:50
[INFO] l2p.py:357 > Train | Sample # 5952 | train_loss 2.9262 | train_acc 0.1250 | lr 0.002972 | running_time 0:08:12 | ETA 1:00:43
[INFO] l2p.py:357 > Train | Sample # 5968 | train_loss 3.1134 | train_acc 0.0000 | lr 0.002971 | running_time 0:08:13 | ETA 1:00:41
[INFO] l2p.py:357 > Train | Sample # 5984 | train_loss 3.1668 | train_acc 0.0625 | lr 0.002971 | running_time 0:08:14 | ETA 1:00:36
[INFO] l2p.py:357 > Train | Sample # 6000 | train_loss 3.2152 | train_acc 0.0000 | lr 0.002971 | running_time 0:08:15 | ETA 1:00:35
[INFO] l2p.py:357 > Train | Sample # 6016 | train_loss 2.9893 | train_acc 0.0000 | lr 0.002970 | running_time 0:08:17 | ETA 1:00:37
[INFO] l2p.py:357 > Train | Sample # 6032 | train_loss 3.1518 | train_acc 0.0000 | lr 0.002970 | running_time 0:08:18 | ETA 1:00:36
[INFO] l2p.py:357 > Train | Sample # 6048 | train_loss 3.1316 | train_acc 0.1250 | lr 0.002970 | running_time 0:08:19 | ETA 1:00:32
[INFO] l2p.py:357 > Train | Sample # 6064 | train_loss 3.1995 | train_acc 0.0625 | lr 0.002970 | running_time 0:08:21 | ETA 1:00:31
[INFO] l2p.py:357 > Train | Sample # 6080 | train_loss 3.0133 | train_acc 0.0000 | lr 0.002969 | running_time 0:08:22 | ETA 1:00:32
[INFO] l2p.py:357 > Train | Sample # 6096 | train_loss 2.9414 | train_acc 0.0625 | lr 0.002969 | running_time 0:08:24 | ETA 1:00:31
[INFO] l2p.py:357 > Train | Sample # 6112 | train_loss 3.1203 | train_acc 0.0625 | lr 0.002969 | running_time 0:08:25 | ETA 1:00:27
[INFO] l2p.py:357 > Train | Sample # 6128 | train_loss 3.0990 | train_acc 0.0625 | lr 0.002968 | running_time 0:08:26 | ETA 1:00:26
[INFO] l2p.py:357 > Train | Sample # 6144 | train_loss 3.0148 | train_acc 0.0625 | lr 0.002968 | running_time 0:08:28 | ETA 1:00:27
[INFO] l2p.py:357 > Train | Sample # 6160 | train_loss 2.9463 | train_acc 0.0000 | lr 0.002968 | running_time 0:08:29 | ETA 1:00:24
[INFO] l2p.py:357 > Train | Sample # 6176 | train_loss 2.8691 | train_acc 0.1250 | lr 0.002967 | running_time 0:08:30 | ETA 1:00:23
[INFO] l2p.py:357 > Train | Sample # 6192 | train_loss 3.5508 | train_acc 0.0000 | lr 0.002967 | running_time 0:08:32 | ETA 1:00:24
[INFO] l2p.py:357 > Train | Sample # 6208 | train_loss 3.6153 | train_acc 0.0625 | lr 0.002967 | running_time 0:08:33 | ETA 1:00:23
[INFO] l2p.py:357 > Train | Sample # 6224 | train_loss 3.4622 | train_acc 0.0625 | lr 0.002967 | running_time 0:08:35 | ETA 1:00:22
[INFO] l2p.py:357 > Train | Sample # 6240 | train_loss 3.3080 | train_acc 0.0625 | lr 0.002966 | running_time 0:08:36 | ETA 1:00:18
[INFO] l2p.py:357 > Train | Sample # 6256 | train_loss 2.9527 | train_acc 0.0000 | lr 0.002966 | running_time 0:08:37 | ETA 1:00:19
[INFO] l2p.py:357 > Train | Sample # 6272 | train_loss 3.0294 | train_acc 0.0625 | lr 0.002966 | running_time 0:08:39 | ETA 1:00:18
[INFO] l2p.py:357 > Train | Sample # 6288 | train_loss 2.9754 | train_acc 0.0625 | lr 0.002965 | running_time 0:08:39 | ETA 1:00:14
[INFO] l2p.py:357 > Train | Sample # 6304 | train_loss 3.8168 | train_acc 0.1875 | lr 0.002965 | running_time 0:08:41 | ETA 1:00:16
[INFO] l2p.py:357 > Train | Sample # 6320 | train_loss 3.1325 | train_acc 0.0000 | lr 0.002965 | running_time 0:08:42 | ETA 1:00:12
[INFO] l2p.py:357 > Train | Sample # 6336 | train_loss 2.9890 | train_acc 0.0000 | lr 0.002965 | running_time 0:08:43 | ETA 1:00:11
[INFO] l2p.py:357 > Train | Sample # 6352 | train_loss 3.4163 | train_acc 0.0000 | lr 0.002964 | running_time 0:08:45 | ETA 1:00:09
[INFO] l2p.py:357 > Train | Sample # 6368 | train_loss 3.1847 | train_acc 0.0625 | lr 0.002964 | running_time 0:08:47 | ETA 1:00:11
[INFO] l2p.py:357 > Train | Sample # 6384 | train_loss 3.6970 | train_acc 0.0000 | lr 0.002964 | running_time 0:08:48 | ETA 1:00:10
[INFO] l2p.py:357 > Train | Sample # 6400 | train_loss 3.0868 | train_acc 0.1250 | lr 0.002963 | running_time 0:08:49 | ETA 1:00:06
[INFO] l2p.py:357 > Train | Sample # 6416 | train_loss 3.1550 | train_acc 0.1875 | lr 0.002963 | running_time 0:08:50 | ETA 1:00:05
[INFO] l2p.py:357 > Train | Sample # 6432 | train_loss 3.2163 | train_acc 0.1250 | lr 0.002963 | running_time 0:08:52 | ETA 1:00:06
[INFO] l2p.py:357 > Train | Sample # 6448 | train_loss 3.4130 | train_acc 0.0625 | lr 0.002962 | running_time 0:08:53 | ETA 1:00:05
[INFO] l2p.py:357 > Train | Sample # 6464 | train_loss 2.9563 | train_acc 0.1250 | lr 0.002962 | running_time 0:08:55 | ETA 1:00:04
[INFO] l2p.py:357 > Train | Sample # 6480 | train_loss 3.1189 | train_acc 0.0625 | lr 0.002962 | running_time 0:08:56 | ETA 1:00:00
[INFO] l2p.py:357 > Train | Sample # 6496 | train_loss 3.6826 | train_acc 0.0000 | lr 0.002962 | running_time 0:08:57 | ETA 0:59:59
[INFO] l2p.py:357 > Train | Sample # 6512 | train_loss 2.9588 | train_acc 0.0625 | lr 0.002961 | running_time 0:08:58 | ETA 0:59:56
[INFO] l2p.py:357 > Train | Sample # 6528 | train_loss 3.1998 | train_acc 0.0625 | lr 0.002961 | running_time 0:09:00 | ETA 0:59:59
[INFO] l2p.py:357 > Train | Sample # 6544 | train_loss 3.5098 | train_acc 0.0625 | lr 0.002961 | running_time 0:09:01 | ETA 0:59:58
[INFO] l2p.py:357 > Train | Sample # 6560 | train_loss 3.6467 | train_acc 0.0625 | lr 0.002960 | running_time 0:09:03 | ETA 0:59:57
[INFO] l2p.py:357 > Train | Sample # 6576 | train_loss 3.4212 | train_acc 0.0000 | lr 0.002960 | running_time 0:09:04 | ETA 0:59:56
[INFO] l2p.py:357 > Train | Sample # 6592 | train_loss 3.3923 | train_acc 0.0000 | lr 0.002960 | running_time 0:09:05 | ETA 0:59:52
[INFO] l2p.py:357 > Train | Sample # 6608 | train_loss 3.0743 | train_acc 0.1250 | lr 0.002959 | running_time 0:09:06 | ETA 0:59:49
[INFO] l2p.py:357 > Train | Sample # 6624 | train_loss 3.0372 | train_acc 0.0625 | lr 0.002959 | running_time 0:09:07 | ETA 0:59:46
[INFO] l2p.py:357 > Train | Sample # 6640 | train_loss 3.0067 | train_acc 0.0625 | lr 0.002959 | running_time 0:09:08 | ETA 0:59:43
[INFO] l2p.py:357 > Train | Sample # 6656 | train_loss 3.0815 | train_acc 0.0000 | lr 0.002959 | running_time 0:09:09 | ETA 0:59:41
[INFO] l2p.py:357 > Train | Sample # 6672 | train_loss 3.0458 | train_acc 0.0625 | lr 0.002958 | running_time 0:09:11 | ETA 0:59:39
[INFO] l2p.py:357 > Train | Sample # 6688 | train_loss 3.0730 | train_acc 0.1250 | lr 0.002958 | running_time 0:09:12 | ETA 0:59:36
[INFO] l2p.py:357 > Train | Sample # 6704 | train_loss 3.2198 | train_acc 0.0000 | lr 0.002958 | running_time 0:09:13 | ETA 0:59:37
[INFO] l2p.py:357 > Train | Sample # 6720 | train_loss 3.3485 | train_acc 0.1250 | lr 0.002957 | running_time 0:09:14 | ETA 0:59:33
[INFO] l2p.py:357 > Train | Sample # 6736 | train_loss 3.4140 | train_acc 0.0000 | lr 0.002957 | running_time 0:09:16 | ETA 0:59:35
[INFO] l2p.py:357 > Train | Sample # 6752 | train_loss 3.3254 | train_acc 0.0625 | lr 0.002957 | running_time 0:09:18 | ETA 0:59:34
[INFO] l2p.py:357 > Train | Sample # 6768 | train_loss 3.3366 | train_acc 0.0000 | lr 0.002957 | running_time 0:09:19 | ETA 0:59:32
[INFO] l2p.py:357 > Train | Sample # 6784 | train_loss 2.9775 | train_acc 0.1250 | lr 0.002956 | running_time 0:09:20 | ETA 0:59:29
[INFO] l2p.py:357 > Train | Sample # 6800 | train_loss 3.3477 | train_acc 0.0000 | lr 0.002956 | running_time 0:09:21 | ETA 0:59:28
[INFO] l2p.py:357 > Train | Sample # 6816 | train_loss 3.3983 | train_acc 0.0625 | lr 0.002956 | running_time 0:09:22 | ETA 0:59:26
[INFO] l2p.py:357 > Train | Sample # 6832 | train_loss 3.3572 | train_acc 0.0000 | lr 0.002955 | running_time 0:09:24 | ETA 0:59:23
[INFO] l2p.py:357 > Train | Sample # 6848 | train_loss 3.8637 | train_acc 0.1250 | lr 0.002955 | running_time 0:09:24 | ETA 0:59:19
[INFO] l2p.py:357 > Train | Sample # 6864 | train_loss 3.2087 | train_acc 0.1250 | lr 0.002955 | running_time 0:09:26 | ETA 0:59:17
[INFO] l2p.py:357 > Train | Sample # 6880 | train_loss 3.2558 | train_acc 0.0000 | lr 0.002954 | running_time 0:09:27 | ETA 0:59:13
[INFO] l2p.py:357 > Train | Sample # 6896 | train_loss 3.3180 | train_acc 0.1250 | lr 0.002954 | running_time 0:09:28 | ETA 0:59:13
[INFO] l2p.py:357 > Train | Sample # 6912 | train_loss 3.2852 | train_acc 0.1875 | lr 0.002954 | running_time 0:09:29 | ETA 0:59:11
[INFO] l2p.py:357 > Train | Sample # 6928 | train_loss 3.1328 | train_acc 0.1250 | lr 0.002954 | running_time 0:09:31 | ETA 0:59:10
[INFO] l2p.py:357 > Train | Sample # 6944 | train_loss 3.1297 | train_acc 0.0000 | lr 0.002953 | running_time 0:09:32 | ETA 0:59:09
[INFO] l2p.py:357 > Train | Sample # 6960 | train_loss 3.1343 | train_acc 0.0625 | lr 0.002953 | running_time 0:09:34 | ETA 0:59:10
[INFO] l2p.py:357 > Train | Sample # 6976 | train_loss 3.4183 | train_acc 0.0625 | lr 0.002953 | running_time 0:09:35 | ETA 0:59:09
[INFO] l2p.py:357 > Train | Sample # 6992 | train_loss 3.0794 | train_acc 0.1875 | lr 0.002952 | running_time 0:09:36 | ETA 0:59:08
[INFO] l2p.py:357 > Train | Sample # 7008 | train_loss 3.1469 | train_acc 0.0000 | lr 0.002952 | running_time 0:09:37 | ETA 0:59:04
[INFO] l2p.py:357 > Train | Sample # 7024 | train_loss 3.4896 | train_acc 0.0000 | lr 0.002952 | running_time 0:09:39 | ETA 0:59:03
[INFO] l2p.py:357 > Train | Sample # 7040 | train_loss 3.9786 | train_acc 0.1250 | lr 0.002951 | running_time 0:09:40 | ETA 0:59:02
[INFO] l2p.py:357 > Train | Sample # 7056 | train_loss 3.1633 | train_acc 0.0625 | lr 0.002951 | running_time 0:09:41 | ETA 0:59:01
[INFO] l2p.py:357 > Train | Sample # 7072 | train_loss 3.0281 | train_acc 0.1875 | lr 0.002951 | running_time 0:09:43 | ETA 0:59:02
[INFO] l2p.py:357 > Train | Sample # 7088 | train_loss 3.6804 | train_acc 0.1250 | lr 0.002951 | running_time 0:09:44 | ETA 0:59:01
[INFO] l2p.py:357 > Train | Sample # 7104 | train_loss 3.1978 | train_acc 0.0625 | lr 0.002950 | running_time 0:09:46 | ETA 0:58:59
[INFO] l2p.py:357 > Train | Sample # 7120 | train_loss 3.3080 | train_acc 0.1250 | lr 0.002950 | running_time 0:09:47 | ETA 0:58:58
[INFO] l2p.py:357 > Train | Sample # 7136 | train_loss 3.3096 | train_acc 0.0000 | lr 0.002950 | running_time 0:09:48 | ETA 0:58:55
[INFO] l2p.py:357 > Train | Sample # 7152 | train_loss 3.2991 | train_acc 0.1250 | lr 0.002949 | running_time 0:09:49 | ETA 0:58:53
[INFO] l2p.py:357 > Train | Sample # 7168 | train_loss 3.2073 | train_acc 0.1250 | lr 0.002949 | running_time 0:09:51 | ETA 0:58:52
[INFO] l2p.py:357 > Train | Sample # 7184 | train_loss 3.3927 | train_acc 0.0625 | lr 0.002949 | running_time 0:09:52 | ETA 0:58:53
[INFO] l2p.py:357 > Train | Sample # 7200 | train_loss 3.3479 | train_acc 0.0625 | lr 0.002949 | running_time 0:09:53 | ETA 0:58:50
[INFO] l2p.py:357 > Train | Sample # 7216 | train_loss 2.9484 | train_acc 0.0625 | lr 0.002948 | running_time 0:09:55 | ETA 0:58:51
[INFO] l2p.py:357 > Train | Sample # 7232 | train_loss 3.0406 | train_acc 0.0000 | lr 0.002948 | running_time 0:09:56 | ETA 0:58:48
[INFO] l2p.py:357 > Train | Sample # 7248 | train_loss 2.9975 | train_acc 0.2500 | lr 0.002948 | running_time 0:09:58 | ETA 0:58:49
[INFO] l2p.py:357 > Train | Sample # 7264 | train_loss 3.1982 | train_acc 0.0000 | lr 0.002947 | running_time 0:09:59 | ETA 0:58:47
[INFO] l2p.py:357 > Train | Sample # 7280 | train_loss 3.2645 | train_acc 0.0000 | lr 0.002947 | running_time 0:10:00 | ETA 0:58:45
[INFO] l2p.py:357 > Train | Sample # 7296 | train_loss 3.4551 | train_acc 0.0625 | lr 0.002947 | running_time 0:10:01 | ETA 0:58:43
[INFO] l2p.py:357 > Train | Sample # 7312 | train_loss 3.3749 | train_acc 0.0625 | lr 0.002946 | running_time 0:10:03 | ETA 0:58:42
[INFO] l2p.py:357 > Train | Sample # 7328 | train_loss 3.0754 | train_acc 0.0625 | lr 0.002946 | running_time 0:10:04 | ETA 0:58:40
[INFO] l2p.py:357 > Train | Sample # 7344 | train_loss 3.0151 | train_acc 0.2500 | lr 0.002946 | running_time 0:10:06 | ETA 0:58:41
[INFO] l2p.py:357 > Train | Sample # 7360 | train_loss 3.0316 | train_acc 0.0625 | lr 0.002946 | running_time 0:10:07 | ETA 0:58:38
[INFO] l2p.py:357 > Train | Sample # 7376 | train_loss 3.3695 | train_acc 0.0000 | lr 0.002945 | running_time 0:10:07 | ETA 0:58:33
[INFO] l2p.py:357 > Train | Sample # 7392 | train_loss 3.0237 | train_acc 0.0000 | lr 0.002945 | running_time 0:10:09 | ETA 0:58:30
[INFO] l2p.py:357 > Train | Sample # 7408 | train_loss 2.8840 | train_acc 0.1250 | lr 0.002945 | running_time 0:10:10 | ETA 0:58:29
[INFO] l2p.py:357 > Train | Sample # 7424 | train_loss 3.3240 | train_acc 0.0625 | lr 0.002944 | running_time 0:10:11 | ETA 0:58:26
[INFO] l2p.py:357 > Train | Sample # 7440 | train_loss 2.9774 | train_acc 0.0000 | lr 0.002944 | running_time 0:10:13 | ETA 0:58:27
[INFO] l2p.py:357 > Train | Sample # 7456 | train_loss 3.1016 | train_acc 0.0000 | lr 0.002944 | running_time 0:10:14 | ETA 0:58:25
[INFO] l2p.py:357 > Train | Sample # 7472 | train_loss 2.9167 | train_acc 0.0625 | lr 0.002944 | running_time 0:10:15 | ETA 0:58:24
[INFO] l2p.py:357 > Train | Sample # 7488 | train_loss 3.5073 | train_acc 0.1250 | lr 0.002943 | running_time 0:10:16 | ETA 0:58:21
[INFO] l2p.py:357 > Train | Sample # 7504 | train_loss 3.3930 | train_acc 0.0625 | lr 0.002943 | running_time 0:10:18 | ETA 0:58:20
[INFO] l2p.py:357 > Train | Sample # 7520 | train_loss 3.0351 | train_acc 0.0625 | lr 0.002943 | running_time 0:10:19 | ETA 0:58:18
[INFO] l2p.py:357 > Train | Sample # 7536 | train_loss 3.2185 | train_acc 0.0625 | lr 0.002942 | running_time 0:10:20 | ETA 0:58:16
[INFO] l2p.py:357 > Train | Sample # 7552 | train_loss 3.0704 | train_acc 0.0000 | lr 0.002942 | running_time 0:10:22 | ETA 0:58:18
[INFO] l2p.py:357 > Train | Sample # 7568 | train_loss 4.0016 | train_acc 0.0000 | lr 0.002942 | running_time 0:10:23 | ETA 0:58:17
[INFO] l2p.py:357 > Train | Sample # 7584 | train_loss 3.2526 | train_acc 0.0625 | lr 0.002941 | running_time 0:10:25 | ETA 0:58:16
[INFO] l2p.py:357 > Train | Sample # 7600 | train_loss 3.0478 | train_acc 0.0625 | lr 0.002941 | running_time 0:10:26 | ETA 0:58:15
[INFO] l2p.py:357 > Train | Sample # 7616 | train_loss 3.0440 | train_acc 0.0000 | lr 0.002941 | running_time 0:10:27 | ETA 0:58:11
[INFO] l2p.py:357 > Train | Sample # 7632 | train_loss 3.1271 | train_acc 0.0000 | lr 0.002941 | running_time 0:10:28 | ETA 0:58:10
[INFO] l2p.py:357 > Train | Sample # 7648 | train_loss 2.8940 | train_acc 0.0625 | lr 0.002940 | running_time 0:10:30 | ETA 0:58:11
[INFO] l2p.py:357 > Train | Sample # 7664 | train_loss 3.0477 | train_acc 0.0000 | lr 0.002940 | running_time 0:10:31 | ETA 0:58:10
[INFO] l2p.py:357 > Train | Sample # 7680 | train_loss 3.0085 | train_acc 0.1250 | lr 0.002940 | running_time 0:10:33 | ETA 0:58:09
[INFO] l2p.py:357 > Train | Sample # 7696 | train_loss 3.3331 | train_acc 0.1250 | lr 0.002939 | running_time 0:10:34 | ETA 0:58:08
[INFO] l2p.py:357 > Train | Sample # 7712 | train_loss 3.1869 | train_acc 0.0000 | lr 0.002939 | running_time 0:10:35 | ETA 0:58:04
[INFO] l2p.py:357 > Train | Sample # 7728 | train_loss 3.4130 | train_acc 0.0000 | lr 0.002939 | running_time 0:10:37 | ETA 0:58:05
[INFO] l2p.py:357 > Train | Sample # 7744 | train_loss 3.3472 | train_acc 0.0625 | lr 0.002939 | running_time 0:10:38 | ETA 0:58:04
[INFO] l2p.py:357 > Train | Sample # 7760 | train_loss 3.3490 | train_acc 0.0000 | lr 0.002938 | running_time 0:10:39 | ETA 0:58:03
[INFO] l2p.py:357 > Train | Sample # 7776 | train_loss 3.5371 | train_acc 0.0625 | lr 0.002938 | running_time 0:10:40 | ETA 0:57:59
[INFO] l2p.py:357 > Train | Sample # 7792 | train_loss 3.4306 | train_acc 0.0000 | lr 0.002938 | running_time 0:10:42 | ETA 0:58:00
[INFO] l2p.py:357 > Train | Sample # 7808 | train_loss 2.8911 | train_acc 0.0625 | lr 0.002937 | running_time 0:10:43 | ETA 0:57:57
[INFO] l2p.py:357 > Train | Sample # 7824 | train_loss 3.0348 | train_acc 0.1875 | lr 0.002937 | running_time 0:10:44 | ETA 0:57:56
[INFO] l2p.py:357 > Train | Sample # 7840 | train_loss 3.3729 | train_acc 0.0625 | lr 0.002937 | running_time 0:10:46 | ETA 0:57:57
[INFO] l2p.py:357 > Train | Sample # 7856 | train_loss 3.7899 | train_acc 0.0000 | lr 0.002936 | running_time 0:10:47 | ETA 0:57:54
[INFO] l2p.py:357 > Train | Sample # 7872 | train_loss 3.6340 | train_acc 0.0000 | lr 0.002936 | running_time 0:10:48 | ETA 0:57:52
[INFO] l2p.py:357 > Train | Sample # 7888 | train_loss 3.0514 | train_acc 0.0625 | lr 0.002936 | running_time 0:10:50 | ETA 0:57:51
[INFO] l2p.py:357 > Train | Sample # 7904 | train_loss 3.2502 | train_acc 0.1250 | lr 0.002936 | running_time 0:10:51 | ETA 0:57:50
[INFO] l2p.py:357 > Train | Sample # 7920 | train_loss 3.0527 | train_acc 0.0625 | lr 0.002935 | running_time 0:10:53 | ETA 0:57:51
[INFO] l2p.py:357 > Train | Sample # 7936 | train_loss 3.2484 | train_acc 0.0000 | lr 0.002935 | running_time 0:10:54 | ETA 0:57:50
[INFO] l2p.py:357 > Train | Sample # 7952 | train_loss 3.4960 | train_acc 0.0000 | lr 0.002935 | running_time 0:10:55 | ETA 0:57:47
[INFO] l2p.py:357 > Train | Sample # 7968 | train_loss 3.2902 | train_acc 0.0000 | lr 0.002934 | running_time 0:10:57 | ETA 0:57:47
[INFO] l2p.py:357 > Train | Sample # 7984 | train_loss 3.0508 | train_acc 0.0625 | lr 0.002934 | running_time 0:10:58 | ETA 0:57:46
[INFO] l2p.py:357 > Train | Sample # 8000 | train_loss 3.4318 | train_acc 0.0625 | lr 0.002934 | running_time 0:10:59 | ETA 0:57:43
[INFO] l2p.py:357 > Train | Sample # 8016 | train_loss 3.2823 | train_acc 0.0625 | lr 0.002934 | running_time 0:11:01 | ETA 0:57:44
[INFO] l2p.py:357 > Train | Sample # 8032 | train_loss 3.2603 | train_acc 0.0625 | lr 0.002933 | running_time 0:11:02 | ETA 0:57:41
[INFO] l2p.py:357 > Train | Sample # 8048 | train_loss 3.1731 | train_acc 0.0625 | lr 0.002933 | running_time 0:11:03 | ETA 0:57:40
[INFO] l2p.py:357 > Train | Sample # 8064 | train_loss 3.2734 | train_acc 0.0625 | lr 0.002933 | running_time 0:11:05 | ETA 0:57:41
[INFO] l2p.py:357 > Train | Sample # 8080 | train_loss 3.5084 | train_acc 0.0000 | lr 0.002932 | running_time 0:11:06 | ETA 0:57:39
[INFO] l2p.py:357 > Train | Sample # 8096 | train_loss 3.1873 | train_acc 0.1250 | lr 0.002932 | running_time 0:11:08 | ETA 0:57:38
[INFO] l2p.py:357 > Train | Sample # 8112 | train_loss 3.1311 | train_acc 0.0625 | lr 0.002932 | running_time 0:11:09 | ETA 0:57:37
[INFO] l2p.py:357 > Train | Sample # 8128 | train_loss 3.0679 | train_acc 0.0625 | lr 0.002931 | running_time 0:11:10 | ETA 0:57:34
[INFO] l2p.py:357 > Train | Sample # 8144 | train_loss 3.0526 | train_acc 0.1250 | lr 0.002931 | running_time 0:11:12 | ETA 0:57:34
[INFO] l2p.py:357 > Train | Sample # 8160 | train_loss 3.3301 | train_acc 0.0625 | lr 0.002931 | running_time 0:11:13 | ETA 0:57:33
[INFO] l2p.py:357 > Train | Sample # 8176 | train_loss 3.4724 | train_acc 0.0000 | lr 0.002931 | running_time 0:11:14 | ETA 0:57:32
[INFO] l2p.py:357 > Train | Sample # 8192 | train_loss 3.4843 | train_acc 0.0000 | lr 0.002930 | running_time 0:11:16 | ETA 0:57:31
[INFO] l2p.py:357 > Train | Sample # 8208 | train_loss 3.0581 | train_acc 0.0625 | lr 0.002930 | running_time 0:11:17 | ETA 0:57:28
[INFO] l2p.py:357 > Train | Sample # 8224 | train_loss 3.3192 | train_acc 0.0000 | lr 0.002930 | running_time 0:11:18 | ETA 0:57:28
[INFO] l2p.py:357 > Train | Sample # 8240 | train_loss 3.0239 | train_acc 0.1250 | lr 0.002929 | running_time 0:11:20 | ETA 0:57:27
[INFO] l2p.py:357 > Train | Sample # 8256 | train_loss 3.3140 | train_acc 0.1250 | lr 0.002929 | running_time 0:11:21 | ETA 0:57:26
[INFO] l2p.py:357 > Train | Sample # 8272 | train_loss 3.1000 | train_acc 0.1250 | lr 0.002929 | running_time 0:11:22 | ETA 0:57:23
[INFO] l2p.py:357 > Train | Sample # 8288 | train_loss 3.8491 | train_acc 0.0625 | lr 0.002929 | running_time 0:11:23 | ETA 0:57:22
[INFO] l2p.py:357 > Train | Sample # 8304 | train_loss 3.3039 | train_acc 0.0000 | lr 0.002928 | running_time 0:11:25 | ETA 0:57:20
[INFO] l2p.py:357 > Train | Sample # 8320 | train_loss 3.1239 | train_acc 0.0625 | lr 0.002928 | running_time 0:11:26 | ETA 0:57:19
[INFO] l2p.py:357 > Train | Sample # 8336 | train_loss 3.0941 | train_acc 0.3750 | lr 0.002928 | running_time 0:11:28 | ETA 0:57:20
[INFO] l2p.py:357 > Train | Sample # 8352 | train_loss 3.6250 | train_acc 0.0000 | lr 0.002927 | running_time 0:11:29 | ETA 0:57:17
[INFO] l2p.py:357 > Train | Sample # 8368 | train_loss 3.4082 | train_acc 0.1250 | lr 0.002927 | running_time 0:11:31 | ETA 0:57:18
[INFO] l2p.py:357 > Train | Sample # 8384 | train_loss 3.3027 | train_acc 0.0000 | lr 0.002927 | running_time 0:11:31 | ETA 0:57:14
[INFO] l2p.py:357 > Train | Sample # 8400 | train_loss 3.0330 | train_acc 0.0000 | lr 0.002927 | running_time 0:11:33 | ETA 0:57:15
[INFO] l2p.py:357 > Train | Sample # 8416 | train_loss 3.8777 | train_acc 0.0625 | lr 0.002926 | running_time 0:11:35 | ETA 0:57:14
[INFO] l2p.py:357 > Train | Sample # 8432 | train_loss 3.0589 | train_acc 0.1250 | lr 0.002926 | running_time 0:11:36 | ETA 0:57:13
[INFO] l2p.py:357 > Train | Sample # 8448 | train_loss 2.9655 | train_acc 0.0625 | lr 0.002926 | running_time 0:11:37 | ETA 0:57:10
[INFO] l2p.py:357 > Train | Sample # 8464 | train_loss 3.2816 | train_acc 0.0000 | lr 0.002925 | running_time 0:11:38 | ETA 0:57:08
[INFO] l2p.py:357 > Train | Sample # 8480 | train_loss 3.1617 | train_acc 0.0000 | lr 0.002925 | running_time 0:11:40 | ETA 0:57:09
[INFO] l2p.py:357 > Train | Sample # 8496 | train_loss 3.4099 | train_acc 0.0625 | lr 0.002925 | running_time 0:11:41 | ETA 0:57:05
[INFO] l2p.py:357 > Train | Sample # 8512 | train_loss 3.2978 | train_acc 0.0625 | lr 0.002924 | running_time 0:11:43 | ETA 0:57:07
[INFO] l2p.py:357 > Train | Sample # 8528 | train_loss 3.2488 | train_acc 0.0000 | lr 0.002924 | running_time 0:11:44 | ETA 0:57:06
[INFO] l2p.py:357 > Train | Sample # 8544 | train_loss 3.5010 | train_acc 0.0000 | lr 0.002924 | running_time 0:11:45 | ETA 0:57:04
[INFO] l2p.py:357 > Train | Sample # 8560 | train_loss 3.0537 | train_acc 0.1250 | lr 0.002924 | running_time 0:11:46 | ETA 0:57:01
[INFO] l2p.py:357 > Train | Sample # 8576 | train_loss 3.2148 | train_acc 0.0625 | lr 0.002923 | running_time 0:11:48 | ETA 0:57:01
[INFO] l2p.py:357 > Train | Sample # 8592 | train_loss 3.1949 | train_acc 0.0000 | lr 0.002923 | running_time 0:11:49 | ETA 0:56:59
[INFO] l2p.py:357 > Train | Sample # 8608 | train_loss 3.3623 | train_acc 0.0000 | lr 0.002923 | running_time 0:11:50 | ETA 0:56:54
[INFO] l2p.py:357 > Train | Sample # 8624 | train_loss 3.0433 | train_acc 0.0625 | lr 0.002922 | running_time 0:11:50 | ETA 0:56:50
[INFO] l2p.py:357 > Train | Sample # 8640 | train_loss 3.7464 | train_acc 0.0000 | lr 0.002922 | running_time 0:11:52 | ETA 0:56:49
[INFO] l2p.py:357 > Train | Sample # 8656 | train_loss 3.1951 | train_acc 0.0625 | lr 0.002922 | running_time 0:11:53 | ETA 0:56:46
[INFO] l2p.py:357 > Train | Sample # 8672 | train_loss 3.2750 | train_acc 0.0625 | lr 0.002922 | running_time 0:11:54 | ETA 0:56:43
[INFO] l2p.py:357 > Train | Sample # 8688 | train_loss 3.0486 | train_acc 0.0625 | lr 0.002921 | running_time 0:11:54 | ETA 0:56:39
[INFO] l2p.py:357 > Train | Sample # 8704 | train_loss 3.2282 | train_acc 0.0000 | lr 0.002921 | running_time 0:11:56 | ETA 0:56:39
[INFO] l2p.py:357 > Train | Sample # 8720 | train_loss 3.4483 | train_acc 0.0000 | lr 0.002921 | running_time 0:11:57 | ETA 0:56:36
[INFO] l2p.py:357 > Train | Sample # 8736 | train_loss 3.2456 | train_acc 0.0000 | lr 0.002920 | running_time 0:11:59 | ETA 0:56:37
[INFO] l2p.py:357 > Train | Sample # 8752 | train_loss 3.3996 | train_acc 0.0625 | lr 0.002920 | running_time 0:12:00 | ETA 0:56:34
[INFO] l2p.py:357 > Train | Sample # 8768 | train_loss 3.2136 | train_acc 0.0625 | lr 0.002920 | running_time 0:12:01 | ETA 0:56:33
[INFO] l2p.py:357 > Train | Sample # 8784 | train_loss 3.7830 | train_acc 0.0000 | lr 0.002919 | running_time 0:12:02 | ETA 0:56:32
[INFO] l2p.py:357 > Train | Sample # 8800 | train_loss 3.2148 | train_acc 0.0625 | lr 0.002919 | running_time 0:12:04 | ETA 0:56:31
[INFO] l2p.py:357 > Train | Sample # 8816 | train_loss 3.4229 | train_acc 0.0625 | lr 0.002919 | running_time 0:12:05 | ETA 0:56:29
[INFO] l2p.py:357 > Train | Sample # 8832 | train_loss 3.3020 | train_acc 0.0625 | lr 0.002919 | running_time 0:12:07 | ETA 0:56:30
[INFO] l2p.py:357 > Train | Sample # 8848 | train_loss 3.1200 | train_acc 0.0625 | lr 0.002918 | running_time 0:12:08 | ETA 0:56:27
[INFO] l2p.py:357 > Train | Sample # 8864 | train_loss 3.1600 | train_acc 0.1250 | lr 0.002918 | running_time 0:12:10 | ETA 0:56:28
[INFO] l2p.py:357 > Train | Sample # 8880 | train_loss 3.4505 | train_acc 0.0625 | lr 0.002918 | running_time 0:12:11 | ETA 0:56:26
[INFO] l2p.py:357 > Train | Sample # 8896 | train_loss 3.3589 | train_acc 0.0625 | lr 0.002917 | running_time 0:12:12 | ETA 0:56:25
[INFO] l2p.py:357 > Train | Sample # 8912 | train_loss 3.1792 | train_acc 0.0625 | lr 0.002917 | running_time 0:12:14 | ETA 0:56:24
[INFO] l2p.py:357 > Train | Sample # 8928 | train_loss 2.9714 | train_acc 0.0625 | lr 0.002917 | running_time 0:12:15 | ETA 0:56:23
[INFO] l2p.py:357 > Train | Sample # 8944 | train_loss 3.1520 | train_acc 0.0625 | lr 0.002917 | running_time 0:12:16 | ETA 0:56:20
[INFO] l2p.py:357 > Train | Sample # 8960 | train_loss 3.3862 | train_acc 0.1250 | lr 0.002916 | running_time 0:12:17 | ETA 0:56:17
[INFO] l2p.py:357 > Train | Sample # 8976 | train_loss 3.1426 | train_acc 0.0625 | lr 0.002916 | running_time 0:12:19 | ETA 0:56:18
[INFO] l2p.py:357 > Train | Sample # 8992 | train_loss 3.2842 | train_acc 0.1250 | lr 0.002916 | running_time 0:12:20 | ETA 0:56:16
[INFO] l2p.py:357 > Train | Sample # 9008 | train_loss 3.4190 | train_acc 0.0000 | lr 0.002915 | running_time 0:12:22 | ETA 0:56:17
[INFO] l2p.py:357 > Train | Sample # 9024 | train_loss 3.3500 | train_acc 0.1250 | lr 0.002915 | running_time 0:12:23 | ETA 0:56:14
[INFO] l2p.py:357 > Train | Sample # 9040 | train_loss 2.8997 | train_acc 0.1250 | lr 0.002915 | running_time 0:12:24 | ETA 0:56:13
[INFO] l2p.py:357 > Train | Sample # 9056 | train_loss 3.0517 | train_acc 0.1250 | lr 0.002915 | running_time 0:12:26 | ETA 0:56:13
[INFO] l2p.py:357 > Train | Sample # 9072 | train_loss 3.6526 | train_acc 0.0625 | lr 0.002914 | running_time 0:12:27 | ETA 0:56:10
[INFO] l2p.py:357 > Train | Sample # 9088 | train_loss 3.6974 | train_acc 0.0000 | lr 0.002914 | running_time 0:12:28 | ETA 0:56:09
[INFO] l2p.py:357 > Train | Sample # 9104 | train_loss 3.3024 | train_acc 0.0625 | lr 0.002914 | running_time 0:12:30 | ETA 0:56:10
[INFO] l2p.py:357 > Train | Sample # 9120 | train_loss 3.7629 | train_acc 0.1250 | lr 0.002913 | running_time 0:12:31 | ETA 0:56:07
[INFO] l2p.py:357 > Train | Sample # 9136 | train_loss 3.1501 | train_acc 0.0000 | lr 0.002913 | running_time 0:12:32 | ETA 0:56:06
[INFO] l2p.py:357 > Train | Sample # 9152 | train_loss 2.8824 | train_acc 0.1875 | lr 0.002913 | running_time 0:12:33 | ETA 0:56:05
[INFO] l2p.py:357 > Train | Sample # 9168 | train_loss 3.1783 | train_acc 0.0625 | lr 0.002912 | running_time 0:12:34 | ETA 0:56:00
[INFO] l2p.py:357 > Train | Sample # 9184 | train_loss 3.3645 | train_acc 0.0000 | lr 0.002912 | running_time 0:12:35 | ETA 0:55:56
[INFO] l2p.py:357 > Train | Sample # 9200 | train_loss 3.8299 | train_acc 0.0000 | lr 0.002912 | running_time 0:12:37 | ETA 0:55:57
[INFO] l2p.py:357 > Train | Sample # 9216 | train_loss 3.0562 | train_acc 0.0000 | lr 0.002912 | running_time 0:12:37 | ETA 0:55:54
[INFO] l2p.py:357 > Train | Sample # 9232 | train_loss 3.2145 | train_acc 0.1875 | lr 0.002911 | running_time 0:12:39 | ETA 0:55:53
[INFO] l2p.py:357 > Train | Sample # 9248 | train_loss 3.3762 | train_acc 0.0000 | lr 0.002911 | running_time 0:12:40 | ETA 0:55:52
[INFO] l2p.py:357 > Train | Sample # 9264 | train_loss 3.3628 | train_acc 0.0625 | lr 0.002911 | running_time 0:12:42 | ETA 0:55:50
[INFO] l2p.py:357 > Train | Sample # 9280 | train_loss 3.1349 | train_acc 0.0000 | lr 0.002910 | running_time 0:12:43 | ETA 0:55:51
[INFO] l2p.py:357 > Train | Sample # 9296 | train_loss 3.1925 | train_acc 0.1250 | lr 0.002910 | running_time 0:12:45 | ETA 0:55:50
[INFO] l2p.py:357 > Train | Sample # 9312 | train_loss 3.3728 | train_acc 0.0000 | lr 0.002910 | running_time 0:12:46 | ETA 0:55:49
[INFO] l2p.py:357 > Train | Sample # 9328 | train_loss 3.1739 | train_acc 0.0625 | lr 0.002910 | running_time 0:12:47 | ETA 0:55:44
[INFO] l2p.py:357 > Train | Sample # 9344 | train_loss 3.0843 | train_acc 0.1250 | lr 0.002909 | running_time 0:12:48 | ETA 0:55:42
[INFO] l2p.py:357 > Train | Sample # 9360 | train_loss 3.0115 | train_acc 0.1875 | lr 0.002909 | running_time 0:12:48 | ETA 0:55:37
[INFO] l2p.py:357 > Train | Sample # 9376 | train_loss 3.1250 | train_acc 0.0000 | lr 0.002909 | running_time 0:12:50 | ETA 0:55:37
[INFO] l2p.py:357 > Train | Sample # 9392 | train_loss 3.0311 | train_acc 0.0625 | lr 0.002908 | running_time 0:12:51 | ETA 0:55:35
[INFO] l2p.py:357 > Train | Sample # 9408 | train_loss 3.0630 | train_acc 0.0625 | lr 0.002908 | running_time 0:12:53 | ETA 0:55:36
[INFO] l2p.py:357 > Train | Sample # 9424 | train_loss 3.0042 | train_acc 0.0000 | lr 0.002908 | running_time 0:12:54 | ETA 0:55:33
[INFO] l2p.py:357 > Train | Sample # 9440 | train_loss 3.1190 | train_acc 0.0625 | lr 0.002908 | running_time 0:12:55 | ETA 0:55:32
[INFO] l2p.py:357 > Train | Sample # 9456 | train_loss 2.9844 | train_acc 0.0000 | lr 0.002907 | running_time 0:12:56 | ETA 0:55:31
[INFO] l2p.py:357 > Train | Sample # 9472 | train_loss 3.0395 | train_acc 0.0625 | lr 0.002907 | running_time 0:12:58 | ETA 0:55:30
[INFO] l2p.py:357 > Train | Sample # 9488 | train_loss 3.3105 | train_acc 0.0625 | lr 0.002907 | running_time 0:12:59 | ETA 0:55:28
[INFO] l2p.py:357 > Train | Sample # 9504 | train_loss 3.1154 | train_acc 0.0625 | lr 0.002906 | running_time 0:13:00 | ETA 0:55:27
[INFO] l2p.py:357 > Train | Sample # 9520 | train_loss 2.9906 | train_acc 0.1250 | lr 0.002906 | running_time 0:13:02 | ETA 0:55:28
[INFO] l2p.py:357 > Train | Sample # 9536 | train_loss 3.0875 | train_acc 0.0625 | lr 0.002906 | running_time 0:13:04 | ETA 0:55:26
[INFO] l2p.py:357 > Train | Sample # 9552 | train_loss 3.0840 | train_acc 0.0625 | lr 0.002906 | running_time 0:13:04 | ETA 0:55:24
[INFO] l2p.py:357 > Train | Sample # 9568 | train_loss 3.0357 | train_acc 0.1875 | lr 0.002905 | running_time 0:13:06 | ETA 0:55:23
[INFO] l2p.py:357 > Train | Sample # 9584 | train_loss 3.1660 | train_acc 0.1875 | lr 0.002905 | running_time 0:13:07 | ETA 0:55:21
[INFO] l2p.py:357 > Train | Sample # 9600 | train_loss 3.0077 | train_acc 0.0625 | lr 0.002905 | running_time 0:13:08 | ETA 0:55:19
[INFO] l2p.py:357 > Train | Sample # 9616 | train_loss 3.4259 | train_acc 0.0000 | lr 0.002904 | running_time 0:13:09 | ETA 0:55:14
[INFO] l2p.py:357 > Train | Sample # 9632 | train_loss 3.4431 | train_acc 0.0625 | lr 0.002904 | running_time 0:13:10 | ETA 0:55:14
[INFO] l2p.py:357 > Train | Sample # 9648 | train_loss 3.3023 | train_acc 0.1250 | lr 0.002904 | running_time 0:13:12 | ETA 0:55:12
[INFO] l2p.py:357 > Train | Sample # 9664 | train_loss 3.0017 | train_acc 0.0625 | lr 0.002903 | running_time 0:13:13 | ETA 0:55:10
[INFO] l2p.py:357 > Train | Sample # 9680 | train_loss 3.0985 | train_acc 0.0625 | lr 0.002903 | running_time 0:13:14 | ETA 0:55:08
[INFO] l2p.py:357 > Train | Sample # 9696 | train_loss 2.9609 | train_acc 0.1250 | lr 0.002903 | running_time 0:13:15 | ETA 0:55:06
[INFO] l2p.py:357 > Train | Sample # 9712 | train_loss 3.1257 | train_acc 0.0625 | lr 0.002903 | running_time 0:13:17 | ETA 0:55:06
[INFO] l2p.py:357 > Train | Sample # 9728 | train_loss 3.1428 | train_acc 0.0000 | lr 0.002902 | running_time 0:13:18 | ETA 0:55:07
[INFO] l2p.py:357 > Train | Sample # 9744 | train_loss 3.4816 | train_acc 0.0000 | lr 0.002902 | running_time 0:13:20 | ETA 0:55:05
[INFO] l2p.py:357 > Train | Sample # 9760 | train_loss 3.0085 | train_acc 0.0625 | lr 0.002902 | running_time 0:13:21 | ETA 0:55:04
[INFO] l2p.py:357 > Train | Sample # 9776 | train_loss 2.9851 | train_acc 0.0625 | lr 0.002901 | running_time 0:13:22 | ETA 0:55:03
[INFO] l2p.py:357 > Train | Sample # 9792 | train_loss 3.1378 | train_acc 0.0000 | lr 0.002901 | running_time 0:13:23 | ETA 0:55:00
[INFO] l2p.py:357 > Train | Sample # 9808 | train_loss 2.9594 | train_acc 0.0000 | lr 0.002901 | running_time 0:13:25 | ETA 0:54:59
[INFO] l2p.py:357 > Train | Sample # 9824 | train_loss 3.0648 | train_acc 0.0000 | lr 0.002901 | running_time 0:13:26 | ETA 0:54:59
[INFO] l2p.py:357 > Train | Sample # 9840 | train_loss 3.3189 | train_acc 0.0625 | lr 0.002900 | running_time 0:13:27 | ETA 0:54:57
[INFO] l2p.py:357 > Train | Sample # 9856 | train_loss 2.9990 | train_acc 0.0000 | lr 0.002900 | running_time 0:13:29 | ETA 0:54:57
[INFO] l2p.py:357 > Train | Sample # 9872 | train_loss 3.5598 | train_acc 0.0000 | lr 0.002900 | running_time 0:13:30 | ETA 0:54:56
[INFO] l2p.py:357 > Train | Sample # 9888 | train_loss 3.4886 | train_acc 0.0000 | lr 0.002899 | running_time 0:13:31 | ETA 0:54:53
[INFO] l2p.py:357 > Train | Sample # 9904 | train_loss 3.1218 | train_acc 0.0625 | lr 0.002899 | running_time 0:13:33 | ETA 0:54:52
[INFO] l2p.py:357 > Train | Sample # 9920 | train_loss 3.0261 | train_acc 0.0000 | lr 0.002899 | running_time 0:13:34 | ETA 0:54:52
[INFO] l2p.py:357 > Train | Sample # 9936 | train_loss 3.3219 | train_acc 0.0000 | lr 0.002899 | running_time 0:13:36 | ETA 0:54:51
[INFO] l2p.py:357 > Train | Sample # 9952 | train_loss 3.5397 | train_acc 0.0625 | lr 0.002898 | running_time 0:13:37 | ETA 0:54:50
[INFO] l2p.py:357 > Train | Sample # 9968 | train_loss 3.0027 | train_acc 0.0000 | lr 0.002898 | running_time 0:13:38 | ETA 0:54:47
[INFO] l2p.py:357 > Train | Sample # 9984 | train_loss 3.6432 | train_acc 0.0000 | lr 0.002898 | running_time 0:13:39 | ETA 0:54:45
[INFO] l2p.py:357 > Train | Sample # 10000 | train_loss 3.2218 | train_acc 0.0000 | lr 0.002897 | running_time 0:13:41 | ETA 0:54:45
[INFO] l2p.py:367 > Test | Sample # 10000 | test_loss 5.7302 | test_acc 0.0230 | 
[INFO] l2p.py:511 > Task 0 | Epoch 1/256 | train_loss 3.1963 | train_acc 0.0658 | lr 0.0003
[INFO] l2p.py:511 > Task 0 | Epoch 2/256 | train_loss 3.2719 | train_acc 0.0487 | lr 0.0030
[INFO] l2p.py:511 > Task 0 | Epoch 3/256 | train_loss 3.5989 | train_acc 0.0517 | lr 0.0300
[INFO] l2p.py:511 > Task 0 | Epoch 4/256 | train_loss 3.2903 | train_acc 0.0567 | lr 0.0150
[INFO] l2p.py:511 > Task 0 | Epoch 5/256 | train_loss 3.3461 | train_acc 0.0567 | lr 0.0300
[INFO] l2p.py:511 > Task 0 | Epoch 6/256 | train_loss 3.3217 | train_acc 0.0472 | lr 0.0256
[INFO] l2p.py:511 > Task 0 | Epoch 7/256 | train_loss 3.2498 | train_acc 0.0562 | lr 0.0150
[INFO] l2p.py:511 > Task 0 | Epoch 8/256 | train_loss 3.1970 | train_acc 0.0612 | lr 0.0044
[INFO] l2p.py:511 > Task 0 | Epoch 9/256 | train_loss 3.3443 | train_acc 0.0442 | lr 0.0300
[INFO] l2p.py:511 > Task 0 | Epoch 10/256 | train_loss 3.3682 | train_acc 0.0507 | lr 0.0289
[INFO] l2p.py:511 > Task 0 | Epoch 11/256 | train_loss 3.4016 | train_acc 0.0492 | lr 0.0256
[INFO] l2p.py:511 > Task 0 | Epoch 12/256 | train_loss 3.3168 | train_acc 0.0572 | lr 0.0207
[INFO] l2p.py:511 > Task 0 | Epoch 13/256 | train_loss 3.2525 | train_acc 0.0607 | lr 0.0150
[INFO] l2p.py:511 > Task 0 | Epoch 14/256 | train_loss 3.2192 | train_acc 0.0512 | lr 0.0093
[INFO] l2p.py:511 > Task 0 | Epoch 15/256 | train_loss 3.1938 | train_acc 0.0602 | lr 0.0044
[INFO] l2p.py:511 > Task 0 | Epoch 16/256 | train_loss 3.1702 | train_acc 0.0622 | lr 0.0012
[INFO] l2p.py:511 > Task 0 | Epoch 17/256 | train_loss 3.3538 | train_acc 0.0472 | lr 0.0300
[INFO] l2p.py:511 > Task 0 | Epoch 18/256 | train_loss 3.4656 | train_acc 0.0472 | lr 0.0297
[INFO] l2p.py:511 > Task 0 | Epoch 19/256 | train_loss 3.4296 | train_acc 0.0492 | lr 0.0289
[INFO] l2p.py:511 > Task 0 | Epoch 20/256 | train_loss 3.3886 | train_acc 0.0492 | lr 0.0275
[INFO] l2p.py:511 > Task 0 | Epoch 21/256 | train_loss 3.3652 | train_acc 0.0552 | lr 0.0256
[INFO] l2p.py:511 > Task 0 | Epoch 22/256 | train_loss 3.3515 | train_acc 0.0537 | lr 0.0233
[INFO] l2p.py:511 > Task 0 | Epoch 23/256 | train_loss 3.2823 | train_acc 0.0592 | lr 0.0207
[INFO] l2p.py:511 > Task 0 | Epoch 24/256 | train_loss 3.2623 | train_acc 0.0638 | lr 0.0179
