[INFO] main.py:40 > Namespace(batchsize=16, batchwise_prompt=False, checkpoint_every_steps=5000, data_dir=None, dataset='cifar100', dist_backend='nccl', dist_url='tcp://127.0.0.1:7009', distributed=True, e_prompt_layer_idx=[0], embedding_key='cls', eval_every_steps=-1, eval_last_only=False, eval_pad_last_batch=False, eval_period=100, eval_task_inc=False, freeze_bn_stats=False, freeze_part=['encoder', 'embedding', 'cls'], gaussian_mode='', gaussian_schedule=False, gpu_transform=True, grad_clip_max_norm=1.0, imp_update_period=1, init_checkpoint=<ml_collections.config_dict.config_dict.FieldReference object at 0x7f6f3c09d850>, initializer='uniform', input_size=224, learning_rate_schedule='constant', length=10, log_loss_every_steps=3, log_path='results', lr=0.01, m=10, mask_first_epoch=False, memory_epoch=256, memory_size=2000, mode='l2p', model_config=None, model_name='resnet34', multiprocessing_distributed=False, n=50, n_worker=2, norm_01=True, norm_pre_logits=False, note='l2p', num_classes_per_task=10, num_epochs=5, num_eval_steps=-1, num_tasks=5, num_train_steps_per_task=-1, offline_eval=False, online_iter=3.0, optim='adam', per_device_batch_size=16, pool_size=10, predefined_key_path='', prompt_histogram=True, prompt_key=True, prompt_key_init='uniform', prompt_mask_mode=None, prompt_pool=True, pull_constraint=True, pull_constraint_coeff=1.0, recreate_eval=False, reinit_optimizer=True, resize_size=256, reverse_task=False, save_last_ckpt_only=True, save_prompts=False, sched_name='default', seed=1, sgd_momentum=0.9, shared_prompt_key=False, shared_prompt_pool=True, shuffle_buffer_size=10000, stream_batchsize=32, stream_eval_period=10000, subsample_rate=-1, task_specific_cls_token=False, temp_batchsize=None, temperature=1, top_k=4, topk=1, total_class=100, train_mask=True, transforms=['cutmix', 'autoaug'], trial=0, use_amp=False, use_cls_token=True, use_e_prompt=True, use_g_prompt=False, use_prefix_tune_for_e_prompt=False, use_prompt_mask=False, vit_classifier='prompt', warmup_epochs=0, weight_decay=0, weight_norm=False, world_size=4)
[INFO] main.py:49 > Set the device (cuda)
[INFO] main.py:101 > Using train-transforms Compose(
    RandomCrop(size=(224, 224), padding=4)
    RandomHorizontalFlip(p=0.5)
    AutoAugment(policy=AutoAugmentPolicy.CIFAR10, fill=None)
    ConvertImageDtype()
    Normalize(mean=(0.5071, 0.4867, 0.4408), std=(0.2675, 0.2565, 0.2761))
)
[INFO] main.py:111 > [1] Select a CIL method (l2p)
Loaded pretrained weights.
x_embedded_dim 768
[INFO] main.py:117 > [2] Incrementally training 5 tasks

##################################################
# Task 0 iteration
##################################################

[INFO] main.py:130 > [2-1] Prepare a datalist for the current task
[INFO] l2p.py:357 > Train | Sample # 16 | train_loss 4.6629 | train_acc 0.0625 | lr 0.009999 | running_time 0:00:11 | ETA 10:23:30
[INFO] l2p.py:357 > Train | Sample # 32 | train_loss 10.0471 | train_acc 0.0000 | lr 0.009999 | running_time 0:00:12 | ETA 5:28:08
[INFO] l2p.py:357 > Train | Sample # 48 | train_loss 6.1357 | train_acc 0.0625 | lr 0.009999 | running_time 0:00:14 | ETA 4:05:54
[INFO] l2p.py:357 > Train | Sample # 64 | train_loss 6.2250 | train_acc 0.0000 | lr 0.009999 | running_time 0:00:15 | ETA 3:16:48
[INFO] l2p.py:357 > Train | Sample # 80 | train_loss 9.9758 | train_acc 0.0625 | lr 0.009999 | running_time 0:00:16 | ETA 2:52:18
[INFO] l2p.py:357 > Train | Sample # 96 | train_loss 10.0439 | train_acc 0.0000 | lr 0.009999 | running_time 0:00:18 | ETA 2:37:50
[INFO] l2p.py:357 > Train | Sample # 112 | train_loss 10.5671 | train_acc 0.0000 | lr 0.009999 | running_time 0:00:19 | ETA 2:22:18
[INFO] l2p.py:357 > Train | Sample # 128 | train_loss 7.2096 | train_acc 0.0625 | lr 0.009998 | running_time 0:00:20 | ETA 2:15:45
[INFO] l2p.py:357 > Train | Sample # 144 | train_loss 4.7439 | train_acc 0.0000 | lr 0.009999 | running_time 0:00:22 | ETA 2:08:32
[INFO] l2p.py:357 > Train | Sample # 160 | train_loss 7.1265 | train_acc 0.0625 | lr 0.009998 | running_time 0:00:23 | ETA 2:02:30
[INFO] l2p.py:357 > Train | Sample # 176 | train_loss 11.8664 | train_acc 0.0625 | lr 0.009997 | running_time 0:00:24 | ETA 1:55:51
[INFO] l2p.py:357 > Train | Sample # 192 | train_loss 9.7681 | train_acc 0.0625 | lr 0.009999 | running_time 0:00:26 | ETA 1:53:40
[INFO] l2p.py:357 > Train | Sample # 208 | train_loss 10.5731 | train_acc 0.0000 | lr 0.009998 | running_time 0:00:27 | ETA 1:48:42
[INFO] l2p.py:357 > Train | Sample # 224 | train_loss 10.4262 | train_acc 0.0625 | lr 0.009997 | running_time 0:00:28 | ETA 1:47:18
[INFO] l2p.py:357 > Train | Sample # 240 | train_loss 10.1537 | train_acc 0.0000 | lr 0.009999 | running_time 0:00:29 | ETA 1:43:26
[INFO] l2p.py:357 > Train | Sample # 256 | train_loss 8.5759 | train_acc 0.0000 | lr 0.009998 | running_time 0:00:31 | ETA 1:41:14
[INFO] l2p.py:357 > Train | Sample # 272 | train_loss 7.6721 | train_acc 0.0000 | lr 0.009997 | running_time 0:00:32 | ETA 1:39:20
[INFO] l2p.py:357 > Train | Sample # 288 | train_loss 8.1420 | train_acc 0.0000 | lr 0.009996 | running_time 0:00:34 | ETA 1:38:47
[INFO] l2p.py:357 > Train | Sample # 304 | train_loss 8.0968 | train_acc 0.0000 | lr 0.009995 | running_time 0:00:35 | ETA 1:36:07
[INFO] l2p.py:357 > Train | Sample # 320 | train_loss 8.9773 | train_acc 0.1250 | lr 0.009999 | running_time 0:00:37 | ETA 1:35:47
[INFO] l2p.py:357 > Train | Sample # 336 | train_loss 10.2727 | train_acc 0.0000 | lr 0.009998 | running_time 0:00:38 | ETA 1:34:32
[INFO] l2p.py:357 > Train | Sample # 352 | train_loss 7.6481 | train_acc 0.0625 | lr 0.009999 | running_time 0:00:39 | ETA 1:32:24
[INFO] l2p.py:357 > Train | Sample # 368 | train_loss 5.8332 | train_acc 0.0625 | lr 0.009999 | running_time 0:00:40 | ETA 1:31:24
[INFO] l2p.py:357 > Train | Sample # 384 | train_loss 6.4381 | train_acc 0.0000 | lr 0.009998 | running_time 0:00:42 | ETA 1:30:27
[INFO] l2p.py:357 > Train | Sample # 400 | train_loss 5.6463 | train_acc 0.0625 | lr 0.009997 | running_time 0:00:43 | ETA 1:29:37
[INFO] l2p.py:357 > Train | Sample # 416 | train_loss 4.9275 | train_acc 0.1250 | lr 0.009996 | running_time 0:00:44 | ETA 1:28:50
[INFO] l2p.py:357 > Train | Sample # 432 | train_loss 9.8815 | train_acc 0.0000 | lr 0.009995 | running_time 0:00:45 | ETA 1:27:28
[INFO] l2p.py:357 > Train | Sample # 448 | train_loss 6.5820 | train_acc 0.0625 | lr 0.009994 | running_time 0:00:47 | ETA 1:27:20
[INFO] l2p.py:357 > Train | Sample # 464 | train_loss 8.4548 | train_acc 0.0625 | lr 0.009993 | running_time 0:00:49 | ETA 1:27:24
[INFO] l2p.py:357 > Train | Sample # 480 | train_loss 7.7882 | train_acc 0.0625 | lr 0.009992 | running_time 0:00:50 | ETA 1:26:46
[INFO] l2p.py:357 > Train | Sample # 496 | train_loss 7.9697 | train_acc 0.0000 | lr 0.009999 | running_time 0:00:51 | ETA 1:25:32
[INFO] l2p.py:357 > Train | Sample # 512 | train_loss 8.1410 | train_acc 0.0000 | lr 0.009998 | running_time 0:00:53 | ETA 1:25:36
[INFO] l2p.py:357 > Train | Sample # 528 | train_loss 4.5169 | train_acc 0.0000 | lr 0.009997 | running_time 0:00:54 | ETA 1:24:28
[INFO] l2p.py:357 > Train | Sample # 544 | train_loss 7.1293 | train_acc 0.0000 | lr 0.009999 | running_time 0:00:55 | ETA 1:24:36
[INFO] l2p.py:357 > Train | Sample # 560 | train_loss 6.4494 | train_acc 0.0625 | lr 0.009999 | running_time 0:00:56 | ETA 1:23:33
[INFO] l2p.py:357 > Train | Sample # 576 | train_loss 6.8835 | train_acc 0.0000 | lr 0.009998 | running_time 0:00:58 | ETA 1:23:42
[INFO] l2p.py:357 > Train | Sample # 592 | train_loss 5.5825 | train_acc 0.0000 | lr 0.009997 | running_time 0:00:59 | ETA 1:23:16
[INFO] l2p.py:357 > Train | Sample # 608 | train_loss 6.1223 | train_acc 0.0625 | lr 0.009999 | running_time 0:01:01 | ETA 1:22:52
[INFO] l2p.py:357 > Train | Sample # 624 | train_loss 5.3145 | train_acc 0.0625 | lr 0.009998 | running_time 0:01:02 | ETA 1:21:58
[INFO] l2p.py:357 > Train | Sample # 640 | train_loss 4.6065 | train_acc 0.0000 | lr 0.009997 | running_time 0:01:03 | ETA 1:21:38
[INFO] l2p.py:357 > Train | Sample # 656 | train_loss 4.4336 | train_acc 0.0000 | lr 0.009996 | running_time 0:01:05 | ETA 1:21:48
[INFO] l2p.py:357 > Train | Sample # 672 | train_loss 4.7913 | train_acc 0.0000 | lr 0.009995 | running_time 0:01:06 | ETA 1:21:28
[INFO] l2p.py:357 > Train | Sample # 688 | train_loss 4.0606 | train_acc 0.0000 | lr 0.009994 | running_time 0:01:07 | ETA 1:20:41
[INFO] l2p.py:357 > Train | Sample # 704 | train_loss 6.5350 | train_acc 0.0625 | lr 0.009999 | running_time 0:01:08 | ETA 1:20:23
[INFO] l2p.py:357 > Train | Sample # 720 | train_loss 4.2908 | train_acc 0.0625 | lr 0.009998 | running_time 0:01:10 | ETA 1:20:33
[INFO] l2p.py:357 > Train | Sample # 736 | train_loss 4.1951 | train_acc 0.0000 | lr 0.009997 | running_time 0:01:11 | ETA 1:20:18
[INFO] l2p.py:357 > Train | Sample # 752 | train_loss 3.5598 | train_acc 0.0625 | lr 0.009996 | running_time 0:01:12 | ETA 1:19:36
[INFO] l2p.py:357 > Train | Sample # 768 | train_loss 6.0935 | train_acc 0.0000 | lr 0.009999 | running_time 0:01:14 | ETA 1:19:21
[INFO] l2p.py:357 > Train | Sample # 784 | train_loss 3.2865 | train_acc 0.0000 | lr 0.009998 | running_time 0:01:16 | ETA 1:19:30
[INFO] l2p.py:357 > Train | Sample # 800 | train_loss 3.4068 | train_acc 0.0000 | lr 0.009997 | running_time 0:01:17 | ETA 1:19:17
[INFO] l2p.py:357 > Train | Sample # 816 | train_loss 3.8722 | train_acc 0.0000 | lr 0.009996 | running_time 0:01:18 | ETA 1:18:38
[INFO] l2p.py:357 > Train | Sample # 832 | train_loss 3.2990 | train_acc 0.1250 | lr 0.009995 | running_time 0:01:19 | ETA 1:18:07
[INFO] l2p.py:357 > Train | Sample # 848 | train_loss 4.2925 | train_acc 0.0000 | lr 0.009994 | running_time 0:01:20 | ETA 1:18:12
[INFO] l2p.py:357 > Train | Sample # 864 | train_loss 3.5987 | train_acc 0.0625 | lr 0.009993 | running_time 0:01:22 | ETA 1:18:22
[INFO] l2p.py:357 > Train | Sample # 880 | train_loss 3.8604 | train_acc 0.0000 | lr 0.009992 | running_time 0:01:24 | ETA 1:18:11
[INFO] l2p.py:357 > Train | Sample # 896 | train_loss 3.2873 | train_acc 0.0625 | lr 0.009991 | running_time 0:01:25 | ETA 1:17:58
[INFO] l2p.py:357 > Train | Sample # 912 | train_loss 3.2759 | train_acc 0.0625 | lr 0.009990 | running_time 0:01:26 | ETA 1:17:09
[INFO] l2p.py:357 > Train | Sample # 928 | train_loss 6.7224 | train_acc 0.0625 | lr 0.009999 | running_time 0:01:26 | ETA 1:16:28
[INFO] l2p.py:357 > Train | Sample # 944 | train_loss 3.6370 | train_acc 0.0000 | lr 0.009998 | running_time 0:01:28 | ETA 1:16:14
[INFO] l2p.py:357 > Train | Sample # 960 | train_loss 4.1513 | train_acc 0.0625 | lr 0.009997 | running_time 0:01:28 | ETA 1:15:45
[INFO] l2p.py:357 > Train | Sample # 976 | train_loss 4.8399 | train_acc 0.0000 | lr 0.009996 | running_time 0:01:30 | ETA 1:15:41
[INFO] l2p.py:357 > Train | Sample # 992 | train_loss 4.4655 | train_acc 0.1250 | lr 0.009999 | running_time 0:01:32 | ETA 1:15:49
[INFO] l2p.py:357 > Train | Sample # 1008 | train_loss 4.1230 | train_acc 0.0000 | lr 0.009998 | running_time 0:01:33 | ETA 1:15:21
[INFO] l2p.py:357 > Train | Sample # 1024 | train_loss 3.6200 | train_acc 0.0000 | lr 0.009997 | running_time 0:01:34 | ETA 1:15:31
[INFO] l2p.py:357 > Train | Sample # 1040 | train_loss 3.3371 | train_acc 0.0000 | lr 0.009996 | running_time 0:01:36 | ETA 1:15:23
[INFO] l2p.py:357 > Train | Sample # 1056 | train_loss 3.3505 | train_acc 0.0625 | lr 0.009995 | running_time 0:01:37 | ETA 1:15:01
[INFO] l2p.py:357 > Train | Sample # 1072 | train_loss 4.0916 | train_acc 0.0000 | lr 0.009994 | running_time 0:01:38 | ETA 1:14:55
[INFO] l2p.py:357 > Train | Sample # 1088 | train_loss 4.8313 | train_acc 0.0000 | lr 0.009999 | running_time 0:01:39 | ETA 1:14:44
[INFO] l2p.py:357 > Train | Sample # 1104 | train_loss 3.5070 | train_acc 0.0625 | lr 0.009998 | running_time 0:01:41 | ETA 1:14:36
[INFO] l2p.py:357 > Train | Sample # 1120 | train_loss 4.1738 | train_acc 0.0000 | lr 0.009997 | running_time 0:01:41 | ETA 1:13:59
[INFO] l2p.py:357 > Train | Sample # 1136 | train_loss 3.7641 | train_acc 0.0000 | lr 0.009996 | running_time 0:01:42 | ETA 1:13:26
[INFO] l2p.py:357 > Train | Sample # 1152 | train_loss 3.5127 | train_acc 0.0000 | lr 0.009995 | running_time 0:01:43 | ETA 1:13:07
[INFO] l2p.py:357 > Train | Sample # 1168 | train_loss 4.2589 | train_acc 0.0625 | lr 0.009994 | running_time 0:01:45 | ETA 1:13:14
[INFO] l2p.py:357 > Train | Sample # 1184 | train_loss 3.2501 | train_acc 0.0625 | lr 0.009993 | running_time 0:01:46 | ETA 1:13:25
[INFO] l2p.py:357 > Train | Sample # 1200 | train_loss 3.6187 | train_acc 0.0625 | lr 0.009992 | running_time 0:01:48 | ETA 1:13:20
[INFO] l2p.py:357 > Train | Sample # 1216 | train_loss 3.7616 | train_acc 0.0000 | lr 0.009991 | running_time 0:01:49 | ETA 1:13:14
[INFO] l2p.py:357 > Train | Sample # 1232 | train_loss 3.6361 | train_acc 0.0625 | lr 0.009990 | running_time 0:01:50 | ETA 1:13:10
[INFO] l2p.py:357 > Train | Sample # 1248 | train_loss 3.5913 | train_acc 0.0000 | lr 0.009989 | running_time 0:01:52 | ETA 1:13:04
[INFO] l2p.py:357 > Train | Sample # 1264 | train_loss 4.8550 | train_acc 0.0000 | lr 0.009999 | running_time 0:01:53 | ETA 1:12:44
[INFO] l2p.py:357 > Train | Sample # 1280 | train_loss 3.3345 | train_acc 0.0000 | lr 0.009998 | running_time 0:01:54 | ETA 1:12:28
[INFO] l2p.py:357 > Train | Sample # 1296 | train_loss 3.7447 | train_acc 0.1250 | lr 0.009997 | running_time 0:01:56 | ETA 1:12:49
[INFO] l2p.py:357 > Train | Sample # 1312 | train_loss 4.9107 | train_acc 0.0625 | lr 0.009996 | running_time 0:01:57 | ETA 1:12:44
[INFO] l2p.py:357 > Train | Sample # 1328 | train_loss 3.6888 | train_acc 0.0625 | lr 0.009995 | running_time 0:01:58 | ETA 1:12:39
[INFO] l2p.py:357 > Train | Sample # 1344 | train_loss 3.9226 | train_acc 0.0625 | lr 0.009994 | running_time 0:02:00 | ETA 1:12:35
[INFO] l2p.py:357 > Train | Sample # 1360 | train_loss 3.1943 | train_acc 0.0625 | lr 0.009993 | running_time 0:02:01 | ETA 1:12:16
[INFO] l2p.py:357 > Train | Sample # 1376 | train_loss 4.2971 | train_acc 0.0625 | lr 0.009992 | running_time 0:02:02 | ETA 1:12:12
[INFO] l2p.py:357 > Train | Sample # 1392 | train_loss 3.7629 | train_acc 0.0000 | lr 0.009991 | running_time 0:02:03 | ETA 1:12:08
[INFO] l2p.py:357 > Train | Sample # 1408 | train_loss 4.1960 | train_acc 0.0000 | lr 0.009999 | running_time 0:02:05 | ETA 1:12:17
[INFO] l2p.py:357 > Train | Sample # 1424 | train_loss 4.0232 | train_acc 0.1250 | lr 0.009998 | running_time 0:02:06 | ETA 1:11:59
[INFO] l2p.py:357 > Train | Sample # 1440 | train_loss 3.4331 | train_acc 0.1250 | lr 0.009997 | running_time 0:02:08 | ETA 1:12:09
[INFO] l2p.py:357 > Train | Sample # 1456 | train_loss 3.2680 | train_acc 0.1250 | lr 0.009996 | running_time 0:02:09 | ETA 1:11:51
[INFO] l2p.py:357 > Train | Sample # 1472 | train_loss 3.8199 | train_acc 0.0000 | lr 0.009995 | running_time 0:02:10 | ETA 1:11:47
[INFO] l2p.py:357 > Train | Sample # 1488 | train_loss 3.5568 | train_acc 0.0625 | lr 0.009994 | running_time 0:02:12 | ETA 1:11:56
[INFO] l2p.py:357 > Train | Sample # 1504 | train_loss 3.3554 | train_acc 0.1250 | lr 0.009993 | running_time 0:02:13 | ETA 1:11:39
[INFO] l2p.py:357 > Train | Sample # 1520 | train_loss 3.3347 | train_acc 0.0625 | lr 0.009992 | running_time 0:02:15 | ETA 1:11:49
[INFO] l2p.py:357 > Train | Sample # 1536 | train_loss 3.8504 | train_acc 0.0000 | lr 0.009991 | running_time 0:02:16 | ETA 1:11:32
[INFO] l2p.py:357 > Train | Sample # 1552 | train_loss 3.1367 | train_acc 0.0625 | lr 0.009990 | running_time 0:02:17 | ETA 1:11:29
[INFO] l2p.py:357 > Train | Sample # 1568 | train_loss 3.8781 | train_acc 0.0625 | lr 0.009989 | running_time 0:02:18 | ETA 1:11:25
[INFO] l2p.py:357 > Train | Sample # 1584 | train_loss 4.2631 | train_acc 0.0625 | lr 0.009988 | running_time 0:02:20 | ETA 1:11:24
[INFO] l2p.py:357 > Train | Sample # 1600 | train_loss 4.3626 | train_acc 0.0625 | lr 0.009999 | running_time 0:02:21 | ETA 1:11:18
[INFO] l2p.py:357 > Train | Sample # 1616 | train_loss 3.4180 | train_acc 0.0000 | lr 0.009998 | running_time 0:02:22 | ETA 1:11:14
[INFO] l2p.py:357 > Train | Sample # 1632 | train_loss 3.3282 | train_acc 0.0000 | lr 0.009997 | running_time 0:02:24 | ETA 1:11:22
[INFO] l2p.py:357 > Train | Sample # 1648 | train_loss 3.2449 | train_acc 0.1250 | lr 0.009996 | running_time 0:02:25 | ETA 1:11:19
[INFO] l2p.py:357 > Train | Sample # 1664 | train_loss 3.3410 | train_acc 0.0625 | lr 0.009995 | running_time 0:02:27 | ETA 1:11:16
[INFO] l2p.py:357 > Train | Sample # 1680 | train_loss 3.1533 | train_acc 0.1875 | lr 0.009994 | running_time 0:02:28 | ETA 1:11:12
[INFO] l2p.py:357 > Train | Sample # 1696 | train_loss 3.7376 | train_acc 0.0000 | lr 0.009999 | running_time 0:02:29 | ETA 1:11:09
[INFO] l2p.py:357 > Train | Sample # 1712 | train_loss 3.4820 | train_acc 0.1250 | lr 0.009998 | running_time 0:02:31 | ETA 1:11:05
[INFO] l2p.py:357 > Train | Sample # 1728 | train_loss 3.1546 | train_acc 0.0000 | lr 0.009997 | running_time 0:02:32 | ETA 1:10:51
[INFO] l2p.py:357 > Train | Sample # 1744 | train_loss 3.5575 | train_acc 0.0000 | lr 0.009996 | running_time 0:02:33 | ETA 1:10:59
[INFO] l2p.py:357 > Train | Sample # 1760 | train_loss 3.2758 | train_acc 0.0625 | lr 0.009995 | running_time 0:02:34 | ETA 1:10:45
[INFO] l2p.py:357 > Train | Sample # 1776 | train_loss 3.2591 | train_acc 0.0625 | lr 0.009994 | running_time 0:02:36 | ETA 1:10:52
[INFO] l2p.py:357 > Train | Sample # 1792 | train_loss 3.9093 | train_acc 0.0625 | lr 0.009993 | running_time 0:02:37 | ETA 1:10:38
[INFO] l2p.py:357 > Train | Sample # 1808 | train_loss 3.6746 | train_acc 0.0000 | lr 0.009999 | running_time 0:02:39 | ETA 1:10:46
[INFO] l2p.py:357 > Train | Sample # 1824 | train_loss 3.4128 | train_acc 0.0000 | lr 0.009998 | running_time 0:02:40 | ETA 1:10:43
[INFO] l2p.py:357 > Train | Sample # 1840 | train_loss 3.5097 | train_acc 0.0000 | lr 0.009997 | running_time 0:02:41 | ETA 1:10:29
[INFO] l2p.py:357 > Train | Sample # 1856 | train_loss 3.8471 | train_acc 0.0000 | lr 0.009996 | running_time 0:02:42 | ETA 1:10:18
[INFO] l2p.py:357 > Train | Sample # 1872 | train_loss 3.8636 | train_acc 0.0000 | lr 0.009995 | running_time 0:02:43 | ETA 1:10:04
[INFO] l2p.py:357 > Train | Sample # 1888 | train_loss 3.0837 | train_acc 0.0000 | lr 0.009994 | running_time 0:02:44 | ETA 1:09:56
[INFO] l2p.py:357 > Train | Sample # 1904 | train_loss 3.2652 | train_acc 0.0625 | lr 0.009993 | running_time 0:02:45 | ETA 1:09:44
[INFO] l2p.py:357 > Train | Sample # 1920 | train_loss 3.0689 | train_acc 0.1250 | lr 0.009992 | running_time 0:02:47 | ETA 1:09:51
[INFO] l2p.py:357 > Train | Sample # 1936 | train_loss 2.9049 | train_acc 0.1875 | lr 0.009991 | running_time 0:02:48 | ETA 1:09:38
[INFO] l2p.py:357 > Train | Sample # 1952 | train_loss 3.7973 | train_acc 0.0000 | lr 0.009990 | running_time 0:02:50 | ETA 1:09:45
[INFO] l2p.py:357 > Train | Sample # 1968 | train_loss 3.4869 | train_acc 0.0625 | lr 0.009989 | running_time 0:02:51 | ETA 1:09:43
[INFO] l2p.py:357 > Train | Sample # 1984 | train_loss 3.1274 | train_acc 0.1250 | lr 0.009988 | running_time 0:02:52 | ETA 1:09:40
[INFO] l2p.py:357 > Train | Sample # 2000 | train_loss 3.6518 | train_acc 0.0000 | lr 0.009999 | running_time 0:02:53 | ETA 1:09:28
[INFO] l2p.py:357 > Train | Sample # 2016 | train_loss 3.4236 | train_acc 0.0625 | lr 0.009998 | running_time 0:02:55 | ETA 1:09:35
[INFO] l2p.py:357 > Train | Sample # 2032 | train_loss 3.3098 | train_acc 0.0000 | lr 0.009997 | running_time 0:02:56 | ETA 1:09:24
[INFO] l2p.py:357 > Train | Sample # 2048 | train_loss 2.9838 | train_acc 0.0000 | lr 0.009996 | running_time 0:02:58 | ETA 1:09:30
[INFO] l2p.py:357 > Train | Sample # 2064 | train_loss 3.1046 | train_acc 0.0625 | lr 0.009995 | running_time 0:02:59 | ETA 1:09:28
[INFO] l2p.py:357 > Train | Sample # 2080 | train_loss 3.1370 | train_acc 0.0000 | lr 0.009994 | running_time 0:03:00 | ETA 1:09:26
[INFO] l2p.py:357 > Train | Sample # 2096 | train_loss 3.6300 | train_acc 0.0000 | lr 0.009993 | running_time 0:03:01 | ETA 1:09:14
[INFO] l2p.py:357 > Train | Sample # 2112 | train_loss 3.0356 | train_acc 0.1875 | lr 0.009992 | running_time 0:03:03 | ETA 1:09:10
[INFO] l2p.py:357 > Train | Sample # 2128 | train_loss 3.4759 | train_acc 0.0625 | lr 0.009991 | running_time 0:03:04 | ETA 1:09:18
[INFO] l2p.py:357 > Train | Sample # 2144 | train_loss 3.1467 | train_acc 0.0625 | lr 0.009990 | running_time 0:03:06 | ETA 1:09:16
[INFO] l2p.py:357 > Train | Sample # 2160 | train_loss 3.0234 | train_acc 0.0000 | lr 0.009989 | running_time 0:03:07 | ETA 1:09:05
[INFO] l2p.py:357 > Train | Sample # 2176 | train_loss 3.6337 | train_acc 0.0000 | lr 0.009988 | running_time 0:03:08 | ETA 1:08:56
[INFO] l2p.py:357 > Train | Sample # 2192 | train_loss 3.1384 | train_acc 0.0000 | lr 0.009987 | running_time 0:03:10 | ETA 1:09:08
[INFO] l2p.py:357 > Train | Sample # 2208 | train_loss 3.3242 | train_acc 0.1250 | lr 0.009986 | running_time 0:03:11 | ETA 1:09:06
[INFO] l2p.py:357 > Train | Sample # 2224 | train_loss 3.7910 | train_acc 0.1875 | lr 0.009985 | running_time 0:03:12 | ETA 1:08:55
[INFO] l2p.py:357 > Train | Sample # 2240 | train_loss 3.1771 | train_acc 0.0625 | lr 0.009984 | running_time 0:03:13 | ETA 1:08:53
[INFO] l2p.py:357 > Train | Sample # 2256 | train_loss 3.4324 | train_acc 0.0000 | lr 0.009983 | running_time 0:03:14 | ETA 1:08:44
[INFO] l2p.py:357 > Train | Sample # 2272 | train_loss 3.3171 | train_acc 0.0000 | lr 0.009982 | running_time 0:03:16 | ETA 1:08:57
[INFO] l2p.py:357 > Train | Sample # 2288 | train_loss 3.0634 | train_acc 0.0000 | lr 0.009981 | running_time 0:03:18 | ETA 1:08:55
[INFO] l2p.py:357 > Train | Sample # 2304 | train_loss 3.4078 | train_acc 0.1250 | lr 0.009999 | running_time 0:03:19 | ETA 1:08:52
[INFO] l2p.py:357 > Train | Sample # 2320 | train_loss 2.9785 | train_acc 0.0625 | lr 0.009998 | running_time 0:03:20 | ETA 1:08:42
[INFO] l2p.py:357 > Train | Sample # 2336 | train_loss 3.4793 | train_acc 0.0625 | lr 0.009999 | running_time 0:03:22 | ETA 1:08:48
[INFO] l2p.py:357 > Train | Sample # 2352 | train_loss 3.1695 | train_acc 0.0000 | lr 0.009998 | running_time 0:03:22 | ETA 1:08:31
[INFO] l2p.py:357 > Train | Sample # 2368 | train_loss 3.4613 | train_acc 0.0000 | lr 0.009997 | running_time 0:03:24 | ETA 1:08:43
[INFO] l2p.py:357 > Train | Sample # 2384 | train_loss 3.0838 | train_acc 0.1250 | lr 0.009996 | running_time 0:03:26 | ETA 1:08:41
[INFO] l2p.py:357 > Train | Sample # 2400 | train_loss 3.3239 | train_acc 0.0000 | lr 0.009995 | running_time 0:03:27 | ETA 1:08:30
[INFO] l2p.py:357 > Train | Sample # 2416 | train_loss 3.2532 | train_acc 0.0000 | lr 0.009994 | running_time 0:03:29 | ETA 1:08:36
[INFO] l2p.py:357 > Train | Sample # 2432 | train_loss 2.9434 | train_acc 0.0000 | lr 0.009993 | running_time 0:03:29 | ETA 1:08:26
[INFO] l2p.py:357 > Train | Sample # 2448 | train_loss 3.2082 | train_acc 0.0000 | lr 0.009992 | running_time 0:03:31 | ETA 1:08:24
[INFO] l2p.py:357 > Train | Sample # 2464 | train_loss 3.5598 | train_acc 0.0000 | lr 0.009991 | running_time 0:03:31 | ETA 1:08:08
[INFO] l2p.py:357 > Train | Sample # 2480 | train_loss 2.8579 | train_acc 0.2500 | lr 0.009990 | running_time 0:03:33 | ETA 1:08:04
[INFO] l2p.py:357 > Train | Sample # 2496 | train_loss 3.7618 | train_acc 0.0625 | lr 0.009999 | running_time 0:03:34 | ETA 1:08:00
[INFO] l2p.py:357 > Train | Sample # 2512 | train_loss 3.4133 | train_acc 0.1250 | lr 0.009998 | running_time 0:03:35 | ETA 1:07:58
[INFO] l2p.py:357 > Train | Sample # 2528 | train_loss 2.9347 | train_acc 0.1250 | lr 0.009997 | running_time 0:03:36 | ETA 1:07:49
[INFO] l2p.py:357 > Train | Sample # 2544 | train_loss 3.0081 | train_acc 0.1250 | lr 0.009996 | running_time 0:03:38 | ETA 1:07:46
[INFO] l2p.py:357 > Train | Sample # 2560 | train_loss 3.7858 | train_acc 0.0625 | lr 0.009995 | running_time 0:03:39 | ETA 1:07:45
[INFO] l2p.py:357 > Train | Sample # 2576 | train_loss 3.0939 | train_acc 0.0625 | lr 0.009994 | running_time 0:03:40 | ETA 1:07:43
[INFO] l2p.py:357 > Train | Sample # 2592 | train_loss 2.9737 | train_acc 0.1250 | lr 0.009993 | running_time 0:03:42 | ETA 1:07:48
[INFO] l2p.py:357 > Train | Sample # 2608 | train_loss 3.4482 | train_acc 0.0000 | lr 0.009992 | running_time 0:03:43 | ETA 1:07:39
[INFO] l2p.py:357 > Train | Sample # 2624 | train_loss 3.9328 | train_acc 0.1250 | lr 0.009999 | running_time 0:03:45 | ETA 1:07:44
[INFO] l2p.py:357 > Train | Sample # 2640 | train_loss 3.1867 | train_acc 0.1875 | lr 0.009998 | running_time 0:03:46 | ETA 1:07:42
[INFO] l2p.py:357 > Train | Sample # 2656 | train_loss 3.4732 | train_acc 0.0625 | lr 0.009997 | running_time 0:03:47 | ETA 1:07:40
[INFO] l2p.py:357 > Train | Sample # 2672 | train_loss 3.1007 | train_acc 0.1250 | lr 0.009996 | running_time 0:03:48 | ETA 1:07:31
[INFO] l2p.py:357 > Train | Sample # 2688 | train_loss 3.2471 | train_acc 0.0625 | lr 0.009995 | running_time 0:03:50 | ETA 1:07:31
[INFO] l2p.py:357 > Train | Sample # 2704 | train_loss 3.3983 | train_acc 0.0000 | lr 0.009994 | running_time 0:03:51 | ETA 1:07:35
[INFO] l2p.py:357 > Train | Sample # 2720 | train_loss 3.2879 | train_acc 0.0000 | lr 0.009993 | running_time 0:03:52 | ETA 1:07:26
[INFO] l2p.py:357 > Train | Sample # 2736 | train_loss 3.2518 | train_acc 0.0000 | lr 0.009992 | running_time 0:03:54 | ETA 1:07:24
[INFO] l2p.py:357 > Train | Sample # 2752 | train_loss 3.2717 | train_acc 0.1250 | lr 0.009991 | running_time 0:03:55 | ETA 1:07:22
[INFO] l2p.py:357 > Train | Sample # 2768 | train_loss 3.6748 | train_acc 0.0625 | lr 0.009990 | running_time 0:03:57 | ETA 1:07:27
[INFO] l2p.py:357 > Train | Sample # 2784 | train_loss 3.1004 | train_acc 0.0625 | lr 0.009989 | running_time 0:03:58 | ETA 1:07:18
[INFO] l2p.py:357 > Train | Sample # 2800 | train_loss 3.2297 | train_acc 0.0000 | lr 0.009988 | running_time 0:03:59 | ETA 1:07:23
[INFO] l2p.py:357 > Train | Sample # 2816 | train_loss 3.4586 | train_acc 0.1250 | lr 0.009999 | running_time 0:04:00 | ETA 1:07:15
[INFO] l2p.py:357 > Train | Sample # 2832 | train_loss 3.4781 | train_acc 0.0625 | lr 0.009998 | running_time 0:04:02 | ETA 1:07:20
[INFO] l2p.py:357 > Train | Sample # 2848 | train_loss 3.1982 | train_acc 0.0625 | lr 0.009997 | running_time 0:04:03 | ETA 1:07:18
[INFO] l2p.py:357 > Train | Sample # 2864 | train_loss 3.1394 | train_acc 0.1875 | lr 0.009996 | running_time 0:04:04 | ETA 1:07:10
[INFO] l2p.py:357 > Train | Sample # 2880 | train_loss 3.1876 | train_acc 0.0000 | lr 0.009995 | running_time 0:04:06 | ETA 1:07:15
[INFO] l2p.py:357 > Train | Sample # 2896 | train_loss 3.0141 | train_acc 0.1250 | lr 0.009994 | running_time 0:04:07 | ETA 1:07:13
[INFO] l2p.py:357 > Train | Sample # 2912 | train_loss 3.2364 | train_acc 0.0000 | lr 0.009993 | running_time 0:04:09 | ETA 1:07:12
[INFO] l2p.py:357 > Train | Sample # 2928 | train_loss 3.9088 | train_acc 0.0000 | lr 0.009992 | running_time 0:04:10 | ETA 1:07:09
[INFO] l2p.py:357 > Train | Sample # 2944 | train_loss 3.2320 | train_acc 0.0625 | lr 0.009991 | running_time 0:04:12 | ETA 1:07:08
[INFO] l2p.py:357 > Train | Sample # 2960 | train_loss 3.1318 | train_acc 0.0000 | lr 0.009990 | running_time 0:04:13 | ETA 1:07:06
[INFO] l2p.py:357 > Train | Sample # 2976 | train_loss 3.5795 | train_acc 0.0625 | lr 0.009989 | running_time 0:04:14 | ETA 1:06:58
[INFO] l2p.py:357 > Train | Sample # 2992 | train_loss 3.1743 | train_acc 0.0000 | lr 0.009988 | running_time 0:04:15 | ETA 1:06:56
[INFO] l2p.py:357 > Train | Sample # 3008 | train_loss 3.4517 | train_acc 0.0625 | lr 0.009987 | running_time 0:04:17 | ETA 1:07:00
[INFO] l2p.py:357 > Train | Sample # 3024 | train_loss 3.1910 | train_acc 0.0625 | lr 0.009986 | running_time 0:04:18 | ETA 1:06:59
[INFO] l2p.py:357 > Train | Sample # 3040 | train_loss 3.1229 | train_acc 0.0000 | lr 0.009985 | running_time 0:04:19 | ETA 1:06:51
[INFO] l2p.py:357 > Train | Sample # 3056 | train_loss 3.2010 | train_acc 0.0625 | lr 0.009984 | running_time 0:04:21 | ETA 1:06:51
[INFO] l2p.py:357 > Train | Sample # 3072 | train_loss 3.2108 | train_acc 0.0000 | lr 0.009983 | running_time 0:04:22 | ETA 1:06:48
[INFO] l2p.py:357 > Train | Sample # 3088 | train_loss 3.8054 | train_acc 0.0000 | lr 0.009982 | running_time 0:04:24 | ETA 1:06:52
[INFO] l2p.py:357 > Train | Sample # 3104 | train_loss 3.2002 | train_acc 0.0625 | lr 0.009981 | running_time 0:04:25 | ETA 1:06:50
[INFO] l2p.py:357 > Train | Sample # 3120 | train_loss 3.4855 | train_acc 0.1875 | lr 0.009980 | running_time 0:04:26 | ETA 1:06:43
[INFO] l2p.py:357 > Train | Sample # 3136 | train_loss 3.4583 | train_acc 0.0625 | lr 0.009999 | running_time 0:04:27 | ETA 1:06:41
[INFO] l2p.py:357 > Train | Sample # 3152 | train_loss 3.0750 | train_acc 0.1250 | lr 0.009998 | running_time 0:04:29 | ETA 1:06:39
[INFO] l2p.py:357 > Train | Sample # 3168 | train_loss 3.0345 | train_acc 0.1250 | lr 0.009997 | running_time 0:04:30 | ETA 1:06:41
[INFO] l2p.py:357 > Train | Sample # 3184 | train_loss 3.3227 | train_acc 0.0625 | lr 0.009996 | running_time 0:04:31 | ETA 1:06:36
[INFO] l2p.py:357 > Train | Sample # 3200 | train_loss 3.2588 | train_acc 0.0000 | lr 0.009995 | running_time 0:04:33 | ETA 1:06:34
[INFO] l2p.py:357 > Train | Sample # 3216 | train_loss 3.1426 | train_acc 0.0000 | lr 0.009994 | running_time 0:04:34 | ETA 1:06:32
[INFO] l2p.py:357 > Train | Sample # 3232 | train_loss 3.3338 | train_acc 0.0625 | lr 0.009993 | running_time 0:04:36 | ETA 1:06:36
[INFO] l2p.py:357 > Train | Sample # 3248 | train_loss 3.4413 | train_acc 0.0625 | lr 0.009992 | running_time 0:04:37 | ETA 1:06:35
[INFO] l2p.py:357 > Train | Sample # 3264 | train_loss 3.0878 | train_acc 0.0000 | lr 0.009991 | running_time 0:04:38 | ETA 1:06:33
[INFO] l2p.py:357 > Train | Sample # 3280 | train_loss 3.0693 | train_acc 0.1250 | lr 0.009990 | running_time 0:04:40 | ETA 1:06:31
[INFO] l2p.py:357 > Train | Sample # 3296 | train_loss 3.6478 | train_acc 0.0000 | lr 0.009989 | running_time 0:04:41 | ETA 1:06:30
[INFO] l2p.py:357 > Train | Sample # 3312 | train_loss 3.4267 | train_acc 0.1250 | lr 0.009988 | running_time 0:04:42 | ETA 1:06:22
[INFO] l2p.py:357 > Train | Sample # 3328 | train_loss 3.6999 | train_acc 0.0625 | lr 0.009987 | running_time 0:04:44 | ETA 1:06:27
[INFO] l2p.py:357 > Train | Sample # 3344 | train_loss 3.5597 | train_acc 0.1250 | lr 0.009986 | running_time 0:04:45 | ETA 1:06:19
[INFO] l2p.py:357 > Train | Sample # 3360 | train_loss 3.2953 | train_acc 0.1250 | lr 0.009985 | running_time 0:04:46 | ETA 1:06:18
[INFO] l2p.py:357 > Train | Sample # 3376 | train_loss 3.2774 | train_acc 0.0625 | lr 0.009984 | running_time 0:04:47 | ETA 1:06:16
[INFO] l2p.py:357 > Train | Sample # 3392 | train_loss 3.2956 | train_acc 0.0625 | lr 0.009983 | running_time 0:04:49 | ETA 1:06:20
[INFO] l2p.py:357 > Train | Sample # 3408 | train_loss 3.8164 | train_acc 0.0625 | lr 0.009982 | running_time 0:04:50 | ETA 1:06:13
[INFO] l2p.py:357 > Train | Sample # 3424 | train_loss 3.2293 | train_acc 0.0625 | lr 0.009981 | running_time 0:04:52 | ETA 1:06:16
[INFO] l2p.py:357 > Train | Sample # 3440 | train_loss 3.3275 | train_acc 0.1875 | lr 0.009980 | running_time 0:04:53 | ETA 1:06:09
[INFO] l2p.py:357 > Train | Sample # 3456 | train_loss 3.1434 | train_acc 0.0000 | lr 0.009979 | running_time 0:04:55 | ETA 1:06:13
[INFO] l2p.py:357 > Train | Sample # 3472 | train_loss 3.0506 | train_acc 0.0625 | lr 0.009978 | running_time 0:04:56 | ETA 1:06:06
[INFO] l2p.py:357 > Train | Sample # 3488 | train_loss 3.1352 | train_acc 0.1250 | lr 0.009977 | running_time 0:04:57 | ETA 1:06:05
[INFO] l2p.py:357 > Train | Sample # 3504 | train_loss 2.9244 | train_acc 0.1250 | lr 0.009976 | running_time 0:04:58 | ETA 1:05:59
[INFO] l2p.py:357 > Train | Sample # 3520 | train_loss 3.1087 | train_acc 0.0000 | lr 0.009975 | running_time 0:04:59 | ETA 1:05:57
[INFO] l2p.py:357 > Train | Sample # 3536 | train_loss 3.2799 | train_acc 0.0625 | lr 0.009974 | running_time 0:05:01 | ETA 1:06:05
[INFO] l2p.py:357 > Train | Sample # 3552 | train_loss 3.6762 | train_acc 0.0000 | lr 0.009973 | running_time 0:05:03 | ETA 1:06:03
[INFO] l2p.py:357 > Train | Sample # 3568 | train_loss 3.3147 | train_acc 0.0000 | lr 0.009972 | running_time 0:05:04 | ETA 1:06:01
[INFO] l2p.py:357 > Train | Sample # 3584 | train_loss 3.2195 | train_acc 0.0000 | lr 0.009971 | running_time 0:05:05 | ETA 1:05:55
[INFO] l2p.py:357 > Train | Sample # 3600 | train_loss 2.9760 | train_acc 0.1250 | lr 0.009970 | running_time 0:05:06 | ETA 1:05:49
[INFO] l2p.py:357 > Train | Sample # 3616 | train_loss 3.0504 | train_acc 0.1250 | lr 0.009969 | running_time 0:05:08 | ETA 1:05:56
[INFO] l2p.py:357 > Train | Sample # 3632 | train_loss 3.3249 | train_acc 0.0000 | lr 0.009968 | running_time 0:05:09 | ETA 1:05:51
[INFO] l2p.py:357 > Train | Sample # 3648 | train_loss 3.1143 | train_acc 0.0000 | lr 0.009967 | running_time 0:05:10 | ETA 1:05:45
[INFO] l2p.py:357 > Train | Sample # 3664 | train_loss 3.4003 | train_acc 0.0000 | lr 0.009966 | running_time 0:05:11 | ETA 1:05:43
[INFO] l2p.py:357 > Train | Sample # 3680 | train_loss 3.2861 | train_acc 0.1875 | lr 0.009965 | running_time 0:05:13 | ETA 1:05:46
[INFO] l2p.py:357 > Train | Sample # 3696 | train_loss 3.0939 | train_acc 0.0000 | lr 0.009964 | running_time 0:05:14 | ETA 1:05:44
[INFO] l2p.py:357 > Train | Sample # 3712 | train_loss 3.1677 | train_acc 0.0000 | lr 0.009963 | running_time 0:05:16 | ETA 1:05:45
[INFO] l2p.py:357 > Train | Sample # 3728 | train_loss 3.6080 | train_acc 0.0000 | lr 0.009962 | running_time 0:05:17 | ETA 1:05:39
[INFO] l2p.py:357 > Train | Sample # 3744 | train_loss 3.0203 | train_acc 0.1250 | lr 0.009961 | running_time 0:05:18 | ETA 1:05:38
[INFO] l2p.py:357 > Train | Sample # 3760 | train_loss 3.8004 | train_acc 0.0000 | lr 0.009960 | running_time 0:05:19 | ETA 1:05:33
[INFO] l2p.py:357 > Train | Sample # 3776 | train_loss 3.1363 | train_acc 0.0000 | lr 0.009959 | running_time 0:05:20 | ETA 1:05:26
[INFO] l2p.py:357 > Train | Sample # 3792 | train_loss 3.2740 | train_acc 0.0000 | lr 0.009958 | running_time 0:05:21 | ETA 1:05:16
[INFO] l2p.py:357 > Train | Sample # 3808 | train_loss 3.5724 | train_acc 0.1250 | lr 0.009957 | running_time 0:05:22 | ETA 1:05:10
[INFO] l2p.py:357 > Train | Sample # 3824 | train_loss 3.6110 | train_acc 0.0625 | lr 0.009956 | running_time 0:05:23 | ETA 1:05:05
[INFO] l2p.py:357 > Train | Sample # 3840 | train_loss 3.2892 | train_acc 0.0625 | lr 0.009955 | running_time 0:05:24 | ETA 1:04:57
[INFO] l2p.py:357 > Train | Sample # 3856 | train_loss 3.1125 | train_acc 0.1250 | lr 0.009954 | running_time 0:05:25 | ETA 1:04:55
[INFO] l2p.py:357 > Train | Sample # 3872 | train_loss 3.7555 | train_acc 0.0625 | lr 0.009999 | running_time 0:05:27 | ETA 1:04:58
[INFO] l2p.py:357 > Train | Sample # 3888 | train_loss 3.5401 | train_acc 0.0000 | lr 0.009998 | running_time 0:05:28 | ETA 1:04:57
[INFO] l2p.py:357 > Train | Sample # 3904 | train_loss 3.2155 | train_acc 0.1875 | lr 0.009997 | running_time 0:05:29 | ETA 1:04:51
[INFO] l2p.py:357 > Train | Sample # 3920 | train_loss 3.3579 | train_acc 0.0000 | lr 0.009996 | running_time 0:05:31 | ETA 1:04:54
[INFO] l2p.py:357 > Train | Sample # 3936 | train_loss 3.3501 | train_acc 0.1250 | lr 0.009995 | running_time 0:05:31 | ETA 1:04:44
[INFO] l2p.py:357 > Train | Sample # 3952 | train_loss 3.5675 | train_acc 0.0625 | lr 0.009999 | running_time 0:05:34 | ETA 1:04:51
[INFO] l2p.py:357 > Train | Sample # 3968 | train_loss 3.2133 | train_acc 0.0625 | lr 0.009998 | running_time 0:05:35 | ETA 1:04:50
[INFO] l2p.py:357 > Train | Sample # 3984 | train_loss 3.4652 | train_acc 0.0000 | lr 0.009997 | running_time 0:05:36 | ETA 1:04:48
[INFO] l2p.py:357 > Train | Sample # 4000 | train_loss 3.5181 | train_acc 0.0625 | lr 0.009996 | running_time 0:05:37 | ETA 1:04:42
[INFO] l2p.py:357 > Train | Sample # 4016 | train_loss 3.3450 | train_acc 0.0625 | lr 0.009995 | running_time 0:05:38 | ETA 1:04:40
[INFO] l2p.py:357 > Train | Sample # 4032 | train_loss 3.2464 | train_acc 0.0000 | lr 0.009994 | running_time 0:05:40 | ETA 1:04:38
[INFO] l2p.py:357 > Train | Sample # 4048 | train_loss 3.3151 | train_acc 0.1250 | lr 0.009993 | running_time 0:05:41 | ETA 1:04:38
[INFO] l2p.py:357 > Train | Sample # 4064 | train_loss 3.3655 | train_acc 0.0000 | lr 0.009992 | running_time 0:05:43 | ETA 1:04:41
[INFO] l2p.py:357 > Train | Sample # 4080 | train_loss 3.1887 | train_acc 0.1250 | lr 0.009991 | running_time 0:05:44 | ETA 1:04:39
[INFO] l2p.py:357 > Train | Sample # 4096 | train_loss 3.3627 | train_acc 0.0000 | lr 0.009990 | running_time 0:05:46 | ETA 1:04:38
[INFO] l2p.py:357 > Train | Sample # 4112 | train_loss 3.0497 | train_acc 0.1250 | lr 0.009989 | running_time 0:05:47 | ETA 1:04:36
[INFO] l2p.py:357 > Train | Sample # 4128 | train_loss 3.2449 | train_acc 0.0000 | lr 0.009988 | running_time 0:05:48 | ETA 1:04:35
[INFO] l2p.py:357 > Train | Sample # 4144 | train_loss 3.4071 | train_acc 0.0625 | lr 0.009987 | running_time 0:05:50 | ETA 1:04:33
[INFO] l2p.py:357 > Train | Sample # 4160 | train_loss 3.1199 | train_acc 0.0000 | lr 0.009986 | running_time 0:05:51 | ETA 1:04:27
[INFO] l2p.py:357 > Train | Sample # 4176 | train_loss 3.3463 | train_acc 0.0000 | lr 0.009985 | running_time 0:05:52 | ETA 1:04:30
[INFO] l2p.py:357 > Train | Sample # 4192 | train_loss 3.0857 | train_acc 0.1250 | lr 0.009984 | running_time 0:05:53 | ETA 1:04:24
[INFO] l2p.py:357 > Train | Sample # 4208 | train_loss 3.2868 | train_acc 0.0000 | lr 0.009983 | running_time 0:05:55 | ETA 1:04:23
[INFO] l2p.py:357 > Train | Sample # 4224 | train_loss 3.6860 | train_acc 0.0625 | lr 0.009982 | running_time 0:05:56 | ETA 1:04:26
[INFO] l2p.py:357 > Train | Sample # 4240 | train_loss 3.0507 | train_acc 0.0625 | lr 0.009981 | running_time 0:05:58 | ETA 1:04:25
[INFO] l2p.py:357 > Train | Sample # 4256 | train_loss 3.2530 | train_acc 0.0625 | lr 0.009980 | running_time 0:05:58 | ETA 1:04:16
[INFO] l2p.py:357 > Train | Sample # 4272 | train_loss 3.2887 | train_acc 0.1250 | lr 0.009979 | running_time 0:06:00 | ETA 1:04:22
[INFO] l2p.py:357 > Train | Sample # 4288 | train_loss 3.3357 | train_acc 0.0625 | lr 0.009978 | running_time 0:06:02 | ETA 1:04:20
[INFO] l2p.py:357 > Train | Sample # 4304 | train_loss 3.0433 | train_acc 0.0000 | lr 0.009977 | running_time 0:06:03 | ETA 1:04:15
[INFO] l2p.py:357 > Train | Sample # 4320 | train_loss 3.0180 | train_acc 0.1875 | lr 0.009976 | running_time 0:06:04 | ETA 1:04:17
[INFO] l2p.py:357 > Train | Sample # 4336 | train_loss 3.2526 | train_acc 0.1875 | lr 0.009975 | running_time 0:06:06 | ETA 1:04:16
[INFO] l2p.py:357 > Train | Sample # 4352 | train_loss 3.0977 | train_acc 0.0625 | lr 0.009974 | running_time 0:06:07 | ETA 1:04:10
[INFO] l2p.py:357 > Train | Sample # 4368 | train_loss 3.4834 | train_acc 0.0000 | lr 0.009973 | running_time 0:06:08 | ETA 1:04:13
[INFO] l2p.py:357 > Train | Sample # 4384 | train_loss 3.7103 | train_acc 0.0000 | lr 0.009972 | running_time 0:06:10 | ETA 1:04:12
[INFO] l2p.py:357 > Train | Sample # 4400 | train_loss 3.3590 | train_acc 0.0625 | lr 0.009971 | running_time 0:06:11 | ETA 1:04:11
[INFO] l2p.py:357 > Train | Sample # 4416 | train_loss 3.7063 | train_acc 0.1250 | lr 0.009970 | running_time 0:06:12 | ETA 1:04:05
[INFO] l2p.py:357 > Train | Sample # 4432 | train_loss 3.4763 | train_acc 0.0625 | lr 0.009969 | running_time 0:06:14 | ETA 1:04:08
[INFO] l2p.py:357 > Train | Sample # 4448 | train_loss 3.3561 | train_acc 0.0625 | lr 0.009999 | running_time 0:06:15 | ETA 1:04:02
[INFO] l2p.py:357 > Train | Sample # 4464 | train_loss 3.4424 | train_acc 0.0000 | lr 0.009998 | running_time 0:06:16 | ETA 1:04:01
[INFO] l2p.py:357 > Train | Sample # 4480 | train_loss 3.2621 | train_acc 0.0000 | lr 0.009997 | running_time 0:06:18 | ETA 1:04:03
[INFO] l2p.py:357 > Train | Sample # 4496 | train_loss 3.2679 | train_acc 0.0625 | lr 0.009996 | running_time 0:06:19 | ETA 1:03:58
[INFO] l2p.py:357 > Train | Sample # 4512 | train_loss 3.3124 | train_acc 0.0625 | lr 0.009995 | running_time 0:06:20 | ETA 1:03:57
[INFO] l2p.py:357 > Train | Sample # 4528 | train_loss 3.2672 | train_acc 0.0000 | lr 0.009994 | running_time 0:06:21 | ETA 1:03:56
[INFO] l2p.py:357 > Train | Sample # 4544 | train_loss 3.3722 | train_acc 0.1250 | lr 0.009993 | running_time 0:06:23 | ETA 1:03:54
[INFO] l2p.py:357 > Train | Sample # 4560 | train_loss 3.3358 | train_acc 0.0625 | lr 0.009992 | running_time 0:06:25 | ETA 1:03:57
[INFO] l2p.py:357 > Train | Sample # 4576 | train_loss 3.4119 | train_acc 0.1875 | lr 0.009991 | running_time 0:06:26 | ETA 1:03:52
[INFO] l2p.py:357 > Train | Sample # 4592 | train_loss 3.3021 | train_acc 0.0000 | lr 0.009990 | running_time 0:06:27 | ETA 1:03:47
[INFO] l2p.py:357 > Train | Sample # 4608 | train_loss 3.1061 | train_acc 0.0000 | lr 0.009989 | running_time 0:06:29 | ETA 1:03:52
[INFO] l2p.py:357 > Train | Sample # 4624 | train_loss 3.2071 | train_acc 0.0625 | lr 0.009988 | running_time 0:06:30 | ETA 1:03:47
[INFO] l2p.py:357 > Train | Sample # 4640 | train_loss 3.2307 | train_acc 0.0000 | lr 0.009987 | running_time 0:06:31 | ETA 1:03:49
[INFO] l2p.py:357 > Train | Sample # 4656 | train_loss 3.0038 | train_acc 0.0625 | lr 0.009986 | running_time 0:06:32 | ETA 1:03:44
[INFO] l2p.py:357 > Train | Sample # 4672 | train_loss 3.0728 | train_acc 0.0000 | lr 0.009985 | running_time 0:06:34 | ETA 1:03:47
[INFO] l2p.py:357 > Train | Sample # 4688 | train_loss 3.2550 | train_acc 0.0000 | lr 0.009984 | running_time 0:06:35 | ETA 1:03:45
[INFO] l2p.py:357 > Train | Sample # 4704 | train_loss 3.0563 | train_acc 0.0000 | lr 0.009983 | running_time 0:06:37 | ETA 1:03:44
[INFO] l2p.py:357 > Train | Sample # 4720 | train_loss 3.0789 | train_acc 0.0000 | lr 0.009982 | running_time 0:06:38 | ETA 1:03:43
[INFO] l2p.py:357 > Train | Sample # 4736 | train_loss 3.3346 | train_acc 0.0000 | lr 0.009981 | running_time 0:06:39 | ETA 1:03:41
[INFO] l2p.py:357 > Train | Sample # 4752 | train_loss 3.4358 | train_acc 0.0000 | lr 0.009980 | running_time 0:06:41 | ETA 1:03:40
[INFO] l2p.py:357 > Train | Sample # 4768 | train_loss 3.0457 | train_acc 0.0625 | lr 0.009979 | running_time 0:06:42 | ETA 1:03:38
[INFO] l2p.py:357 > Train | Sample # 4784 | train_loss 3.1308 | train_acc 0.0000 | lr 0.009978 | running_time 0:06:43 | ETA 1:03:33
[INFO] l2p.py:357 > Train | Sample # 4800 | train_loss 2.9845 | train_acc 0.0625 | lr 0.009977 | running_time 0:06:44 | ETA 1:03:32
[INFO] l2p.py:357 > Train | Sample # 4816 | train_loss 4.1409 | train_acc 0.0000 | lr 0.009976 | running_time 0:06:45 | ETA 1:03:27
[INFO] l2p.py:357 > Train | Sample # 4832 | train_loss 3.0080 | train_acc 0.0000 | lr 0.009975 | running_time 0:06:47 | ETA 1:03:33
[INFO] l2p.py:357 > Train | Sample # 4848 | train_loss 3.1231 | train_acc 0.0000 | lr 0.009974 | running_time 0:06:49 | ETA 1:03:31
[INFO] l2p.py:357 > Train | Sample # 4864 | train_loss 3.5501 | train_acc 0.1250 | lr 0.009973 | running_time 0:06:50 | ETA 1:03:30
[INFO] l2p.py:357 > Train | Sample # 4880 | train_loss 3.0499 | train_acc 0.0000 | lr 0.009972 | running_time 0:06:51 | ETA 1:03:25
[INFO] l2p.py:357 > Train | Sample # 4896 | train_loss 3.3723 | train_acc 0.0625 | lr 0.009971 | running_time 0:06:52 | ETA 1:03:23
[INFO] l2p.py:357 > Train | Sample # 4912 | train_loss 3.1053 | train_acc 0.0000 | lr 0.009970 | running_time 0:06:54 | ETA 1:03:22
[INFO] l2p.py:357 > Train | Sample # 4928 | train_loss 3.1338 | train_acc 0.1250 | lr 0.009969 | running_time 0:06:55 | ETA 1:03:24
[INFO] l2p.py:357 > Train | Sample # 4944 | train_loss 3.1884 | train_acc 0.0000 | lr 0.009968 | running_time 0:06:56 | ETA 1:03:19
[INFO] l2p.py:357 > Train | Sample # 4960 | train_loss 3.2367 | train_acc 0.0000 | lr 0.009967 | running_time 0:06:58 | ETA 1:03:18
[INFO] l2p.py:357 > Train | Sample # 4976 | train_loss 3.2247 | train_acc 0.0625 | lr 0.009966 | running_time 0:06:59 | ETA 1:03:16
[INFO] l2p.py:357 > Train | Sample # 4992 | train_loss 2.9980 | train_acc 0.0625 | lr 0.009965 | running_time 0:07:00 | ETA 1:03:15
[INFO] l2p.py:357 > Train | Sample # 5008 | train_loss 3.3843 | train_acc 0.0000 | lr 0.009964 | running_time 0:07:02 | ETA 1:03:17
[INFO] l2p.py:357 > Train | Sample # 5024 | train_loss 3.2988 | train_acc 0.0000 | lr 0.009963 | running_time 0:07:03 | ETA 1:03:12
[INFO] l2p.py:357 > Train | Sample # 5040 | train_loss 3.1612 | train_acc 0.0000 | lr 0.009962 | running_time 0:07:05 | ETA 1:03:11
[INFO] l2p.py:357 > Train | Sample # 5056 | train_loss 3.2444 | train_acc 0.1250 | lr 0.009961 | running_time 0:07:05 | ETA 1:03:05
[INFO] l2p.py:357 > Train | Sample # 5072 | train_loss 3.1404 | train_acc 0.0000 | lr 0.009960 | running_time 0:07:06 | ETA 1:02:58
[INFO] l2p.py:357 > Train | Sample # 5088 | train_loss 3.0612 | train_acc 0.1250 | lr 0.009959 | running_time 0:07:08 | ETA 1:02:58
[INFO] l2p.py:357 > Train | Sample # 5104 | train_loss 3.3175 | train_acc 0.0625 | lr 0.009958 | running_time 0:07:09 | ETA 1:02:54
[INFO] l2p.py:357 > Train | Sample # 5120 | train_loss 3.3320 | train_acc 0.0000 | lr 0.009957 | running_time 0:07:10 | ETA 1:02:52
[INFO] l2p.py:357 > Train | Sample # 5136 | train_loss 3.2709 | train_acc 0.0000 | lr 0.009956 | running_time 0:07:11 | ETA 1:02:48
[INFO] l2p.py:357 > Train | Sample # 5152 | train_loss 3.3278 | train_acc 0.0000 | lr 0.009955 | running_time 0:07:12 | ETA 1:02:46
[INFO] l2p.py:357 > Train | Sample # 5168 | train_loss 3.4077 | train_acc 0.0000 | lr 0.009954 | running_time 0:07:14 | ETA 1:02:51
[INFO] l2p.py:357 > Train | Sample # 5184 | train_loss 3.1606 | train_acc 0.0625 | lr 0.009953 | running_time 0:07:16 | ETA 1:02:50
[INFO] l2p.py:357 > Train | Sample # 5200 | train_loss 3.0933 | train_acc 0.0000 | lr 0.009952 | running_time 0:07:17 | ETA 1:02:49
[INFO] l2p.py:357 > Train | Sample # 5216 | train_loss 3.5182 | train_acc 0.0000 | lr 0.009951 | running_time 0:07:18 | ETA 1:02:47
[INFO] l2p.py:357 > Train | Sample # 5232 | train_loss 2.9842 | train_acc 0.0625 | lr 0.009950 | running_time 0:07:19 | ETA 1:02:43
[INFO] l2p.py:357 > Train | Sample # 5248 | train_loss 3.3590 | train_acc 0.0000 | lr 0.009949 | running_time 0:07:21 | ETA 1:02:45
[INFO] l2p.py:357 > Train | Sample # 5264 | train_loss 3.3917 | train_acc 0.0000 | lr 0.009948 | running_time 0:07:22 | ETA 1:02:40
[INFO] l2p.py:357 > Train | Sample # 5280 | train_loss 3.7580 | train_acc 0.0000 | lr 0.009947 | running_time 0:07:23 | ETA 1:02:32
[INFO] l2p.py:357 > Train | Sample # 5296 | train_loss 3.0678 | train_acc 0.1250 | lr 0.009946 | running_time 0:07:24 | ETA 1:02:29
[INFO] l2p.py:357 > Train | Sample # 5312 | train_loss 3.1321 | train_acc 0.1250 | lr 0.009945 | running_time 0:07:25 | ETA 1:02:25
[INFO] l2p.py:357 > Train | Sample # 5328 | train_loss 3.2541 | train_acc 0.0625 | lr 0.009944 | running_time 0:07:26 | ETA 1:02:23
[INFO] l2p.py:357 > Train | Sample # 5344 | train_loss 3.1593 | train_acc 0.0000 | lr 0.009943 | running_time 0:07:28 | ETA 1:02:25
[INFO] l2p.py:357 > Train | Sample # 5360 | train_loss 3.0529 | train_acc 0.0000 | lr 0.009942 | running_time 0:07:29 | ETA 1:02:21
[INFO] l2p.py:357 > Train | Sample # 5376 | train_loss 3.2487 | train_acc 0.0000 | lr 0.009941 | running_time 0:07:30 | ETA 1:02:23
[INFO] l2p.py:357 > Train | Sample # 5392 | train_loss 3.4163 | train_acc 0.0625 | lr 0.009940 | running_time 0:07:32 | ETA 1:02:22
[INFO] l2p.py:357 > Train | Sample # 5408 | train_loss 3.0143 | train_acc 0.0000 | lr 0.009939 | running_time 0:07:33 | ETA 1:02:20
[INFO] l2p.py:357 > Train | Sample # 5424 | train_loss 3.0040 | train_acc 0.0625 | lr 0.009938 | running_time 0:07:35 | ETA 1:02:19
[INFO] l2p.py:357 > Train | Sample # 5440 | train_loss 3.1084 | train_acc 0.0000 | lr 0.009937 | running_time 0:07:36 | ETA 1:02:18
[INFO] l2p.py:357 > Train | Sample # 5456 | train_loss 3.1448 | train_acc 0.0000 | lr 0.009936 | running_time 0:07:37 | ETA 1:02:16
[INFO] l2p.py:357 > Train | Sample # 5472 | train_loss 3.4472 | train_acc 0.0625 | lr 0.009935 | running_time 0:07:38 | ETA 1:02:12
[INFO] l2p.py:357 > Train | Sample # 5488 | train_loss 3.4348 | train_acc 0.0625 | lr 0.009934 | running_time 0:07:40 | ETA 1:02:14
[INFO] l2p.py:357 > Train | Sample # 5504 | train_loss 3.1564 | train_acc 0.0625 | lr 0.009933 | running_time 0:07:41 | ETA 1:02:12
[INFO] l2p.py:357 > Train | Sample # 5520 | train_loss 3.2941 | train_acc 0.0000 | lr 0.009932 | running_time 0:07:43 | ETA 1:02:11
[INFO] l2p.py:357 > Train | Sample # 5536 | train_loss 3.1432 | train_acc 0.0000 | lr 0.009931 | running_time 0:07:44 | ETA 1:02:10
[INFO] l2p.py:357 > Train | Sample # 5552 | train_loss 3.0522 | train_acc 0.0000 | lr 0.009930 | running_time 0:07:45 | ETA 1:02:09
[INFO] l2p.py:357 > Train | Sample # 5568 | train_loss 3.3813 | train_acc 0.1250 | lr 0.009929 | running_time 0:07:46 | ETA 1:02:04
[INFO] l2p.py:357 > Train | Sample # 5584 | train_loss 3.3808 | train_acc 0.0625 | lr 0.009928 | running_time 0:07:48 | ETA 1:02:06
[INFO] l2p.py:357 > Train | Sample # 5600 | train_loss 3.1322 | train_acc 0.0625 | lr 0.009927 | running_time 0:07:49 | ETA 1:02:05
[INFO] l2p.py:357 > Train | Sample # 5616 | train_loss 3.0887 | train_acc 0.1250 | lr 0.009926 | running_time 0:07:50 | ETA 1:02:00
[INFO] l2p.py:357 > Train | Sample # 5632 | train_loss 3.5478 | train_acc 0.1250 | lr 0.009925 | running_time 0:07:52 | ETA 1:01:59
[INFO] l2p.py:357 > Train | Sample # 5648 | train_loss 3.1614 | train_acc 0.0625 | lr 0.009924 | running_time 0:07:53 | ETA 1:01:58
[INFO] l2p.py:357 > Train | Sample # 5664 | train_loss 3.4193 | train_acc 0.0000 | lr 0.009923 | running_time 0:07:54 | ETA 1:01:56
[INFO] l2p.py:357 > Train | Sample # 5680 | train_loss 3.4450 | train_acc 0.0000 | lr 0.009922 | running_time 0:07:56 | ETA 1:01:58
[INFO] l2p.py:357 > Train | Sample # 5696 | train_loss 3.0855 | train_acc 0.0625 | lr 0.009921 | running_time 0:07:57 | ETA 1:01:57
[INFO] l2p.py:357 > Train | Sample # 5712 | train_loss 3.1892 | train_acc 0.1250 | lr 0.009920 | running_time 0:07:58 | ETA 1:01:53
[INFO] l2p.py:357 > Train | Sample # 5728 | train_loss 3.2010 | train_acc 0.0625 | lr 0.009919 | running_time 0:08:00 | ETA 1:01:54
[INFO] l2p.py:357 > Train | Sample # 5744 | train_loss 3.3125 | train_acc 0.1250 | lr 0.009918 | running_time 0:08:01 | ETA 1:01:50
[INFO] l2p.py:357 > Train | Sample # 5760 | train_loss 3.1071 | train_acc 0.0000 | lr 0.009917 | running_time 0:08:02 | ETA 1:01:49
[INFO] l2p.py:357 > Train | Sample # 5776 | train_loss 3.1170 | train_acc 0.0625 | lr 0.009916 | running_time 0:08:04 | ETA 1:01:48
[INFO] l2p.py:357 > Train | Sample # 5792 | train_loss 3.4143 | train_acc 0.0000 | lr 0.009915 | running_time 0:08:05 | ETA 1:01:47
[INFO] l2p.py:357 > Train | Sample # 5808 | train_loss 3.1191 | train_acc 0.1250 | lr 0.009914 | running_time 0:08:07 | ETA 1:01:48
[INFO] l2p.py:357 > Train | Sample # 5824 | train_loss 3.1344 | train_acc 0.0000 | lr 0.009913 | running_time 0:08:08 | ETA 1:01:47
[INFO] l2p.py:357 > Train | Sample # 5840 | train_loss 3.1659 | train_acc 0.0000 | lr 0.009912 | running_time 0:08:10 | ETA 1:01:45
[INFO] l2p.py:357 > Train | Sample # 5856 | train_loss 3.4791 | train_acc 0.0000 | lr 0.009911 | running_time 0:08:11 | ETA 1:01:41
[INFO] l2p.py:357 > Train | Sample # 5872 | train_loss 3.7087 | train_acc 0.0000 | lr 0.009910 | running_time 0:08:12 | ETA 1:01:37
[INFO] l2p.py:357 > Train | Sample # 5888 | train_loss 3.0209 | train_acc 0.0625 | lr 0.009909 | running_time 0:08:12 | ETA 1:01:30
[INFO] l2p.py:357 > Train | Sample # 5904 | train_loss 3.4148 | train_acc 0.0000 | lr 0.009908 | running_time 0:08:13 | ETA 1:01:27
[INFO] l2p.py:357 > Train | Sample # 5920 | train_loss 3.2933 | train_acc 0.0000 | lr 0.009907 | running_time 0:08:15 | ETA 1:01:29
[INFO] l2p.py:357 > Train | Sample # 5936 | train_loss 3.0834 | train_acc 0.1250 | lr 0.009906 | running_time 0:08:16 | ETA 1:01:25
[INFO] l2p.py:357 > Train | Sample # 5952 | train_loss 2.9049 | train_acc 0.1250 | lr 0.009905 | running_time 0:08:17 | ETA 1:01:18
[INFO] l2p.py:357 > Train | Sample # 5968 | train_loss 3.1193 | train_acc 0.0625 | lr 0.009904 | running_time 0:08:18 | ETA 1:01:15
[INFO] l2p.py:357 > Train | Sample # 5984 | train_loss 3.1067 | train_acc 0.0625 | lr 0.009903 | running_time 0:08:19 | ETA 1:01:11
[INFO] l2p.py:357 > Train | Sample # 6000 | train_loss 3.2878 | train_acc 0.0000 | lr 0.009902 | running_time 0:08:20 | ETA 1:01:10
[INFO] l2p.py:357 > Train | Sample # 6016 | train_loss 3.0636 | train_acc 0.0625 | lr 0.009901 | running_time 0:08:22 | ETA 1:01:11
[INFO] l2p.py:357 > Train | Sample # 6032 | train_loss 3.1084 | train_acc 0.0000 | lr 0.009900 | running_time 0:08:23 | ETA 1:01:10
[INFO] l2p.py:357 > Train | Sample # 6048 | train_loss 3.0594 | train_acc 0.1250 | lr 0.009900 | running_time 0:08:24 | ETA 1:01:06
[INFO] l2p.py:357 > Train | Sample # 6064 | train_loss 3.1699 | train_acc 0.0625 | lr 0.009899 | running_time 0:08:25 | ETA 1:01:05
[INFO] l2p.py:357 > Train | Sample # 6080 | train_loss 2.9824 | train_acc 0.0000 | lr 0.009898 | running_time 0:08:27 | ETA 1:01:06
[INFO] l2p.py:357 > Train | Sample # 6096 | train_loss 2.9723 | train_acc 0.0625 | lr 0.009897 | running_time 0:08:28 | ETA 1:01:05
[INFO] l2p.py:357 > Train | Sample # 6112 | train_loss 3.0957 | train_acc 0.0625 | lr 0.009896 | running_time 0:08:29 | ETA 1:01:01
[INFO] l2p.py:357 > Train | Sample # 6128 | train_loss 3.0082 | train_acc 0.0625 | lr 0.009895 | running_time 0:08:31 | ETA 1:01:00
[INFO] l2p.py:357 > Train | Sample # 6144 | train_loss 3.0375 | train_acc 0.0000 | lr 0.009894 | running_time 0:08:33 | ETA 1:01:01
[INFO] l2p.py:357 > Train | Sample # 6160 | train_loss 2.9050 | train_acc 0.1250 | lr 0.009893 | running_time 0:08:33 | ETA 1:00:57
[INFO] l2p.py:357 > Train | Sample # 6176 | train_loss 2.8659 | train_acc 0.0625 | lr 0.009892 | running_time 0:08:35 | ETA 1:00:56
[INFO] l2p.py:357 > Train | Sample # 6192 | train_loss 3.7154 | train_acc 0.0625 | lr 0.009891 | running_time 0:08:37 | ETA 1:00:58
[INFO] l2p.py:357 > Train | Sample # 6208 | train_loss 3.7860 | train_acc 0.0625 | lr 0.009890 | running_time 0:08:38 | ETA 1:00:56
[INFO] l2p.py:357 > Train | Sample # 6224 | train_loss 3.4536 | train_acc 0.0625 | lr 0.009889 | running_time 0:08:39 | ETA 1:00:55
[INFO] l2p.py:357 > Train | Sample # 6240 | train_loss 3.2752 | train_acc 0.0625 | lr 0.009888 | running_time 0:08:40 | ETA 1:00:51
[INFO] l2p.py:357 > Train | Sample # 6256 | train_loss 2.9619 | train_acc 0.0000 | lr 0.009887 | running_time 0:08:42 | ETA 1:00:52
[INFO] l2p.py:357 > Train | Sample # 6272 | train_loss 3.0727 | train_acc 0.0625 | lr 0.009886 | running_time 0:08:43 | ETA 1:00:51
[INFO] l2p.py:357 > Train | Sample # 6288 | train_loss 2.9896 | train_acc 0.0625 | lr 0.009885 | running_time 0:08:44 | ETA 1:00:47
[INFO] l2p.py:357 > Train | Sample # 6304 | train_loss 3.8205 | train_acc 0.1250 | lr 0.009884 | running_time 0:08:46 | ETA 1:00:48
[INFO] l2p.py:357 > Train | Sample # 6320 | train_loss 3.1874 | train_acc 0.0000 | lr 0.009883 | running_time 0:08:47 | ETA 1:00:45
[INFO] l2p.py:357 > Train | Sample # 6336 | train_loss 3.0920 | train_acc 0.0000 | lr 0.009882 | running_time 0:08:48 | ETA 1:00:43
[INFO] l2p.py:357 > Train | Sample # 6352 | train_loss 3.4088 | train_acc 0.0000 | lr 0.009881 | running_time 0:08:50 | ETA 1:00:42
[INFO] l2p.py:357 > Train | Sample # 6368 | train_loss 3.0900 | train_acc 0.0625 | lr 0.009880 | running_time 0:08:51 | ETA 1:00:43
[INFO] l2p.py:357 > Train | Sample # 6384 | train_loss 3.6801 | train_acc 0.0000 | lr 0.009879 | running_time 0:08:53 | ETA 1:00:42
[INFO] l2p.py:357 > Train | Sample # 6400 | train_loss 3.0710 | train_acc 0.0625 | lr 0.009878 | running_time 0:08:54 | ETA 1:00:38
[INFO] l2p.py:357 > Train | Sample # 6416 | train_loss 3.2635 | train_acc 0.1250 | lr 0.009877 | running_time 0:08:55 | ETA 1:00:37
[INFO] l2p.py:357 > Train | Sample # 6432 | train_loss 3.2358 | train_acc 0.0000 | lr 0.009876 | running_time 0:08:57 | ETA 1:00:38
[INFO] l2p.py:357 > Train | Sample # 6448 | train_loss 3.3638 | train_acc 0.0000 | lr 0.009875 | running_time 0:08:58 | ETA 1:00:37
[INFO] l2p.py:357 > Train | Sample # 6464 | train_loss 2.9805 | train_acc 0.0625 | lr 0.009874 | running_time 0:08:59 | ETA 1:00:36
[INFO] l2p.py:357 > Train | Sample # 6480 | train_loss 3.0973 | train_acc 0.0625 | lr 0.009873 | running_time 0:09:00 | ETA 1:00:32
[INFO] l2p.py:357 > Train | Sample # 6496 | train_loss 3.6254 | train_acc 0.0625 | lr 0.009872 | running_time 0:09:02 | ETA 1:00:30
[INFO] l2p.py:357 > Train | Sample # 6512 | train_loss 3.0099 | train_acc 0.0625 | lr 0.009871 | running_time 0:09:03 | ETA 1:00:27
[INFO] l2p.py:357 > Train | Sample # 6528 | train_loss 3.3261 | train_acc 0.0625 | lr 0.009870 | running_time 0:09:05 | ETA 1:00:29
[INFO] l2p.py:357 > Train | Sample # 6544 | train_loss 3.4686 | train_acc 0.1250 | lr 0.009869 | running_time 0:09:06 | ETA 1:00:26
[INFO] l2p.py:357 > Train | Sample # 6560 | train_loss 3.6019 | train_acc 0.0000 | lr 0.009868 | running_time 0:09:07 | ETA 1:00:24
[INFO] l2p.py:357 > Train | Sample # 6576 | train_loss 3.3932 | train_acc 0.0625 | lr 0.009867 | running_time 0:09:08 | ETA 1:00:23
[INFO] l2p.py:357 > Train | Sample # 6592 | train_loss 3.2850 | train_acc 0.0000 | lr 0.009866 | running_time 0:09:09 | ETA 1:00:19
[INFO] l2p.py:357 > Train | Sample # 6608 | train_loss 3.0070 | train_acc 0.1250 | lr 0.009865 | running_time 0:09:10 | ETA 1:00:14
[INFO] l2p.py:357 > Train | Sample # 6624 | train_loss 3.0901 | train_acc 0.0625 | lr 0.009864 | running_time 0:09:11 | ETA 1:00:11
[INFO] l2p.py:357 > Train | Sample # 6640 | train_loss 2.9883 | train_acc 0.1875 | lr 0.009863 | running_time 0:09:12 | ETA 1:00:09
[INFO] l2p.py:357 > Train | Sample # 6656 | train_loss 3.1761 | train_acc 0.0000 | lr 0.009862 | running_time 0:09:14 | ETA 1:00:07
[INFO] l2p.py:357 > Train | Sample # 6672 | train_loss 3.0334 | train_acc 0.0000 | lr 0.009861 | running_time 0:09:15 | ETA 1:00:06
[INFO] l2p.py:357 > Train | Sample # 6688 | train_loss 3.0633 | train_acc 0.1250 | lr 0.009860 | running_time 0:09:16 | ETA 1:00:02
[INFO] l2p.py:357 > Train | Sample # 6704 | train_loss 3.1844 | train_acc 0.0000 | lr 0.009859 | running_time 0:09:18 | ETA 1:00:04
[INFO] l2p.py:357 > Train | Sample # 6720 | train_loss 3.3556 | train_acc 0.0625 | lr 0.009858 | running_time 0:09:18 | ETA 1:00:00
[INFO] l2p.py:357 > Train | Sample # 6736 | train_loss 3.3219 | train_acc 0.0000 | lr 0.009857 | running_time 0:09:20 | ETA 1:00:01
[INFO] l2p.py:357 > Train | Sample # 6752 | train_loss 3.2542 | train_acc 0.1250 | lr 0.009856 | running_time 0:09:22 | ETA 1:00:00
[INFO] l2p.py:357 > Train | Sample # 6768 | train_loss 3.1880 | train_acc 0.0000 | lr 0.009855 | running_time 0:09:23 | ETA 0:59:58
[INFO] l2p.py:357 > Train | Sample # 6784 | train_loss 2.9363 | train_acc 0.0625 | lr 0.009854 | running_time 0:09:24 | ETA 0:59:55
[INFO] l2p.py:357 > Train | Sample # 6800 | train_loss 3.4634 | train_acc 0.0625 | lr 0.009853 | running_time 0:09:25 | ETA 0:59:53
[INFO] l2p.py:357 > Train | Sample # 6816 | train_loss 3.4156 | train_acc 0.0625 | lr 0.009852 | running_time 0:09:27 | ETA 0:59:52
[INFO] l2p.py:357 > Train | Sample # 6832 | train_loss 3.3171 | train_acc 0.0625 | lr 0.009851 | running_time 0:09:28 | ETA 0:59:49
[INFO] l2p.py:357 > Train | Sample # 6848 | train_loss 4.0286 | train_acc 0.0000 | lr 0.009850 | running_time 0:09:28 | ETA 0:59:44
[INFO] l2p.py:357 > Train | Sample # 6864 | train_loss 3.1425 | train_acc 0.0625 | lr 0.009849 | running_time 0:09:30 | ETA 0:59:42
[INFO] l2p.py:357 > Train | Sample # 6880 | train_loss 3.1828 | train_acc 0.0625 | lr 0.009848 | running_time 0:09:31 | ETA 0:59:39
[INFO] l2p.py:357 > Train | Sample # 6896 | train_loss 3.2743 | train_acc 0.1250 | lr 0.009847 | running_time 0:09:32 | ETA 0:59:38
[INFO] l2p.py:357 > Train | Sample # 6912 | train_loss 3.2094 | train_acc 0.1875 | lr 0.009846 | running_time 0:09:33 | ETA 0:59:36
[INFO] l2p.py:357 > Train | Sample # 6928 | train_loss 3.1536 | train_acc 0.1250 | lr 0.009845 | running_time 0:09:35 | ETA 0:59:35
[INFO] l2p.py:357 > Train | Sample # 6944 | train_loss 3.2950 | train_acc 0.0000 | lr 0.009844 | running_time 0:09:36 | ETA 0:59:34
[INFO] l2p.py:357 > Train | Sample # 6960 | train_loss 3.1250 | train_acc 0.1250 | lr 0.009843 | running_time 0:09:38 | ETA 0:59:35
[INFO] l2p.py:357 > Train | Sample # 6976 | train_loss 3.4543 | train_acc 0.0625 | lr 0.009842 | running_time 0:09:39 | ETA 0:59:34
[INFO] l2p.py:357 > Train | Sample # 6992 | train_loss 3.0985 | train_acc 0.1250 | lr 0.009841 | running_time 0:09:40 | ETA 0:59:33
[INFO] l2p.py:357 > Train | Sample # 7008 | train_loss 3.1431 | train_acc 0.0625 | lr 0.009840 | running_time 0:09:41 | ETA 0:59:29
[INFO] l2p.py:357 > Train | Sample # 7024 | train_loss 3.5036 | train_acc 0.0000 | lr 0.009839 | running_time 0:09:43 | ETA 0:59:28
[INFO] l2p.py:357 > Train | Sample # 7040 | train_loss 4.1989 | train_acc 0.0625 | lr 0.009838 | running_time 0:09:44 | ETA 0:59:27
[INFO] l2p.py:357 > Train | Sample # 7056 | train_loss 3.1029 | train_acc 0.0625 | lr 0.009837 | running_time 0:09:45 | ETA 0:59:25
[INFO] l2p.py:357 > Train | Sample # 7072 | train_loss 3.0175 | train_acc 0.1250 | lr 0.009836 | running_time 0:09:47 | ETA 0:59:26
[INFO] l2p.py:357 > Train | Sample # 7088 | train_loss 3.8168 | train_acc 0.0625 | lr 0.009835 | running_time 0:09:48 | ETA 0:59:25
[INFO] l2p.py:357 > Train | Sample # 7104 | train_loss 3.1568 | train_acc 0.2500 | lr 0.009834 | running_time 0:09:50 | ETA 0:59:24
[INFO] l2p.py:357 > Train | Sample # 7120 | train_loss 3.2274 | train_acc 0.1250 | lr 0.009833 | running_time 0:09:51 | ETA 0:59:23
[INFO] l2p.py:357 > Train | Sample # 7136 | train_loss 3.2361 | train_acc 0.0000 | lr 0.009832 | running_time 0:09:52 | ETA 0:59:19
[INFO] l2p.py:357 > Train | Sample # 7152 | train_loss 3.2048 | train_acc 0.1250 | lr 0.009831 | running_time 0:09:53 | ETA 0:59:18
[INFO] l2p.py:357 > Train | Sample # 7168 | train_loss 3.1480 | train_acc 0.1250 | lr 0.009830 | running_time 0:09:55 | ETA 0:59:16
[INFO] l2p.py:357 > Train | Sample # 7184 | train_loss 3.2680 | train_acc 0.1875 | lr 0.009829 | running_time 0:09:56 | ETA 0:59:17
[INFO] l2p.py:357 > Train | Sample # 7200 | train_loss 3.3294 | train_acc 0.0000 | lr 0.009828 | running_time 0:09:57 | ETA 0:59:14
[INFO] l2p.py:357 > Train | Sample # 7216 | train_loss 3.0043 | train_acc 0.1250 | lr 0.009827 | running_time 0:09:59 | ETA 0:59:15
[INFO] l2p.py:357 > Train | Sample # 7232 | train_loss 3.0239 | train_acc 0.1250 | lr 0.009827 | running_time 0:10:00 | ETA 0:59:11
[INFO] l2p.py:357 > Train | Sample # 7248 | train_loss 2.9244 | train_acc 0.1875 | lr 0.009826 | running_time 0:10:02 | ETA 0:59:12
[INFO] l2p.py:357 > Train | Sample # 7264 | train_loss 3.1432 | train_acc 0.0000 | lr 0.009825 | running_time 0:10:03 | ETA 0:59:11
[INFO] l2p.py:357 > Train | Sample # 7280 | train_loss 3.2860 | train_acc 0.0000 | lr 0.009824 | running_time 0:10:05 | ETA 0:59:10
[INFO] l2p.py:357 > Train | Sample # 7296 | train_loss 3.5966 | train_acc 0.0625 | lr 0.009823 | running_time 0:10:05 | ETA 0:59:06
[INFO] l2p.py:357 > Train | Sample # 7312 | train_loss 3.3859 | train_acc 0.0000 | lr 0.009822 | running_time 0:10:07 | ETA 0:59:05
[INFO] l2p.py:357 > Train | Sample # 7328 | train_loss 2.9844 | train_acc 0.1875 | lr 0.009821 | running_time 0:10:08 | ETA 0:59:04
[INFO] l2p.py:357 > Train | Sample # 7344 | train_loss 2.9464 | train_acc 0.0625 | lr 0.009820 | running_time 0:10:10 | ETA 0:59:05
[INFO] l2p.py:357 > Train | Sample # 7360 | train_loss 3.0116 | train_acc 0.1875 | lr 0.009819 | running_time 0:10:11 | ETA 0:59:01
[INFO] l2p.py:357 > Train | Sample # 7376 | train_loss 3.5017 | train_acc 0.0000 | lr 0.009818 | running_time 0:10:11 | ETA 0:58:56
[INFO] l2p.py:357 > Train | Sample # 7392 | train_loss 3.0199 | train_acc 0.1250 | lr 0.009817 | running_time 0:10:13 | ETA 0:58:53
[INFO] l2p.py:357 > Train | Sample # 7408 | train_loss 2.9690 | train_acc 0.1250 | lr 0.009816 | running_time 0:10:14 | ETA 0:58:52
[INFO] l2p.py:357 > Train | Sample # 7424 | train_loss 3.3405 | train_acc 0.0625 | lr 0.009815 | running_time 0:10:15 | ETA 0:58:49
[INFO] l2p.py:357 > Train | Sample # 7440 | train_loss 2.9692 | train_acc 0.0625 | lr 0.009814 | running_time 0:10:17 | ETA 0:58:50
[INFO] l2p.py:357 > Train | Sample # 7456 | train_loss 3.0642 | train_acc 0.0000 | lr 0.009813 | running_time 0:10:18 | ETA 0:58:48
[INFO] l2p.py:357 > Train | Sample # 7472 | train_loss 2.8550 | train_acc 0.0625 | lr 0.009812 | running_time 0:10:19 | ETA 0:58:47
[INFO] l2p.py:357 > Train | Sample # 7488 | train_loss 3.5664 | train_acc 0.0625 | lr 0.009811 | running_time 0:10:20 | ETA 0:58:44
[INFO] l2p.py:357 > Train | Sample # 7504 | train_loss 3.4178 | train_acc 0.0625 | lr 0.009810 | running_time 0:10:22 | ETA 0:58:42
[INFO] l2p.py:357 > Train | Sample # 7520 | train_loss 3.0514 | train_acc 0.0625 | lr 0.009809 | running_time 0:10:23 | ETA 0:58:41
[INFO] l2p.py:357 > Train | Sample # 7536 | train_loss 3.1719 | train_acc 0.0000 | lr 0.009808 | running_time 0:10:24 | ETA 0:58:38
[INFO] l2p.py:357 > Train | Sample # 7552 | train_loss 3.1197 | train_acc 0.0000 | lr 0.009807 | running_time 0:10:26 | ETA 0:58:41
[INFO] l2p.py:357 > Train | Sample # 7568 | train_loss 4.0199 | train_acc 0.0000 | lr 0.009806 | running_time 0:10:27 | ETA 0:58:40
[INFO] l2p.py:357 > Train | Sample # 7584 | train_loss 3.2418 | train_acc 0.0625 | lr 0.009805 | running_time 0:10:29 | ETA 0:58:38
[INFO] l2p.py:357 > Train | Sample # 7600 | train_loss 3.0884 | train_acc 0.0625 | lr 0.009804 | running_time 0:10:30 | ETA 0:58:37
[INFO] l2p.py:357 > Train | Sample # 7616 | train_loss 3.0640 | train_acc 0.0625 | lr 0.009803 | running_time 0:10:31 | ETA 0:58:34
[INFO] l2p.py:357 > Train | Sample # 7632 | train_loss 3.0748 | train_acc 0.0625 | lr 0.009802 | running_time 0:10:32 | ETA 0:58:33
[INFO] l2p.py:357 > Train | Sample # 7648 | train_loss 2.9445 | train_acc 0.1250 | lr 0.009801 | running_time 0:10:34 | ETA 0:58:34
[INFO] l2p.py:357 > Train | Sample # 7664 | train_loss 3.0598 | train_acc 0.0000 | lr 0.009800 | running_time 0:10:35 | ETA 0:58:32
[INFO] l2p.py:357 > Train | Sample # 7680 | train_loss 3.1390 | train_acc 0.0625 | lr 0.009799 | running_time 0:10:37 | ETA 0:58:31
[INFO] l2p.py:357 > Train | Sample # 7696 | train_loss 3.3381 | train_acc 0.1250 | lr 0.009798 | running_time 0:10:38 | ETA 0:58:30
[INFO] l2p.py:357 > Train | Sample # 7712 | train_loss 3.3134 | train_acc 0.0625 | lr 0.009797 | running_time 0:10:39 | ETA 0:58:27
[INFO] l2p.py:357 > Train | Sample # 7728 | train_loss 3.3904 | train_acc 0.0625 | lr 0.009796 | running_time 0:10:41 | ETA 0:58:27
[INFO] l2p.py:357 > Train | Sample # 7744 | train_loss 3.1656 | train_acc 0.0000 | lr 0.009795 | running_time 0:10:42 | ETA 0:58:26
[INFO] l2p.py:357 > Train | Sample # 7760 | train_loss 3.3198 | train_acc 0.0625 | lr 0.009794 | running_time 0:10:43 | ETA 0:58:25
[INFO] l2p.py:357 > Train | Sample # 7776 | train_loss 3.4648 | train_acc 0.0000 | lr 0.009793 | running_time 0:10:44 | ETA 0:58:22
[INFO] l2p.py:357 > Train | Sample # 7792 | train_loss 3.4356 | train_acc 0.0000 | lr 0.009792 | running_time 0:10:46 | ETA 0:58:23
[INFO] l2p.py:357 > Train | Sample # 7808 | train_loss 3.0413 | train_acc 0.1250 | lr 0.009791 | running_time 0:10:47 | ETA 0:58:19
[INFO] l2p.py:357 > Train | Sample # 7824 | train_loss 3.0531 | train_acc 0.1875 | lr 0.009790 | running_time 0:10:48 | ETA 0:58:18
[INFO] l2p.py:357 > Train | Sample # 7840 | train_loss 3.3436 | train_acc 0.0000 | lr 0.009789 | running_time 0:10:50 | ETA 0:58:18
[INFO] l2p.py:357 > Train | Sample # 7856 | train_loss 3.5555 | train_acc 0.0000 | lr 0.009788 | running_time 0:10:51 | ETA 0:58:15
[INFO] l2p.py:357 > Train | Sample # 7872 | train_loss 3.4412 | train_acc 0.0000 | lr 0.009787 | running_time 0:10:52 | ETA 0:58:14
[INFO] l2p.py:357 > Train | Sample # 7888 | train_loss 3.0464 | train_acc 0.0625 | lr 0.009786 | running_time 0:10:54 | ETA 0:58:13
[INFO] l2p.py:357 > Train | Sample # 7904 | train_loss 3.2464 | train_acc 0.0625 | lr 0.009785 | running_time 0:10:55 | ETA 0:58:12
[INFO] l2p.py:357 > Train | Sample # 7920 | train_loss 3.1187 | train_acc 0.0000 | lr 0.009784 | running_time 0:10:57 | ETA 0:58:12
[INFO] l2p.py:357 > Train | Sample # 7936 | train_loss 3.1681 | train_acc 0.0625 | lr 0.009783 | running_time 0:10:58 | ETA 0:58:11
[INFO] l2p.py:357 > Train | Sample # 7952 | train_loss 3.3227 | train_acc 0.1250 | lr 0.009782 | running_time 0:10:59 | ETA 0:58:08
[INFO] l2p.py:357 > Train | Sample # 7968 | train_loss 3.2704 | train_acc 0.0000 | lr 0.009781 | running_time 0:11:01 | ETA 0:58:09
[INFO] l2p.py:357 > Train | Sample # 7984 | train_loss 3.0241 | train_acc 0.0625 | lr 0.009780 | running_time 0:11:02 | ETA 0:58:07
[INFO] l2p.py:357 > Train | Sample # 8000 | train_loss 3.5039 | train_acc 0.0625 | lr 0.009779 | running_time 0:11:03 | ETA 0:58:04
[INFO] l2p.py:357 > Train | Sample # 8016 | train_loss 3.3681 | train_acc 0.0625 | lr 0.009778 | running_time 0:11:05 | ETA 0:58:05
[INFO] l2p.py:357 > Train | Sample # 8032 | train_loss 3.2849 | train_acc 0.1250 | lr 0.009778 | running_time 0:11:06 | ETA 0:58:02
[INFO] l2p.py:357 > Train | Sample # 8048 | train_loss 3.1749 | train_acc 0.2500 | lr 0.009777 | running_time 0:11:07 | ETA 0:58:00
[INFO] l2p.py:357 > Train | Sample # 8064 | train_loss 3.2731 | train_acc 0.0625 | lr 0.009776 | running_time 0:11:09 | ETA 0:58:01
[INFO] l2p.py:357 > Train | Sample # 8080 | train_loss 3.6729 | train_acc 0.0000 | lr 0.009775 | running_time 0:11:10 | ETA 0:58:00
[INFO] l2p.py:357 > Train | Sample # 8096 | train_loss 3.1661 | train_acc 0.0625 | lr 0.009774 | running_time 0:11:12 | ETA 0:57:59
[INFO] l2p.py:357 > Train | Sample # 8112 | train_loss 3.0279 | train_acc 0.1250 | lr 0.009773 | running_time 0:11:13 | ETA 0:57:57
[INFO] l2p.py:357 > Train | Sample # 8128 | train_loss 3.0453 | train_acc 0.0625 | lr 0.009772 | running_time 0:11:14 | ETA 0:57:54
[INFO] l2p.py:357 > Train | Sample # 8144 | train_loss 2.9681 | train_acc 0.1250 | lr 0.009771 | running_time 0:11:16 | ETA 0:57:55
[INFO] l2p.py:357 > Train | Sample # 8160 | train_loss 3.4619 | train_acc 0.0625 | lr 0.009770 | running_time 0:11:17 | ETA 0:57:54
[INFO] l2p.py:357 > Train | Sample # 8176 | train_loss 3.3754 | train_acc 0.0625 | lr 0.009769 | running_time 0:11:18 | ETA 0:57:53
[INFO] l2p.py:357 > Train | Sample # 8192 | train_loss 3.3867 | train_acc 0.0625 | lr 0.009768 | running_time 0:11:20 | ETA 0:57:51
[INFO] l2p.py:357 > Train | Sample # 8208 | train_loss 3.2065 | train_acc 0.0625 | lr 0.009767 | running_time 0:11:21 | ETA 0:57:48
[INFO] l2p.py:357 > Train | Sample # 8224 | train_loss 3.3112 | train_acc 0.0000 | lr 0.009766 | running_time 0:11:22 | ETA 0:57:49
[INFO] l2p.py:357 > Train | Sample # 8240 | train_loss 3.0385 | train_acc 0.0625 | lr 0.009765 | running_time 0:11:24 | ETA 0:57:47
[INFO] l2p.py:357 > Train | Sample # 8256 | train_loss 3.3047 | train_acc 0.0000 | lr 0.009764 | running_time 0:11:25 | ETA 0:57:46
[INFO] l2p.py:357 > Train | Sample # 8272 | train_loss 3.0100 | train_acc 0.1250 | lr 0.009763 | running_time 0:11:26 | ETA 0:57:42
[INFO] l2p.py:357 > Train | Sample # 8288 | train_loss 3.7951 | train_acc 0.0625 | lr 0.009762 | running_time 0:11:27 | ETA 0:57:41
[INFO] l2p.py:357 > Train | Sample # 8304 | train_loss 3.2794 | train_acc 0.0000 | lr 0.009761 | running_time 0:11:29 | ETA 0:57:40
[INFO] l2p.py:357 > Train | Sample # 8320 | train_loss 2.9794 | train_acc 0.0625 | lr 0.009760 | running_time 0:11:30 | ETA 0:57:39
[INFO] l2p.py:357 > Train | Sample # 8336 | train_loss 3.0440 | train_acc 0.2500 | lr 0.009759 | running_time 0:11:32 | ETA 0:57:40
[INFO] l2p.py:357 > Train | Sample # 8352 | train_loss 3.7266 | train_acc 0.1250 | lr 0.009758 | running_time 0:11:33 | ETA 0:57:36
[INFO] l2p.py:357 > Train | Sample # 8368 | train_loss 3.5251 | train_acc 0.0625 | lr 0.009757 | running_time 0:11:34 | ETA 0:57:37
[INFO] l2p.py:357 > Train | Sample # 8384 | train_loss 3.2550 | train_acc 0.0000 | lr 0.009756 | running_time 0:11:35 | ETA 0:57:34
[INFO] l2p.py:357 > Train | Sample # 8400 | train_loss 3.0982 | train_acc 0.0625 | lr 0.009755 | running_time 0:11:37 | ETA 0:57:35
[INFO] l2p.py:357 > Train | Sample # 8416 | train_loss 3.8366 | train_acc 0.0000 | lr 0.009754 | running_time 0:11:39 | ETA 0:57:33
[INFO] l2p.py:357 > Train | Sample # 8432 | train_loss 3.0887 | train_acc 0.0625 | lr 0.009753 | running_time 0:11:40 | ETA 0:57:32
[INFO] l2p.py:357 > Train | Sample # 8448 | train_loss 3.1358 | train_acc 0.1250 | lr 0.009752 | running_time 0:11:41 | ETA 0:57:29
[INFO] l2p.py:357 > Train | Sample # 8464 | train_loss 3.3090 | train_acc 0.0000 | lr 0.009751 | running_time 0:11:42 | ETA 0:57:28
[INFO] l2p.py:357 > Train | Sample # 8480 | train_loss 3.1019 | train_acc 0.0000 | lr 0.009750 | running_time 0:11:44 | ETA 0:57:28
[INFO] l2p.py:357 > Train | Sample # 8496 | train_loss 3.4715 | train_acc 0.0625 | lr 0.009749 | running_time 0:11:45 | ETA 0:57:24
[INFO] l2p.py:357 > Train | Sample # 8512 | train_loss 3.3411 | train_acc 0.0000 | lr 0.009748 | running_time 0:11:47 | ETA 0:57:26
[INFO] l2p.py:357 > Train | Sample # 8528 | train_loss 3.1179 | train_acc 0.0625 | lr 0.009747 | running_time 0:11:48 | ETA 0:57:25
[INFO] l2p.py:357 > Train | Sample # 8544 | train_loss 3.3854 | train_acc 0.1250 | lr 0.009746 | running_time 0:11:49 | ETA 0:57:23
[INFO] l2p.py:357 > Train | Sample # 8560 | train_loss 3.0676 | train_acc 0.0625 | lr 0.009745 | running_time 0:11:50 | ETA 0:57:20
[INFO] l2p.py:357 > Train | Sample # 8576 | train_loss 3.2706 | train_acc 0.0000 | lr 0.009744 | running_time 0:11:52 | ETA 0:57:19
[INFO] l2p.py:357 > Train | Sample # 8592 | train_loss 3.2062 | train_acc 0.0625 | lr 0.009743 | running_time 0:11:53 | ETA 0:57:18
[INFO] l2p.py:357 > Train | Sample # 8608 | train_loss 3.3312 | train_acc 0.0000 | lr 0.009742 | running_time 0:11:54 | ETA 0:57:13
[INFO] l2p.py:357 > Train | Sample # 8624 | train_loss 3.0934 | train_acc 0.0625 | lr 0.009741 | running_time 0:11:54 | ETA 0:57:09
[INFO] l2p.py:357 > Train | Sample # 8640 | train_loss 3.6728 | train_acc 0.0000 | lr 0.009740 | running_time 0:11:56 | ETA 0:57:08
[INFO] l2p.py:357 > Train | Sample # 8656 | train_loss 3.0619 | train_acc 0.1875 | lr 0.009739 | running_time 0:11:57 | ETA 0:57:05
[INFO] l2p.py:357 > Train | Sample # 8672 | train_loss 3.4222 | train_acc 0.1250 | lr 0.009738 | running_time 0:11:58 | ETA 0:57:01
[INFO] l2p.py:357 > Train | Sample # 8688 | train_loss 3.1284 | train_acc 0.0625 | lr 0.009737 | running_time 0:11:58 | ETA 0:56:57
[INFO] l2p.py:357 > Train | Sample # 8704 | train_loss 3.1536 | train_acc 0.1250 | lr 0.009737 | running_time 0:12:00 | ETA 0:56:58
[INFO] l2p.py:357 > Train | Sample # 8720 | train_loss 3.3700 | train_acc 0.0000 | lr 0.009736 | running_time 0:12:01 | ETA 0:56:55
[INFO] l2p.py:357 > Train | Sample # 8736 | train_loss 3.2067 | train_acc 0.0000 | lr 0.009735 | running_time 0:12:03 | ETA 0:56:55
[INFO] l2p.py:357 > Train | Sample # 8752 | train_loss 3.4526 | train_acc 0.0625 | lr 0.009734 | running_time 0:12:04 | ETA 0:56:52
[INFO] l2p.py:357 > Train | Sample # 8768 | train_loss 3.1474 | train_acc 0.1250 | lr 0.009733 | running_time 0:12:05 | ETA 0:56:51
[INFO] l2p.py:357 > Train | Sample # 8784 | train_loss 3.6980 | train_acc 0.0625 | lr 0.009732 | running_time 0:12:06 | ETA 0:56:50
[INFO] l2p.py:357 > Train | Sample # 8800 | train_loss 3.2681 | train_acc 0.0000 | lr 0.009731 | running_time 0:12:08 | ETA 0:56:48
[INFO] l2p.py:357 > Train | Sample # 8816 | train_loss 3.3167 | train_acc 0.1250 | lr 0.009730 | running_time 0:12:09 | ETA 0:56:48
[INFO] l2p.py:357 > Train | Sample # 8832 | train_loss 3.3493 | train_acc 0.0000 | lr 0.009729 | running_time 0:12:11 | ETA 0:56:48
[INFO] l2p.py:357 > Train | Sample # 8848 | train_loss 3.0245 | train_acc 0.0625 | lr 0.009728 | running_time 0:12:12 | ETA 0:56:45
[INFO] l2p.py:357 > Train | Sample # 8864 | train_loss 3.1425 | train_acc 0.0000 | lr 0.009727 | running_time 0:12:13 | ETA 0:56:46
[INFO] l2p.py:357 > Train | Sample # 8880 | train_loss 3.5139 | train_acc 0.0625 | lr 0.009726 | running_time 0:12:15 | ETA 0:56:45
[INFO] l2p.py:357 > Train | Sample # 8896 | train_loss 3.3541 | train_acc 0.0000 | lr 0.009725 | running_time 0:12:16 | ETA 0:56:43
[INFO] l2p.py:357 > Train | Sample # 8912 | train_loss 3.0748 | train_acc 0.0625 | lr 0.009724 | running_time 0:12:18 | ETA 0:56:42
[INFO] l2p.py:357 > Train | Sample # 8928 | train_loss 3.1179 | train_acc 0.0000 | lr 0.009723 | running_time 0:12:19 | ETA 0:56:41
[INFO] l2p.py:357 > Train | Sample # 8944 | train_loss 3.2564 | train_acc 0.0000 | lr 0.009722 | running_time 0:12:20 | ETA 0:56:38
[INFO] l2p.py:357 > Train | Sample # 8960 | train_loss 3.5563 | train_acc 0.0000 | lr 0.009721 | running_time 0:12:21 | ETA 0:56:35
[INFO] l2p.py:357 > Train | Sample # 8976 | train_loss 3.0395 | train_acc 0.0000 | lr 0.009720 | running_time 0:12:23 | ETA 0:56:36
[INFO] l2p.py:357 > Train | Sample # 8992 | train_loss 3.3317 | train_acc 0.0625 | lr 0.009719 | running_time 0:12:24 | ETA 0:56:34
[INFO] l2p.py:357 > Train | Sample # 9008 | train_loss 3.4590 | train_acc 0.1875 | lr 0.009718 | running_time 0:12:26 | ETA 0:56:35
[INFO] l2p.py:357 > Train | Sample # 9024 | train_loss 3.4452 | train_acc 0.0625 | lr 0.009717 | running_time 0:12:27 | ETA 0:56:32
[INFO] l2p.py:357 > Train | Sample # 9040 | train_loss 2.9238 | train_acc 0.1250 | lr 0.009716 | running_time 0:12:28 | ETA 0:56:31
[INFO] l2p.py:357 > Train | Sample # 9056 | train_loss 3.0653 | train_acc 0.1875 | lr 0.009715 | running_time 0:12:30 | ETA 0:56:31
[INFO] l2p.py:357 > Train | Sample # 9072 | train_loss 3.5233 | train_acc 0.1250 | lr 0.009714 | running_time 0:12:31 | ETA 0:56:28
[INFO] l2p.py:357 > Train | Sample # 9088 | train_loss 3.6195 | train_acc 0.0625 | lr 0.009713 | running_time 0:12:32 | ETA 0:56:27
[INFO] l2p.py:357 > Train | Sample # 9104 | train_loss 3.3122 | train_acc 0.0000 | lr 0.009712 | running_time 0:12:34 | ETA 0:56:27
[INFO] l2p.py:357 > Train | Sample # 9120 | train_loss 3.9253 | train_acc 0.1250 | lr 0.009711 | running_time 0:12:35 | ETA 0:56:24
[INFO] l2p.py:357 > Train | Sample # 9136 | train_loss 3.1181 | train_acc 0.0000 | lr 0.009710 | running_time 0:12:36 | ETA 0:56:23
[INFO] l2p.py:357 > Train | Sample # 9152 | train_loss 2.9551 | train_acc 0.0625 | lr 0.009709 | running_time 0:12:37 | ETA 0:56:22
[INFO] l2p.py:357 > Train | Sample # 9168 | train_loss 3.2025 | train_acc 0.1250 | lr 0.009708 | running_time 0:12:38 | ETA 0:56:17
[INFO] l2p.py:357 > Train | Sample # 9184 | train_loss 3.3531 | train_acc 0.0000 | lr 0.009707 | running_time 0:12:39 | ETA 0:56:13
[INFO] l2p.py:357 > Train | Sample # 9200 | train_loss 3.8487 | train_acc 0.0000 | lr 0.009706 | running_time 0:12:40 | ETA 0:56:14
[INFO] l2p.py:357 > Train | Sample # 9216 | train_loss 2.9366 | train_acc 0.0625 | lr 0.009705 | running_time 0:12:41 | ETA 0:56:11
[INFO] l2p.py:357 > Train | Sample # 9232 | train_loss 3.1148 | train_acc 0.1250 | lr 0.009704 | running_time 0:12:43 | ETA 0:56:10
[INFO] l2p.py:357 > Train | Sample # 9248 | train_loss 3.5109 | train_acc 0.0000 | lr 0.009703 | running_time 0:12:44 | ETA 0:56:09
[INFO] l2p.py:357 > Train | Sample # 9264 | train_loss 3.3538 | train_acc 0.0625 | lr 0.009702 | running_time 0:12:45 | ETA 0:56:07
[INFO] l2p.py:357 > Train | Sample # 9280 | train_loss 3.1673 | train_acc 0.0000 | lr 0.009702 | running_time 0:12:47 | ETA 0:56:08
[INFO] l2p.py:357 > Train | Sample # 9296 | train_loss 3.0719 | train_acc 0.0625 | lr 0.009701 | running_time 0:12:48 | ETA 0:56:07
[INFO] l2p.py:357 > Train | Sample # 9312 | train_loss 3.5434 | train_acc 0.0000 | lr 0.009700 | running_time 0:12:50 | ETA 0:56:05
[INFO] l2p.py:357 > Train | Sample # 9328 | train_loss 3.0255 | train_acc 0.1875 | lr 0.009699 | running_time 0:12:50 | ETA 0:56:01
[INFO] l2p.py:357 > Train | Sample # 9344 | train_loss 3.0212 | train_acc 0.0625 | lr 0.009698 | running_time 0:12:51 | ETA 0:55:58
[INFO] l2p.py:357 > Train | Sample # 9360 | train_loss 3.0828 | train_acc 0.1250 | lr 0.009697 | running_time 0:12:52 | ETA 0:55:54
[INFO] l2p.py:357 > Train | Sample # 9376 | train_loss 3.0050 | train_acc 0.1875 | lr 0.009696 | running_time 0:12:54 | ETA 0:55:53
[INFO] l2p.py:357 > Train | Sample # 9392 | train_loss 3.0141 | train_acc 0.0625 | lr 0.009695 | running_time 0:12:55 | ETA 0:55:52
[INFO] l2p.py:357 > Train | Sample # 9408 | train_loss 3.1485 | train_acc 0.0000 | lr 0.009694 | running_time 0:12:57 | ETA 0:55:52
[INFO] l2p.py:357 > Train | Sample # 9424 | train_loss 2.9898 | train_acc 0.0625 | lr 0.009693 | running_time 0:12:58 | ETA 0:55:49
[INFO] l2p.py:357 > Train | Sample # 9440 | train_loss 3.1667 | train_acc 0.0625 | lr 0.009692 | running_time 0:12:59 | ETA 0:55:48
[INFO] l2p.py:357 > Train | Sample # 9456 | train_loss 2.8885 | train_acc 0.1250 | lr 0.009691 | running_time 0:13:00 | ETA 0:55:47
[INFO] l2p.py:357 > Train | Sample # 9472 | train_loss 3.0740 | train_acc 0.0625 | lr 0.009690 | running_time 0:13:02 | ETA 0:55:46
[INFO] l2p.py:357 > Train | Sample # 9488 | train_loss 3.3228 | train_acc 0.0625 | lr 0.009689 | running_time 0:13:03 | ETA 0:55:44
[INFO] l2p.py:357 > Train | Sample # 9504 | train_loss 2.9868 | train_acc 0.0625 | lr 0.009688 | running_time 0:13:04 | ETA 0:55:44
[INFO] l2p.py:357 > Train | Sample # 9520 | train_loss 2.8765 | train_acc 0.1250 | lr 0.009687 | running_time 0:13:06 | ETA 0:55:44
[INFO] l2p.py:357 > Train | Sample # 9536 | train_loss 3.1293 | train_acc 0.0000 | lr 0.009686 | running_time 0:13:07 | ETA 0:55:43
[INFO] l2p.py:357 > Train | Sample # 9552 | train_loss 2.9884 | train_acc 0.0625 | lr 0.009685 | running_time 0:13:08 | ETA 0:55:40
[INFO] l2p.py:357 > Train | Sample # 9568 | train_loss 3.0369 | train_acc 0.1250 | lr 0.009684 | running_time 0:13:10 | ETA 0:55:39
[INFO] l2p.py:357 > Train | Sample # 9584 | train_loss 3.3042 | train_acc 0.1875 | lr 0.009683 | running_time 0:13:11 | ETA 0:55:37
[INFO] l2p.py:357 > Train | Sample # 9600 | train_loss 2.9710 | train_acc 0.0625 | lr 0.009682 | running_time 0:13:12 | ETA 0:55:35
[INFO] l2p.py:357 > Train | Sample # 9616 | train_loss 3.5377 | train_acc 0.0000 | lr 0.009681 | running_time 0:13:13 | ETA 0:55:30
[INFO] l2p.py:357 > Train | Sample # 9632 | train_loss 3.5914 | train_acc 0.1250 | lr 0.009680 | running_time 0:13:14 | ETA 0:55:29
[INFO] l2p.py:357 > Train | Sample # 9648 | train_loss 3.1231 | train_acc 0.2500 | lr 0.009679 | running_time 0:13:15 | ETA 0:55:28
[INFO] l2p.py:357 > Train | Sample # 9664 | train_loss 2.9046 | train_acc 0.0625 | lr 0.009678 | running_time 0:13:16 | ETA 0:55:25
[INFO] l2p.py:357 > Train | Sample # 9680 | train_loss 3.1091 | train_acc 0.0625 | lr 0.009677 | running_time 0:13:18 | ETA 0:55:24
[INFO] l2p.py:357 > Train | Sample # 9696 | train_loss 2.8292 | train_acc 0.2500 | lr 0.009676 | running_time 0:13:19 | ETA 0:55:22
[INFO] l2p.py:357 > Train | Sample # 9712 | train_loss 3.0293 | train_acc 0.0625 | lr 0.009675 | running_time 0:13:20 | ETA 0:55:21
[INFO] l2p.py:357 > Train | Sample # 9728 | train_loss 3.1273 | train_acc 0.0000 | lr 0.009674 | running_time 0:13:22 | ETA 0:55:21
[INFO] l2p.py:357 > Train | Sample # 9744 | train_loss 3.5884 | train_acc 0.0000 | lr 0.009673 | running_time 0:13:23 | ETA 0:55:21
[INFO] l2p.py:357 > Train | Sample # 9760 | train_loss 2.9776 | train_acc 0.0000 | lr 0.009672 | running_time 0:13:25 | ETA 0:55:20
[INFO] l2p.py:357 > Train | Sample # 9776 | train_loss 2.9271 | train_acc 0.0000 | lr 0.009672 | running_time 0:13:26 | ETA 0:55:18
[INFO] l2p.py:357 > Train | Sample # 9792 | train_loss 3.1169 | train_acc 0.0000 | lr 0.009671 | running_time 0:13:27 | ETA 0:55:16
[INFO] l2p.py:357 > Train | Sample # 9808 | train_loss 2.9306 | train_acc 0.1250 | lr 0.009670 | running_time 0:13:28 | ETA 0:55:14
[INFO] l2p.py:357 > Train | Sample # 9824 | train_loss 3.0696 | train_acc 0.0625 | lr 0.009669 | running_time 0:13:30 | ETA 0:55:15
[INFO] l2p.py:357 > Train | Sample # 9840 | train_loss 3.2889 | train_acc 0.1250 | lr 0.009668 | running_time 0:13:31 | ETA 0:55:12
[INFO] l2p.py:357 > Train | Sample # 9856 | train_loss 2.9448 | train_acc 0.0625 | lr 0.009667 | running_time 0:13:33 | ETA 0:55:12
[INFO] l2p.py:357 > Train | Sample # 9872 | train_loss 3.3764 | train_acc 0.1875 | lr 0.009666 | running_time 0:13:34 | ETA 0:55:11
[INFO] l2p.py:357 > Train | Sample # 9888 | train_loss 3.4461 | train_acc 0.0000 | lr 0.009665 | running_time 0:13:35 | ETA 0:55:08
[INFO] l2p.py:357 > Train | Sample # 9904 | train_loss 3.0695 | train_acc 0.0000 | lr 0.009664 | running_time 0:13:37 | ETA 0:55:07
[INFO] l2p.py:357 > Train | Sample # 9920 | train_loss 3.0318 | train_acc 0.0625 | lr 0.009663 | running_time 0:13:38 | ETA 0:55:08
[INFO] l2p.py:357 > Train | Sample # 9936 | train_loss 3.2572 | train_acc 0.0625 | lr 0.009662 | running_time 0:13:40 | ETA 0:55:06
[INFO] l2p.py:357 > Train | Sample # 9952 | train_loss 3.4988 | train_acc 0.0625 | lr 0.009661 | running_time 0:13:41 | ETA 0:55:05
[INFO] l2p.py:357 > Train | Sample # 9968 | train_loss 2.9989 | train_acc 0.0625 | lr 0.009660 | running_time 0:13:42 | ETA 0:55:02
[INFO] l2p.py:357 > Train | Sample # 9984 | train_loss 3.5026 | train_acc 0.0000 | lr 0.009659 | running_time 0:13:43 | ETA 0:55:00
[INFO] l2p.py:357 > Train | Sample # 10000 | train_loss 3.1924 | train_acc 0.1250 | lr 0.009658 | running_time 0:13:44 | ETA 0:54:59
[INFO] l2p.py:367 > Test | Sample # 10000 | test_loss 5.3349 | test_acc 0.0283 | 
[INFO] l2p.py:514 > Task 0 | Epoch 1/256 | train_loss 3.7306 | train_acc 0.0472 | lr 0.0300
[INFO] l2p.py:514 > Task 0 | Epoch 2/256 | train_loss 3.2885 | train_acc 0.0482 | lr 0.0150
[INFO] l2p.py:514 > Task 0 | Epoch 3/256 | train_loss 3.4080 | train_acc 0.0422 | lr 0.0300
[INFO] l2p.py:514 > Task 0 | Epoch 4/256 | train_loss 3.3470 | train_acc 0.0472 | lr 0.0256
[INFO] l2p.py:514 > Task 0 | Epoch 5/256 | train_loss 3.2780 | train_acc 0.0467 | lr 0.0150
[INFO] l2p.py:514 > Task 0 | Epoch 6/256 | train_loss 3.2097 | train_acc 0.0502 | lr 0.0045
[INFO] l2p.py:514 > Task 0 | Epoch 7/256 | train_loss 3.3704 | train_acc 0.0552 | lr 0.0300
[INFO] l2p.py:514 > Task 0 | Epoch 8/256 | train_loss 3.4108 | train_acc 0.0542 | lr 0.0289
[INFO] l2p.py:514 > Task 0 | Epoch 9/256 | train_loss 3.3609 | train_acc 0.0487 | lr 0.0256
[INFO] l2p.py:514 > Task 0 | Epoch 10/256 | train_loss 3.3072 | train_acc 0.0633 | lr 0.0208
[INFO] l2p.py:514 > Task 0 | Epoch 11/256 | train_loss 3.2708 | train_acc 0.0522 | lr 0.0150
[INFO] l2p.py:514 > Task 0 | Epoch 12/256 | train_loss 3.1986 | train_acc 0.0688 | lr 0.0093
[INFO] l2p.py:514 > Task 0 | Epoch 13/256 | train_loss 3.1821 | train_acc 0.0567 | lr 0.0045
[INFO] l2p.py:514 > Task 0 | Epoch 14/256 | train_loss 3.1696 | train_acc 0.0763 | lr 0.0012
[INFO] l2p.py:514 > Task 0 | Epoch 15/256 | train_loss 3.4545 | train_acc 0.0507 | lr 0.0300
[INFO] l2p.py:514 > Task 0 | Epoch 16/256 | train_loss 3.5093 | train_acc 0.0552 | lr 0.0297
[INFO] l2p.py:514 > Task 0 | Epoch 17/256 | train_loss 3.4655 | train_acc 0.0487 | lr 0.0289
[INFO] l2p.py:514 > Task 0 | Epoch 18/256 | train_loss 3.4732 | train_acc 0.0542 | lr 0.0275
[INFO] l2p.py:514 > Task 0 | Epoch 19/256 | train_loss 3.3806 | train_acc 0.0517 | lr 0.0256
[INFO] l2p.py:514 > Task 0 | Epoch 20/256 | train_loss 3.3539 | train_acc 0.0457 | lr 0.0234
[INFO] l2p.py:514 > Task 0 | Epoch 21/256 | train_loss 3.3164 | train_acc 0.0482 | lr 0.0208
[INFO] l2p.py:514 > Task 0 | Epoch 22/256 | train_loss 3.3058 | train_acc 0.0648 | lr 0.0180
